-------------------------------------------------------------------------------
Test set: net.mooctest.Game_12_Test
-------------------------------------------------------------------------------
Tests run: 6, Failures: 4, Errors: 0, Skipped: 0, Time elapsed: 0 s <<< FAILURE! - in net.mooctest.Game_12_Test
test_429(net.mooctest.Game_12_Test)  Time elapsed: 0 s  <<< FAILURE!
java.lang.AssertionError: Use assertEquals(expected, actual, delta) to compare floating-point numbers
	at net.mooctest.Game_12_Test.test_429(Game_12_Test.java:42)

test_431(net.mooctest.Game_12_Test)  Time elapsed: 0 s  <<< FAILURE!
java.lang.AssertionError: Use assertEquals(expected, actual, delta) to compare floating-point numbers
	at net.mooctest.Game_12_Test.test_431(Game_12_Test.java:47)

test_433(net.mooctest.Game_12_Test)  Time elapsed: 0 s  <<< FAILURE!
java.lang.AssertionError: Use assertEquals(expected, actual, delta) to compare floating-point numbers
	at net.mooctest.Game_12_Test.test_433(Game_12_Test.java:26)

test_437(net.mooctest.Game_12_Test)  Time elapsed: 0 s  <<< FAILURE!
java.lang.AssertionError: Use assertEquals(expected, actual, delta) to compare floating-point numbers
	at net.mooctest.Game_12_Test.test_437(Game_12_Test.java:18)

