-------------------------------------------------------------------------------
Test set: net.mooctest.Game_3_Test
-------------------------------------------------------------------------------
Tests run: 8, Failures: 0, Errors: 8, Skipped: 0, Time elapsed: 0 s <<< FAILURE! - in net.mooctest.Game_3_Test
test_86(net.mooctest.Game_3_Test)  Time elapsed: 0 s  <<< ERROR!
java.awt.HeadlessException: 

No X11 DISPLAY variable was set, but this program performed an operation which requires it.
	at net.mooctest.Game_3_Test.setUp(Game_3_Test.java:34)

test_87(net.mooctest.Game_3_Test)  Time elapsed: 0 s  <<< ERROR!
java.awt.HeadlessException: 

No X11 DISPLAY variable was set, but this program performed an operation which requires it.
	at net.mooctest.Game_3_Test.setUp(Game_3_Test.java:34)

test_90(net.mooctest.Game_3_Test)  Time elapsed: 0 s  <<< ERROR!
java.awt.HeadlessException: 

No X11 DISPLAY variable was set, but this program performed an operation which requires it.
	at net.mooctest.Game_3_Test.setUp(Game_3_Test.java:34)

test_224(net.mooctest.Game_3_Test)  Time elapsed: 0 s  <<< ERROR!
java.awt.HeadlessException: 

No X11 DISPLAY variable was set, but this program performed an operation which requires it.
	at net.mooctest.Game_3_Test.setUp(Game_3_Test.java:34)

test_225(net.mooctest.Game_3_Test)  Time elapsed: 0 s  <<< ERROR!
java.awt.HeadlessException: 

No X11 DISPLAY variable was set, but this program performed an operation which requires it.
	at net.mooctest.Game_3_Test.setUp(Game_3_Test.java:34)

test_226(net.mooctest.Game_3_Test)  Time elapsed: 0 s  <<< ERROR!
java.awt.HeadlessException: 

No X11 DISPLAY variable was set, but this program performed an operation which requires it.
	at net.mooctest.Game_3_Test.setUp(Game_3_Test.java:34)

test_239(net.mooctest.Game_3_Test)  Time elapsed: 0 s  <<< ERROR!
java.awt.HeadlessException: 

No X11 DISPLAY variable was set, but this program performed an operation which requires it.
	at net.mooctest.Game_3_Test.setUp(Game_3_Test.java:34)

test_240(net.mooctest.Game_3_Test)  Time elapsed: 0 s  <<< ERROR!
java.awt.HeadlessException: 

No X11 DISPLAY variable was set, but this program performed an operation which requires it.
	at net.mooctest.Game_3_Test.setUp(Game_3_Test.java:34)

