-------------------------------------------------------------------------------
Test set: net.mooctest.Game_59_Test
-------------------------------------------------------------------------------
Tests run: 1, Failures: 1, Errors: 0, Skipped: 0, Time elapsed: 0 s <<< FAILURE! - in net.mooctest.Game_59_Test
test_233(net.mooctest.Game_59_Test)  Time elapsed: 0 s  <<< FAILURE!
java.lang.AssertionError
	at net.mooctest.Game_59_Test.test_233(Game_59_Test.java:24)

