-------------------------------------------------------------------------------
Test set: net.mooctest.Game_32_Test
-------------------------------------------------------------------------------
Tests run: 1, Failures: 1, Errors: 0, Skipped: 0, Time elapsed: 0.025 s <<< FAILURE! - in net.mooctest.Game_32_Test
test_467(net.mooctest.Game_32_Test)  Time elapsed: 0.025 s  <<< FAILURE!
java.lang.AssertionError
	at net.mooctest.Game_32_Test.test_467(Game_32_Test.java:14)

