-------------------------------------------------------------------------------
Test set: net.mooctest.Game_15_Test
-------------------------------------------------------------------------------
Tests run: 4, Failures: 1, Errors: 2, Skipped: 0, Time elapsed: 0 s <<< FAILURE! - in net.mooctest.Game_15_Test
test_472(net.mooctest.Game_15_Test)  Time elapsed: 0 s  <<< FAILURE!
java.lang.AssertionError
	at net.mooctest.Game_15_Test.test_472(Game_15_Test.java:15)

test_474(net.mooctest.Game_15_Test)  Time elapsed: 0 s  <<< ERROR!
java.lang.NullPointerException
	at net.mooctest.Game_15_Test.test_474(Game_15_Test.java:26)

test_475(net.mooctest.Game_15_Test)  Time elapsed: 0 s  <<< ERROR!
java.lang.NullPointerException
	at net.mooctest.Game_15_Test.test_475(Game_15_Test.java:34)

