-------------------------------------------------------------------------------
Test set: net.mooctest.Game_6_Test
-------------------------------------------------------------------------------
Tests run: 5, Failures: 0, Errors: 4, Skipped: 0, Time elapsed: 0.011 s <<< FAILURE! - in net.mooctest.Game_6_Test
test_135(net.mooctest.Game_6_Test)  Time elapsed: 0 s  <<< ERROR!
java.lang.NullPointerException
	at net.mooctest.Game_6_Test.test_135(Game_6_Test.java:36)

test_137(net.mooctest.Game_6_Test)  Time elapsed: 0 s  <<< ERROR!
java.lang.NullPointerException
	at net.mooctest.Game_6_Test.test_137(Game_6_Test.java:28)

test_138(net.mooctest.Game_6_Test)  Time elapsed: 0 s  <<< ERROR!
java.lang.NullPointerException
	at net.mooctest.Game_6_Test.test_138(Game_6_Test.java:47)

test_139(net.mooctest.Game_6_Test)  Time elapsed: 0.001 s  <<< ERROR!
java.lang.NullPointerException
	at net.mooctest.Game_6_Test.test_139(Game_6_Test.java:43)

