-------------------------------------------------------------------------------
Test set: net.mooctest.Game_39_Test
-------------------------------------------------------------------------------
Tests run: 1, Failures: 1, Errors: 0, Skipped: 0, Time elapsed: 0 s <<< FAILURE! - in net.mooctest.Game_39_Test
test_295(net.mooctest.Game_39_Test)  Time elapsed: 0 s  <<< FAILURE!
java.lang.AssertionError
	at net.mooctest.Game_39_Test.test_295(Game_39_Test.java:24)

