-------------------------------------------------------------------------------
Test set: net.mooctest.Game_29_Test
-------------------------------------------------------------------------------
Tests run: 6, Failures: 1, Errors: 0, Skipped: 0, Time elapsed: 0 s <<< FAILURE! - in net.mooctest.Game_29_Test
test_337(net.mooctest.Game_29_Test)  Time elapsed: 0 s  <<< FAILURE!
java.lang.AssertionError: expected:<java.awt.Point[x=100,y=200]> but was:<java.awt.Point[x=0,y=0]>
	at net.mooctest.Game_29_Test.test_337(Game_29_Test.java:26)

