-------------------------------------------------------------------------------
Test set: net.mooctest.Game_48_Test
-------------------------------------------------------------------------------
Tests run: 1, Failures: 1, Errors: 0, Skipped: 0, Time elapsed: 0 s <<< FAILURE! - in net.mooctest.Game_48_Test
test_282(net.mooctest.Game_48_Test)  Time elapsed: 0 s  <<< FAILURE!
java.lang.AssertionError
	at net.mooctest.Game_48_Test.test_282(Game_48_Test.java:13)

