-------------------------------------------------------------------------------
Test set: net.mooctest.Game_8_Test
-------------------------------------------------------------------------------
Tests run: 6, Failures: 0, Errors: 6, Skipped: 0, Time elapsed: 0 s <<< FAILURE! - in net.mooctest.Game_8_Test
test_416(net.mooctest.Game_8_Test)  Time elapsed: 0 s  <<< ERROR!
java.lang.UnsupportedOperationException: Not yet implemented.
	at net.mooctest.Game_8_Test.setUp(Game_8_Test.java:12)

test_417(net.mooctest.Game_8_Test)  Time elapsed: 0 s  <<< ERROR!
java.lang.UnsupportedOperationException: Not yet implemented.
	at net.mooctest.Game_8_Test.setUp(Game_8_Test.java:12)

test_419(net.mooctest.Game_8_Test)  Time elapsed: 0 s  <<< ERROR!
java.lang.UnsupportedOperationException: Not yet implemented.
	at net.mooctest.Game_8_Test.setUp(Game_8_Test.java:12)

test_420(net.mooctest.Game_8_Test)  Time elapsed: 0 s  <<< ERROR!
java.lang.UnsupportedOperationException: Not yet implemented.
	at net.mooctest.Game_8_Test.setUp(Game_8_Test.java:12)

test_421(net.mooctest.Game_8_Test)  Time elapsed: 0 s  <<< ERROR!
java.lang.UnsupportedOperationException: Not yet implemented.
	at net.mooctest.Game_8_Test.setUp(Game_8_Test.java:12)

test_422(net.mooctest.Game_8_Test)  Time elapsed: 0 s  <<< ERROR!
java.lang.UnsupportedOperationException: Not yet implemented.
	at net.mooctest.Game_8_Test.setUp(Game_8_Test.java:12)

