-------------------------------------------------------------------------------
Test set: net.mooctest.Game_9_Test
-------------------------------------------------------------------------------
Tests run: 6, Failures: 1, Errors: 0, Skipped: 0, Time elapsed: 0.013 s <<< FAILURE! - in net.mooctest.Game_9_Test
test_78(net.mooctest.Game_9_Test)  Time elapsed: 0.013 s  <<< FAILURE!
java.lang.AssertionError: expected:<java.awt.Point[x=100,y=200]> but was:<java.awt.Point[x=0,y=0]>
	at net.mooctest.Game_9_Test.test_78(Game_9_Test.java:48)

