-------------------------------------------------------------------------------
Test set: net.mooctest.Game_22_Test
-------------------------------------------------------------------------------
Tests run: 3, Failures: 1, Errors: 1, Skipped: 0, Time elapsed: 0 s <<< FAILURE! - in net.mooctest.Game_22_Test
test_594(net.mooctest.Game_22_Test)  Time elapsed: 0 s  <<< FAILURE!
java.lang.AssertionError
	at net.mooctest.Game_22_Test.test_594(Game_22_Test.java:23)

test_596(net.mooctest.Game_22_Test)  Time elapsed: 0 s  <<< ERROR!
java.lang.NullPointerException
	at net.mooctest.Game_22_Test.test_596(Game_22_Test.java:17)

