-------------------------------------------------------------------------------
Test set: net.mooctest.Game_9_Test
-------------------------------------------------------------------------------
Tests run: 1, Failures: 0, Errors: 1, Skipped: 0, Time elapsed: 0.001 s <<< FAILURE! - in net.mooctest.Game_9_Test
test_221(net.mooctest.Game_9_Test)  Time elapsed: 0 s  <<< ERROR!
java.awt.HeadlessException: 

No X11 DISPLAY variable was set, but this program performed an operation which requires it.
	at net.mooctest.Game_9_Test.test_221(Game_9_Test.java:15)

