-------------------------------------------------------------------------------
Test set: net.mooctest.Game_39_Test
-------------------------------------------------------------------------------
Tests run: 4, Failures: 0, Errors: 4, Skipped: 0, Time elapsed: 0 s <<< FAILURE! - in net.mooctest.Game_39_Test
test_405(net.mooctest.Game_39_Test)  Time elapsed: 0 s  <<< ERROR!
java.awt.HeadlessException: 

No X11 DISPLAY variable was set, but this program performed an operation which requires it.
	at net.mooctest.Game_39_Test.setUp(Game_39_Test.java:18)

test_408(net.mooctest.Game_39_Test)  Time elapsed: 0 s  <<< ERROR!
java.awt.HeadlessException: 

No X11 DISPLAY variable was set, but this program performed an operation which requires it.
	at net.mooctest.Game_39_Test.setUp(Game_39_Test.java:18)

test_409(net.mooctest.Game_39_Test)  Time elapsed: 0 s  <<< ERROR!
java.awt.HeadlessException: 

No X11 DISPLAY variable was set, but this program performed an operation which requires it.
	at net.mooctest.Game_39_Test.setUp(Game_39_Test.java:18)

test_410(net.mooctest.Game_39_Test)  Time elapsed: 0 s  <<< ERROR!
java.awt.HeadlessException: 

No X11 DISPLAY variable was set, but this program performed an operation which requires it.
	at net.mooctest.Game_39_Test.setUp(Game_39_Test.java:18)

