-------------------------------------------------------------------------------
Test set: net.mooctest.Game_45_Test
-------------------------------------------------------------------------------
Tests run: 1, Failures: 1, Errors: 0, Skipped: 0, Time elapsed: 0 s <<< FAILURE! - in net.mooctest.Game_45_Test
test_41(net.mooctest.Game_45_Test)  Time elapsed: 0 s  <<< FAILURE!
java.lang.AssertionError: expected:<java.awt.Point[x=10,y=20]> but was:<java.awt.Point[x=0,y=0]>
	at net.mooctest.Game_45_Test.test_41(Game_45_Test.java:15)

