-------------------------------------------------------------------------------
Test set: net.mooctest.Game_0_Test
-------------------------------------------------------------------------------
Tests run: 1, Failures: 0, Errors: 1, Skipped: 0, Time elapsed: 0.004 s <<< FAILURE! - in net.mooctest.Game_0_Test
net.mooctest.Game_0_Test  Time elapsed: 0.004 s  <<< ERROR!
java.awt.HeadlessException: 

No X11 DISPLAY variable was set, but this program performed an operation which requires it.
	at net.mooctest.Game_0_Test.init(Game_0_Test.java:25)

