-------------------------------------------------------------------------------
Test set: net.mooctest.Game_36_Test
-------------------------------------------------------------------------------
Tests run: 4, Failures: 0, Errors: 4, Skipped: 0, Time elapsed: 0 s <<< FAILURE! - in net.mooctest.Game_36_Test
test_390(net.mooctest.Game_36_Test)  Time elapsed: 0 s  <<< ERROR!
java.awt.HeadlessException: 

No X11 DISPLAY variable was set, but this program performed an operation which requires it.
	at net.mooctest.Game_36_Test.setUp(Game_36_Test.java:15)

test_391(net.mooctest.Game_36_Test)  Time elapsed: 0 s  <<< ERROR!
java.awt.HeadlessException: 

No X11 DISPLAY variable was set, but this program performed an operation which requires it.
	at net.mooctest.Game_36_Test.setUp(Game_36_Test.java:15)

test_392(net.mooctest.Game_36_Test)  Time elapsed: 0 s  <<< ERROR!
java.awt.HeadlessException: 

No X11 DISPLAY variable was set, but this program performed an operation which requires it.
	at net.mooctest.Game_36_Test.setUp(Game_36_Test.java:15)

test_393(net.mooctest.Game_36_Test)  Time elapsed: 0 s  <<< ERROR!
java.awt.HeadlessException: 

No X11 DISPLAY variable was set, but this program performed an operation which requires it.
	at net.mooctest.Game_36_Test.setUp(Game_36_Test.java:15)

