-------------------------------------------------------------------------------
Test set: net.mooctest.Game_68_Test
-------------------------------------------------------------------------------
Tests run: 1, Failures: 0, Errors: 1, Skipped: 0, Time elapsed: 0 s <<< FAILURE! - in net.mooctest.Game_68_Test
test_44(net.mooctest.Game_68_Test)  Time elapsed: 0 s  <<< ERROR!
java.lang.ArrayIndexOutOfBoundsException: -1
	at net.mooctest.Game_68_Test.test_44(Game_68_Test.java:14)

