-------------------------------------------------------------------------------
Test set: net.mooctest.Game_41_Test
-------------------------------------------------------------------------------
Tests run: 1, Failures: 1, Errors: 0, Skipped: 0, Time elapsed: 0.012 s <<< FAILURE! - in net.mooctest.Game_41_Test
test_590(net.mooctest.Game_41_Test)  Time elapsed: 0.012 s  <<< FAILURE!
java.lang.AssertionError
	at net.mooctest.Game_41_Test.test_590(Game_41_Test.java:14)

