-------------------------------------------------------------------------------
Test set: net.mooctest.Game_10_Test
-------------------------------------------------------------------------------
Tests run: 6, Failures: 0, Errors: 5, Skipped: 0, Time elapsed: 0.009 s <<< FAILURE! - in net.mooctest.Game_10_Test
test_197(net.mooctest.Game_10_Test)  Time elapsed: 0 s  <<< ERROR!
java.lang.NullPointerException
	at net.mooctest.Game_10_Test.test_197(Game_10_Test.java:28)

test_198(net.mooctest.Game_10_Test)  Time elapsed: 0 s  <<< ERROR!
java.lang.NullPointerException
	at net.mooctest.Game_10_Test.test_198(Game_10_Test.java:36)

test_199(net.mooctest.Game_10_Test)  Time elapsed: 0 s  <<< ERROR!
java.lang.NullPointerException
	at net.mooctest.Game_10_Test.test_199(Game_10_Test.java:44)

test_200(net.mooctest.Game_10_Test)  Time elapsed: 0 s  <<< ERROR!
java.lang.NullPointerException
	at net.mooctest.Game_10_Test.test_200(Game_10_Test.java:59)

test_201(net.mooctest.Game_10_Test)  Time elapsed: 0 s  <<< ERROR!
java.lang.NullPointerException
	at net.mooctest.Game_10_Test.test_201(Game_10_Test.java:55)

