-------------------------------------------------------------------------------
Test set: net.mooctest.Game_10_Test
-------------------------------------------------------------------------------
Tests run: 7, Failures: 0, Errors: 7, Skipped: 0, Time elapsed: 0 s <<< FAILURE! - in net.mooctest.Game_10_Test
test_293(net.mooctest.Game_10_Test)  Time elapsed: 0 s  <<< ERROR!
java.awt.HeadlessException: 

No X11 DISPLAY variable was set, but this program performed an operation which requires it.
	at net.mooctest.Game_10_Test.setUp(Game_10_Test.java:13)

test_294(net.mooctest.Game_10_Test)  Time elapsed: 0 s  <<< ERROR!
java.awt.HeadlessException: 

No X11 DISPLAY variable was set, but this program performed an operation which requires it.
	at net.mooctest.Game_10_Test.setUp(Game_10_Test.java:13)

test_295(net.mooctest.Game_10_Test)  Time elapsed: 0 s  <<< ERROR!
java.awt.HeadlessException: 

No X11 DISPLAY variable was set, but this program performed an operation which requires it.
	at net.mooctest.Game_10_Test.setUp(Game_10_Test.java:13)

test_296(net.mooctest.Game_10_Test)  Time elapsed: 0 s  <<< ERROR!
java.awt.HeadlessException: 

No X11 DISPLAY variable was set, but this program performed an operation which requires it.
	at net.mooctest.Game_10_Test.setUp(Game_10_Test.java:13)

test_297(net.mooctest.Game_10_Test)  Time elapsed: 0 s  <<< ERROR!
java.awt.HeadlessException: 

No X11 DISPLAY variable was set, but this program performed an operation which requires it.
	at net.mooctest.Game_10_Test.setUp(Game_10_Test.java:13)

test_298(net.mooctest.Game_10_Test)  Time elapsed: 0 s  <<< ERROR!
java.awt.HeadlessException: 

No X11 DISPLAY variable was set, but this program performed an operation which requires it.
	at net.mooctest.Game_10_Test.setUp(Game_10_Test.java:13)

test_299(net.mooctest.Game_10_Test)  Time elapsed: 0 s  <<< ERROR!
java.awt.HeadlessException: 

No X11 DISPLAY variable was set, but this program performed an operation which requires it.
	at net.mooctest.Game_10_Test.setUp(Game_10_Test.java:13)

