-------------------------------------------------------------------------------
Test set: net.mooctest.Game_41_Test
-------------------------------------------------------------------------------
Tests run: 1, Failures: 0, Errors: 1, Skipped: 0, Time elapsed: 0.008 s <<< FAILURE! - in net.mooctest.Game_41_Test
test_374(net.mooctest.Game_41_Test)  Time elapsed: 0.008 s  <<< ERROR!
java.awt.HeadlessException: 

No X11 DISPLAY variable was set, but this program performed an operation which requires it.
	at net.mooctest.Game_41_Test.setup(Game_41_Test.java:11)

