<?xml version="1.0" encoding="UTF-8"?>
<testsuite xmlns:xsi="http://www.w3.org/2001/XMLSchema-instance" xsi:noNamespaceSchemaLocation="https://maven.apache.org/surefire/maven-surefire-plugin/xsd/surefire-test-report.xsd" name="net.mooctest.Game_24_Test" time="0" tests="1" errors="1" skipped="0" failures="0">
  <properties>
[...]
</properties>
  <testcase name="test_81" classname="net.mooctest.Game_24_Test" time="0">
    <error message="&#10;No X11 DISPLAY variable was set, but this program performed an operation which requires it." type="java.awt.HeadlessException">java.awt.HeadlessException: 

No X11 DISPLAY variable was set, but this program performed an operation which requires it.
	at net.mooctest.Game_24_Test.setup(Game_24_Test.java:12)
</error>
  </testcase>
</testsuite>