<?xml version="1.0" encoding="UTF-8"?>
<testsuite xmlns:xsi="http://www.w3.org/2001/XMLSchema-instance" xsi:noNamespaceSchemaLocation="https://maven.apache.org/surefire/maven-surefire-plugin/xsd/surefire-test-report.xsd" name="net.mooctest.AStar_sub_10_0_Test" time="1.853" tests="138" errors="9" skipped="0" failures="2">
  <properties>
[...]
</properties>
  <testcase name="test_1160" classname="net.mooctest.AStar_sub_10_0_Test" time="0"/>
  <testcase name="test_1224" classname="net.mooctest.AStar_sub_10_0_Test" time="0"/>
  <testcase name="test_1398" classname="net.mooctest.AStar_sub_10_0_Test" time="0"/>
  <testcase name="test_1552" classname="net.mooctest.AStar_sub_10_0_Test" time="0"/>
  <testcase name="test_1891" classname="net.mooctest.AStar_sub_10_0_Test" time="0"/>
  <testcase name="test_1892" classname="net.mooctest.AStar_sub_10_0_Test" time="0"/>
  <testcase name="test_1893" classname="net.mooctest.AStar_sub_10_0_Test" time="0"/>
  <testcase name="test_1894" classname="net.mooctest.AStar_sub_10_0_Test" time="0"/>
  <testcase name="test_1928" classname="net.mooctest.AStar_sub_10_0_Test" time="0"/>
  <testcase name="test_2025" classname="net.mooctest.AStar_sub_10_0_Test" time="0"/>
  <testcase name="test_2027" classname="net.mooctest.AStar_sub_10_0_Test" time="0"/>
  <testcase name="test_2028" classname="net.mooctest.AStar_sub_10_0_Test" time="0"/>
  <testcase name="test_2029" classname="net.mooctest.AStar_sub_10_0_Test" time="0"/>
  <testcase name="test_2037" classname="net.mooctest.AStar_sub_10_0_Test" time="0"/>
  <testcase name="test_2040" classname="net.mooctest.AStar_sub_10_0_Test" time="0"/>
  <testcase name="test_2044" classname="net.mooctest.AStar_sub_10_0_Test" time="0"/>
  <testcase name="test_2049" classname="net.mooctest.AStar_sub_10_0_Test" time="0">
    <failure message="expected:&lt;605802560&gt; but was:&lt;1343867840&gt;" type="java.lang.AssertionError"><![CDATA[java.lang.AssertionError: expected:<605802560> but was:<1343867840>
	at net.mooctest.AStar_sub_10_0_Test.test_2049(AStar_sub_10_0_Test.java:698)
]]></failure>
  </testcase>
  <testcase name="test_2126" classname="net.mooctest.AStar_sub_10_0_Test" time="0">
    <error message="[I cannot be cast to net.mooctest.Graph$Edge" type="java.lang.ClassCastException">java.lang.ClassCastException: [I cannot be cast to net.mooctest.Graph$Edge
	at net.mooctest.AStar_sub_10_0_Test.test_2126(AStar_sub_10_0_Test.java:750)
</error>
  </testcase>
  <testcase name="test_2129" classname="net.mooctest.AStar_sub_10_0_Test" time="0"/>
  <testcase name="test_2180" classname="net.mooctest.AStar_sub_10_0_Test" time="0"/>
  <testcase name="test_2414" classname="net.mooctest.AStar_sub_10_0_Test" time="0"/>
  <testcase name="test_2905" classname="net.mooctest.AStar_sub_10_0_Test" time="0"/>
  <testcase name="test_3326" classname="net.mooctest.AStar_sub_10_0_Test" time="0"/>
  <testcase name="test_3632" classname="net.mooctest.AStar_sub_10_0_Test" time="0"/>
  <testcase name="test_4380" classname="net.mooctest.AStar_sub_10_0_Test" time="0"/>
  <testcase name="test_5490" classname="net.mooctest.AStar_sub_10_0_Test" time="0"/>
  <testcase name="test_5492" classname="net.mooctest.AStar_sub_10_0_Test" time="0"/>
  <testcase name="test_5493" classname="net.mooctest.AStar_sub_10_0_Test" time="0"/>
  <testcase name="test_5499" classname="net.mooctest.AStar_sub_10_0_Test" time="0.001"/>
  <testcase name="test_5597" classname="net.mooctest.AStar_sub_10_0_Test" time="0"/>
  <testcase name="test_5598" classname="net.mooctest.AStar_sub_10_0_Test" time="0.001"/>
  <testcase name="test_5732" classname="net.mooctest.AStar_sub_10_0_Test" time="0"/>
  <testcase name="test_5873" classname="net.mooctest.AStar_sub_10_0_Test" time="0"/>
  <testcase name="test_5875" classname="net.mooctest.AStar_sub_10_0_Test" time="0.002"/>
  <testcase name="test_5884" classname="net.mooctest.AStar_sub_10_0_Test" time="1.833"/>
  <testcase name="test_5886" classname="net.mooctest.AStar_sub_10_0_Test" time="0.002"/>
  <testcase name="test_5988" classname="net.mooctest.AStar_sub_10_0_Test" time="0"/>
  <testcase name="test_6220" classname="net.mooctest.AStar_sub_10_0_Test" time="0"/>
  <testcase name="test_6222" classname="net.mooctest.AStar_sub_10_0_Test" time="0"/>
  <testcase name="test_6263" classname="net.mooctest.AStar_sub_10_0_Test" time="0"/>
  <testcase name="test_6402" classname="net.mooctest.AStar_sub_10_0_Test" time="0.001"/>
  <testcase name="test_6464" classname="net.mooctest.AStar_sub_10_0_Test" time="0"/>
  <testcase name="test_6498" classname="net.mooctest.AStar_sub_10_0_Test" time="0"/>
  <testcase name="test_6546" classname="net.mooctest.AStar_sub_10_0_Test" time="0"/>
  <testcase name="test_6631" classname="net.mooctest.AStar_sub_10_0_Test" time="0"/>
  <testcase name="test_6632" classname="net.mooctest.AStar_sub_10_0_Test" time="0.001"/>
  <testcase name="test_6662" classname="net.mooctest.AStar_sub_10_0_Test" time="0"/>
  <testcase name="test_6666" classname="net.mooctest.AStar_sub_10_0_Test" time="0"/>
  <testcase name="test_6770" classname="net.mooctest.AStar_sub_10_0_Test" time="0"/>
  <testcase name="test_6847" classname="net.mooctest.AStar_sub_10_0_Test" time="0"/>
  <testcase name="test_6866" classname="net.mooctest.AStar_sub_10_0_Test" time="0.001"/>
  <testcase name="test_6878" classname="net.mooctest.AStar_sub_10_0_Test" time="0"/>
  <testcase name="test_6920" classname="net.mooctest.AStar_sub_10_0_Test" time="0"/>
  <testcase name="test_6921" classname="net.mooctest.AStar_sub_10_0_Test" time="0"/>
  <testcase name="test_6922" classname="net.mooctest.AStar_sub_10_0_Test" time="0"/>
  <testcase name="test_6927" classname="net.mooctest.AStar_sub_10_0_Test" time="0"/>
  <testcase name="test_6928" classname="net.mooctest.AStar_sub_10_0_Test" time="0.001"/>
  <testcase name="test_6930" classname="net.mooctest.AStar_sub_10_0_Test" time="0"/>
  <testcase name="test_6953" classname="net.mooctest.AStar_sub_10_0_Test" time="0"/>
  <testcase name="test_6963" classname="net.mooctest.AStar_sub_10_0_Test" time="0"/>
  <testcase name="test_6966" classname="net.mooctest.AStar_sub_10_0_Test" time="0"/>
  <testcase name="test_6967" classname="net.mooctest.AStar_sub_10_0_Test" time="0"/>
  <testcase name="test_6968" classname="net.mooctest.AStar_sub_10_0_Test" time="0"/>
  <testcase name="test_7052" classname="net.mooctest.AStar_sub_10_0_Test" time="0.001"/>
  <testcase name="test_7053" classname="net.mooctest.AStar_sub_10_0_Test" time="0">
    <failure message="expected:&lt;-389161294&gt; but was:&lt;-1690120358&gt;" type="java.lang.AssertionError"><![CDATA[java.lang.AssertionError: expected:<-389161294> but was:<-1690120358>
	at net.mooctest.AStar_sub_10_0_Test.test_7053(AStar_sub_10_0_Test.java:761)
]]></failure>
  </testcase>
  <testcase name="test_7070" classname="net.mooctest.AStar_sub_10_0_Test" time="0">
    <error type="java.lang.NullPointerException">java.lang.NullPointerException
	at net.mooctest.AStar_sub_10_0_Test.test_7070(AStar_sub_10_0_Test.java:2207)
</error>
  </testcase>
  <testcase name="test_7112" classname="net.mooctest.AStar_sub_10_0_Test" time="0"/>
  <testcase name="test_7331" classname="net.mooctest.AStar_sub_10_0_Test" time="0"/>
  <testcase name="test_7332" classname="net.mooctest.AStar_sub_10_0_Test" time="0">
    <error type="java.lang.NullPointerException">java.lang.NullPointerException
	at net.mooctest.AStar_sub_10_0_Test.test_7332(AStar_sub_10_0_Test.java:1911)
</error>
  </testcase>
  <testcase name="test_7401" classname="net.mooctest.AStar_sub_10_0_Test" time="0"/>
  <testcase name="test_7405" classname="net.mooctest.AStar_sub_10_0_Test" time="0"/>
  <testcase name="test_7552" classname="net.mooctest.AStar_sub_10_0_Test" time="0.001"/>
  <testcase name="test_7554" classname="net.mooctest.AStar_sub_10_0_Test" time="0"/>
  <testcase name="test_7704" classname="net.mooctest.AStar_sub_10_0_Test" time="0"/>
  <testcase name="test_7755" classname="net.mooctest.AStar_sub_10_0_Test" time="0"/>
  <testcase name="test_7756" classname="net.mooctest.AStar_sub_10_0_Test" time="0"/>
  <testcase name="test_7758" classname="net.mooctest.AStar_sub_10_0_Test" time="0"/>
  <testcase name="test_7767" classname="net.mooctest.AStar_sub_10_0_Test" time="0"/>
  <testcase name="test_7797" classname="net.mooctest.AStar_sub_10_0_Test" time="0"/>
  <testcase name="test_8021" classname="net.mooctest.AStar_sub_10_0_Test" time="0"/>
  <testcase name="test_8022" classname="net.mooctest.AStar_sub_10_0_Test" time="0">
    <error message="vertex cannot be NULL." type="java.lang.NullPointerException">java.lang.NullPointerException: vertex cannot be NULL.
	at net.mooctest.AStar_sub_10_0_Test.test_8022(AStar_sub_10_0_Test.java:2327)
</error>
  </testcase>
  <testcase name="test_8024" classname="net.mooctest.AStar_sub_10_0_Test" time="0"/>
  <testcase name="test_8053" classname="net.mooctest.AStar_sub_10_0_Test" time="0"/>
  <testcase name="test_8064" classname="net.mooctest.AStar_sub_10_0_Test" time="0"/>
  <testcase name="test_8128" classname="net.mooctest.AStar_sub_10_0_Test" time="0"/>
  <testcase name="test_8182" classname="net.mooctest.AStar_sub_10_0_Test" time="0"/>
  <testcase name="test_8215" classname="net.mooctest.AStar_sub_10_0_Test" time="0"/>
  <testcase name="test_8236" classname="net.mooctest.AStar_sub_10_0_Test" time="0"/>
  <testcase name="test_8312" classname="net.mooctest.AStar_sub_10_0_Test" time="0"/>
  <testcase name="test_8335" classname="net.mooctest.AStar_sub_10_0_Test" time="0">
    <error type="java.lang.NullPointerException">java.lang.NullPointerException
	at net.mooctest.AStar_sub_10_0_Test.test_8335(AStar_sub_10_0_Test.java:1816)
</error>
  </testcase>
  <testcase name="test_8482" classname="net.mooctest.AStar_sub_10_0_Test" time="0"/>
  <testcase name="test_8601" classname="net.mooctest.AStar_sub_10_0_Test" time="0.001"/>
  <testcase name="test_8617" classname="net.mooctest.AStar_sub_10_0_Test" time="0"/>
  <testcase name="test_8859" classname="net.mooctest.AStar_sub_10_0_Test" time="0"/>
  <testcase name="test_9017" classname="net.mooctest.AStar_sub_10_0_Test" time="0"/>
  <testcase name="test_9019" classname="net.mooctest.AStar_sub_10_0_Test" time="0"/>
  <testcase name="test_9020" classname="net.mooctest.AStar_sub_10_0_Test" time="0"/>
  <testcase name="test_119" classname="net.mooctest.AStar_sub_10_0_Test" time="0.001">
    <error type="java.lang.NullPointerException">java.lang.NullPointerException
	at net.mooctest.AStar_sub_10_0_Test.test_119(AStar_sub_10_0_Test.java:1409)
</error>
  </testcase>
  <testcase name="test_121" classname="net.mooctest.AStar_sub_10_0_Test" time="0">
    <error type="java.lang.NullPointerException">java.lang.NullPointerException
	at net.mooctest.AStar_sub_10_0_Test.test_121(AStar_sub_10_0_Test.java:2799)
</error>
  </testcase>
  <testcase name="test_123" classname="net.mooctest.AStar_sub_10_0_Test" time="0"/>
  <testcase name="test_124" classname="net.mooctest.AStar_sub_10_0_Test" time="0"/>
  <testcase name="test_126" classname="net.mooctest.AStar_sub_10_0_Test" time="0"/>
  <testcase name="test_127" classname="net.mooctest.AStar_sub_10_0_Test" time="0"/>
  <testcase name="test_128" classname="net.mooctest.AStar_sub_10_0_Test" time="0"/>
  <testcase name="test_129" classname="net.mooctest.AStar_sub_10_0_Test" time="0"/>
  <testcase name="test_133" classname="net.mooctest.AStar_sub_10_0_Test" time="0">
    <error type="java.lang.NullPointerException">java.lang.NullPointerException
	at net.mooctest.AStar_sub_10_0_Test.test_133(AStar_sub_10_0_Test.java:496)
</error>
  </testcase>
  <testcase name="test_134" classname="net.mooctest.AStar_sub_10_0_Test" time="0"/>
  <testcase name="test_135" classname="net.mooctest.AStar_sub_10_0_Test" time="0"/>
  <testcase name="test_137" classname="net.mooctest.AStar_sub_10_0_Test" time="0"/>
  <testcase name="test_139" classname="net.mooctest.AStar_sub_10_0_Test" time="0"/>
  <testcase name="test_142" classname="net.mooctest.AStar_sub_10_0_Test" time="0"/>
  <testcase name="test_146" classname="net.mooctest.AStar_sub_10_0_Test" time="0"/>
  <testcase name="test_155" classname="net.mooctest.AStar_sub_10_0_Test" time="0">
    <error message="Both &apos;to&apos; and &apos;from&apos; vertices need to be non-NULL." type="java.lang.NullPointerException">java.lang.NullPointerException: Both 'to' and 'from' vertices need to be non-NULL.
	at net.mooctest.AStar_sub_10_0_Test.test_155(AStar_sub_10_0_Test.java:2505)
</error>
  </testcase>
  <testcase name="test_160" classname="net.mooctest.AStar_sub_10_0_Test" time="0"/>
  <testcase name="test_161" classname="net.mooctest.AStar_sub_10_0_Test" time="0"/>
  <testcase name="test_164" classname="net.mooctest.AStar_sub_10_0_Test" time="0"/>
  <testcase name="test_254" classname="net.mooctest.AStar_sub_10_0_Test" time="0"/>
  <testcase name="test_255" classname="net.mooctest.AStar_sub_10_0_Test" time="0"/>
  <testcase name="test_260" classname="net.mooctest.AStar_sub_10_0_Test" time="0"/>
  <testcase name="test_263" classname="net.mooctest.AStar_sub_10_0_Test" time="0"/>
  <testcase name="test_264" classname="net.mooctest.AStar_sub_10_0_Test" time="0"/>
  <testcase name="test_265" classname="net.mooctest.AStar_sub_10_0_Test" time="0"/>
  <testcase name="test_269" classname="net.mooctest.AStar_sub_10_0_Test" time="0"/>
  <testcase name="test_272" classname="net.mooctest.AStar_sub_10_0_Test" time="0"/>
  <testcase name="test_284" classname="net.mooctest.AStar_sub_10_0_Test" time="0"/>
  <testcase name="test_288" classname="net.mooctest.AStar_sub_10_0_Test" time="0"/>
  <testcase name="test_291" classname="net.mooctest.AStar_sub_10_0_Test" time="0"/>
  <testcase name="test_295" classname="net.mooctest.AStar_sub_10_0_Test" time="0"/>
  <testcase name="test_308" classname="net.mooctest.AStar_sub_10_0_Test" time="0"/>
  <testcase name="test_326" classname="net.mooctest.AStar_sub_10_0_Test" time="0"/>
  <testcase name="test_350" classname="net.mooctest.AStar_sub_10_0_Test" time="0"/>
  <testcase name="test_360" classname="net.mooctest.AStar_sub_10_0_Test" time="0"/>
  <testcase name="test_384" classname="net.mooctest.AStar_sub_10_0_Test" time="0"/>
  <testcase name="test_404" classname="net.mooctest.AStar_sub_10_0_Test" time="0"/>
  <testcase name="test_500" classname="net.mooctest.AStar_sub_10_0_Test" time="0"/>
  <testcase name="test_754" classname="net.mooctest.AStar_sub_10_0_Test" time="0.001"/>
  <testcase name="test_822" classname="net.mooctest.AStar_sub_10_0_Test" time="0"/>
  <testcase name="test_0" classname="net.mooctest.AStar_sub_10_0_Test" time="0"/>
</testsuite>