-------------------------------------------------------------------------------
Test set: net.mooctest.Cli_13_Test
-------------------------------------------------------------------------------
Tests run: 4, Failures: 2, Errors: 0, Skipped: 0, Time elapsed: 0 s <<< FAILURE! - in net.mooctest.Cli_13_Test
test_218(net.mooctest.Cli_13_Test)  Time elapsed: 0 s  <<< FAILURE!
java.lang.AssertionError
	at net.mooctest.Cli_13_Test.test_218(Cli_13_Test.java:27)

test_219(net.mooctest.Cli_13_Test)  Time elapsed: 0 s  <<< FAILURE!
java.lang.AssertionError
	at net.mooctest.Cli_13_Test.test_219(Cli_13_Test.java:52)

