-------------------------------------------------------------------------------
Test set: net.mooctest.Cli_0_Test
-------------------------------------------------------------------------------
Tests run: 5, Failures: 1, Errors: 1, Skipped: 0, Time elapsed: 0.004 s <<< FAILURE! - in net.mooctest.Cli_0_Test
test_230(net.mooctest.Cli_0_Test)  Time elapsed: 0.003 s  <<< FAILURE!
java.lang.AssertionError: array lengths differed, expected.length=6 actual.length=7
	at net.mooctest.Cli_0_Test.test_230(Cli_0_Test.java:50)

test_500(net.mooctest.Cli_0_Test)  Time elapsed: 0 s  <<< ERROR!
java.lang.IllegalArgumentException: NO_ARGS_ALLOWED
	at net.mooctest.Cli_0_Test.test_500(Cli_0_Test.java:71)

