-------------------------------------------------------------------------------
Test set: net.mooctest.Cli_2_Test
-------------------------------------------------------------------------------
Tests run: 1, Failures: 1, Errors: 0, Skipped: 0, Time elapsed: 0.039 s <<< FAILURE! - in net.mooctest.Cli_2_Test
test_182(net.mooctest.Cli_2_Test)  Time elapsed: 0.007 s  <<< FAILURE!
java.lang.AssertionError
	at net.mooctest.Cli_2_Test.test_182(Cli_2_Test.java:24)

