-------------------------------------------------------------------------------
Test set: net.mooctest.Cli_9_Test
-------------------------------------------------------------------------------
Tests run: 2, Failures: 1, Errors: 0, Skipped: 0, Time elapsed: 0 s <<< FAILURE! - in net.mooctest.Cli_9_Test
test_37(net.mooctest.Cli_9_Test)  Time elapsed: 0 s  <<< FAILURE!
java.lang.AssertionError: Expected AmbiguousOptionException to be thrown
	at net.mooctest.Cli_9_Test.test_37(Cli_9_Test.java:34)

