-------------------------------------------------------------------------------
Test set: net.mooctest.Cli_5_Test
-------------------------------------------------------------------------------
Tests run: 7, Failures: 3, Errors: 0, Skipped: 0, Time elapsed: 0 s <<< FAILURE! - in net.mooctest.Cli_5_Test
test_80(net.mooctest.Cli_5_Test)  Time elapsed: 0 s  <<< FAILURE!
java.lang.AssertionError: expected:<[arg1, arg2]> but was:<[]>
	at net.mooctest.Cli_5_Test.test_80(Cli_5_Test.java:34)

test_82(net.mooctest.Cli_5_Test)  Time elapsed: 0 s  <<< FAILURE!
java.lang.AssertionError: array lengths differed, expected.length=2 actual.length=0
	at net.mooctest.Cli_5_Test.test_82(Cli_5_Test.java:24)

test_84(net.mooctest.Cli_5_Test)  Time elapsed: 0 s  <<< FAILURE!
java.lang.AssertionError
	at net.mooctest.Cli_5_Test.test_84(Cli_5_Test.java:43)

