<?xml version="1.0" encoding="UTF-8"?>
<testsuite xmlns:xsi="http://www.w3.org/2001/XMLSchema-instance" xsi:noNamespaceSchemaLocation="https://maven.apache.org/surefire/maven-surefire-plugin/xsd/surefire-test-report.xsd" name="net.mooctest.Cli_12_Test" time="0.006" tests="7" errors="0" skipped="0" failures="2">
  <properties>
[...]
</properties>
  <testcase name="test_179" classname="net.mooctest.Cli_12_Test" time="0.001"/>
  <testcase name="test_181" classname="net.mooctest.Cli_12_Test" time="0"/>
  <testcase name="test_182" classname="net.mooctest.Cli_12_Test" time="0.001">
    <failure type="java.lang.AssertionError">java.lang.AssertionError
	at net.mooctest.Cli_12_Test.test_182(Cli_12_Test.java:35)
</failure>
  </testcase>
  <testcase name="test_183" classname="net.mooctest.Cli_12_Test" time="0.001"/>
  <testcase name="test_184" classname="net.mooctest.Cli_12_Test" time="0.002"/>
  <testcase name="test_187" classname="net.mooctest.Cli_12_Test" time="0">
    <failure type="java.lang.AssertionError">java.lang.AssertionError
	at net.mooctest.Cli_12_Test.test_187(Cli_12_Test.java:57)
</failure>
  </testcase>
  <testcase name="test_196" classname="net.mooctest.Cli_12_Test" time="0.001"/>
</testsuite>