<?xml version="1.0" encoding="UTF-8"?>
<testsuite xmlns:xsi="http://www.w3.org/2001/XMLSchema-instance" xsi:noNamespaceSchemaLocation="https://maven.apache.org/surefire/maven-surefire-plugin/xsd/surefire-test-report.xsd" name="net.mooctest.Cli_0_Test" time="0.101" tests="151" errors="11" skipped="0" failures="20">
  <properties>
[...]
</properties>
  <testcase name="test_27" classname="net.mooctest.Cli_0_Test" time="0"/>
  <testcase name="test_29" classname="net.mooctest.Cli_0_Test" time="0"/>
  <testcase name="test_30" classname="net.mooctest.Cli_0_Test" time="0"/>
  <testcase name="test_31" classname="net.mooctest.Cli_0_Test" time="0"/>
  <testcase name="test_40" classname="net.mooctest.Cli_0_Test" time="0"/>
  <testcase name="test_41" classname="net.mooctest.Cli_0_Test" time="0"/>
  <testcase name="test_42" classname="net.mooctest.Cli_0_Test" time="0.001"/>
  <testcase name="test_73" classname="net.mooctest.Cli_0_Test" time="0"/>
  <testcase name="test_75" classname="net.mooctest.Cli_0_Test" time="0"/>
  <testcase name="test_78" classname="net.mooctest.Cli_0_Test" time="0"/>
  <testcase name="test_87" classname="net.mooctest.Cli_0_Test" time="0"/>
  <testcase name="test_88" classname="net.mooctest.Cli_0_Test" time="0"/>
  <testcase name="test_90" classname="net.mooctest.Cli_0_Test" time="0"/>
  <testcase name="test_93" classname="net.mooctest.Cli_0_Test" time="0.001"/>
  <testcase name="test_94" classname="net.mooctest.Cli_0_Test" time="0"/>
  <testcase name="test_97" classname="net.mooctest.Cli_0_Test" time="0"/>
  <testcase name="test_98" classname="net.mooctest.Cli_0_Test" time="0"/>
  <testcase name="test_100" classname="net.mooctest.Cli_0_Test" time="0"/>
  <testcase name="test_101" classname="net.mooctest.Cli_0_Test" time="0"/>
  <testcase name="test_103" classname="net.mooctest.Cli_0_Test" time="0"/>
  <testcase name="test_105" classname="net.mooctest.Cli_0_Test" time="0.001">
    <error message="must specify longopt" type="java.lang.IllegalArgumentException">java.lang.IllegalArgumentException: must specify longopt
	at net.mooctest.Cli_0_Test.test_105(Cli_0_Test.java:718)
</error>
  </testcase>
  <testcase name="test_106" classname="net.mooctest.Cli_0_Test" time="0"/>
  <testcase name="test_107" classname="net.mooctest.Cli_0_Test" time="0"/>
  <testcase name="test_199" classname="net.mooctest.Cli_0_Test" time="0"/>
  <testcase name="test_200" classname="net.mooctest.Cli_0_Test" time="0.001"/>
  <testcase name="test_208" classname="net.mooctest.Cli_0_Test" time="0"/>
  <testcase name="test_220" classname="net.mooctest.Cli_0_Test" time="0"/>
  <testcase name="test_223" classname="net.mooctest.Cli_0_Test" time="0"/>
  <testcase name="test_224" classname="net.mooctest.Cli_0_Test" time="0"/>
  <testcase name="test_225" classname="net.mooctest.Cli_0_Test" time="0">
    <failure message="expected:&lt;[Expected exception message]&gt; but was:&lt;[The option &apos;testOption2&apos; was specified but an option from this group has already been selected: &apos;testOption1&apos;]&gt;" type="org.junit.ComparisonFailure"><![CDATA[org.junit.ComparisonFailure: expected:<[Expected exception message]> but was:<[The option 'testOption2' was specified but an option from this group has already been selected: 'testOption1']>
	at net.mooctest.Cli_0_Test.test_225(Cli_0_Test.java:808)
]]></failure>
  </testcase>
  <testcase name="test_227" classname="net.mooctest.Cli_0_Test" time="0.001">
    <failure message="expected:&lt;[Expected exception message]&gt; but was:&lt;[Test UnsupportedOperationException]&gt;" type="org.junit.ComparisonFailure"><![CDATA[org.junit.ComparisonFailure: expected:<[Expected exception message]> but was:<[Test UnsupportedOperationException]>
	at net.mooctest.Cli_0_Test.test_227(Cli_0_Test.java:61)
]]></failure>
  </testcase>
  <testcase name="test_228" classname="net.mooctest.Cli_0_Test" time="0"/>
  <testcase name="test_229" classname="net.mooctest.Cli_0_Test" time="0"/>
  <testcase name="test_230" classname="net.mooctest.Cli_0_Test" time="0">
    <failure message="array lengths differed, expected.length=6 actual.length=7" type="java.lang.AssertionError">java.lang.AssertionError: array lengths differed, expected.length=6 actual.length=7
	at net.mooctest.Cli_0_Test.test_230(Cli_0_Test.java:233)
</failure>
  </testcase>
  <testcase name="test_233" classname="net.mooctest.Cli_0_Test" time="0"/>
  <testcase name="test_234" classname="net.mooctest.Cli_0_Test" time="0"/>
  <testcase name="test_235" classname="net.mooctest.Cli_0_Test" time="0.001"/>
  <testcase name="test_258" classname="net.mooctest.Cli_0_Test" time="0"/>
  <testcase name="test_268" classname="net.mooctest.Cli_0_Test" time="0"/>
  <testcase name="test_269" classname="net.mooctest.Cli_0_Test" time="0"/>
  <testcase name="test_270" classname="net.mooctest.Cli_0_Test" time="0"/>
  <testcase name="test_271" classname="net.mooctest.Cli_0_Test" time="0"/>
  <testcase name="test_274" classname="net.mooctest.Cli_0_Test" time="0"/>
  <testcase name="test_275" classname="net.mooctest.Cli_0_Test" time="0"/>
  <testcase name="test_276" classname="net.mooctest.Cli_0_Test" time="0"/>
  <testcase name="test_279" classname="net.mooctest.Cli_0_Test" time="0"/>
  <testcase name="test_280" classname="net.mooctest.Cli_0_Test" time="0"/>
  <testcase name="test_282" classname="net.mooctest.Cli_0_Test" time="0"/>
  <testcase name="test_283" classname="net.mooctest.Cli_0_Test" time="0.001">
    <failure type="java.lang.AssertionError">java.lang.AssertionError
	at net.mooctest.Cli_0_Test.test_283(Cli_0_Test.java:105)
</failure>
  </testcase>
  <testcase name="test_288" classname="net.mooctest.Cli_0_Test" time="0"/>
  <testcase name="test_297" classname="net.mooctest.Cli_0_Test" time="0"/>
  <testcase name="test_298" classname="net.mooctest.Cli_0_Test" time="0"/>
  <testcase name="test_299" classname="net.mooctest.Cli_0_Test" time="0"/>
  <testcase name="test_302" classname="net.mooctest.Cli_0_Test" time="0"/>
  <testcase name="test_303" classname="net.mooctest.Cli_0_Test" time="0"/>
  <testcase name="test_304" classname="net.mooctest.Cli_0_Test" time="0"/>
  <testcase name="test_305" classname="net.mooctest.Cli_0_Test" time="0"/>
  <testcase name="test_306" classname="net.mooctest.Cli_0_Test" time="0">
    <failure message="Exception should have been thrown" type="java.lang.AssertionError">java.lang.AssertionError: Exception should have been thrown
	at net.mooctest.Cli_0_Test.test_306(Cli_0_Test.java:1016)
</failure>
  </testcase>
  <testcase name="test_308" classname="net.mooctest.Cli_0_Test" time="0"/>
  <testcase name="test_309" classname="net.mooctest.Cli_0_Test" time="0"/>
  <testcase name="test_325" classname="net.mooctest.Cli_0_Test" time="0"/>
  <testcase name="test_358" classname="net.mooctest.Cli_0_Test" time="0.007"/>
  <testcase name="test_359" classname="net.mooctest.Cli_0_Test" time="0">
    <error type="java.lang.UnsupportedOperationException">java.lang.UnsupportedOperationException
	at net.mooctest.Cli_0_Test.test_359(Cli_0_Test.java:564)
</error>
  </testcase>
  <testcase name="test_360" classname="net.mooctest.Cli_0_Test" time="0"/>
  <testcase name="test_361" classname="net.mooctest.Cli_0_Test" time="0"/>
  <testcase name="test_369" classname="net.mooctest.Cli_0_Test" time="0"/>
  <testcase name="test_370" classname="net.mooctest.Cli_0_Test" time="0"/>
  <testcase name="test_398" classname="net.mooctest.Cli_0_Test" time="0"/>
  <testcase name="test_403" classname="net.mooctest.Cli_0_Test" time="0.001">
    <failure message="expected:&lt;1&gt; but was:&lt;0&gt;" type="java.lang.AssertionError"><![CDATA[java.lang.AssertionError: expected:<1> but was:<0>
	at net.mooctest.Cli_0_Test.test_403(Cli_0_Test.java:887)
]]></failure>
  </testcase>
  <testcase name="test_404" classname="net.mooctest.Cli_0_Test" time="0"/>
  <testcase name="test_405" classname="net.mooctest.Cli_0_Test" time="0">
    <failure message="expected:&lt;1&gt; but was:&lt;0&gt;" type="java.lang.AssertionError"><![CDATA[java.lang.AssertionError: expected:<1> but was:<0>
	at net.mooctest.Cli_0_Test.test_405(Cli_0_Test.java:1117)
]]></failure>
  </testcase>
  <testcase name="test_406" classname="net.mooctest.Cli_0_Test" time="0"/>
  <testcase name="test_407" classname="net.mooctest.Cli_0_Test" time="0">
    <failure message="expected:&lt;2&gt; but was:&lt;0&gt;" type="java.lang.AssertionError"><![CDATA[java.lang.AssertionError: expected:<2> but was:<0>
	at net.mooctest.Cli_0_Test.test_407(Cli_0_Test.java:583)
]]></failure>
  </testcase>
  <testcase name="test_408" classname="net.mooctest.Cli_0_Test" time="0"/>
  <testcase name="test_411" classname="net.mooctest.Cli_0_Test" time="0"/>
  <testcase name="test_420" classname="net.mooctest.Cli_0_Test" time="0.001">
    <failure message="expected:&lt;value1&gt; but was:&lt;null&gt;" type="java.lang.AssertionError"><![CDATA[java.lang.AssertionError: expected:<value1> but was:<null>
	at net.mooctest.Cli_0_Test.test_420(Cli_0_Test.java:256)
]]></failure>
  </testcase>
  <testcase name="test_421" classname="net.mooctest.Cli_0_Test" time="0">
    <error message="The addValue method is not intended for client use. Subclasses should use the processValue method instead." type="java.lang.UnsupportedOperationException">java.lang.UnsupportedOperationException: The addValue method is not intended for client use. Subclasses should use the processValue method instead.
	at net.mooctest.Cli_0_Test.test_421(Cli_0_Test.java:282)
</error>
  </testcase>
  <testcase name="test_441" classname="net.mooctest.Cli_0_Test" time="0">
    <failure message="expected:&lt;789&gt; but was:&lt;Optional.empty&gt;" type="java.lang.AssertionError"><![CDATA[java.lang.AssertionError: expected:<789> but was:<Optional.empty>
	at net.mooctest.Cli_0_Test.test_441(Cli_0_Test.java:200)
]]></failure>
  </testcase>
  <testcase name="test_453" classname="net.mooctest.Cli_0_Test" time="0.001">
    <failure message="expected:&lt;Optional[222]&gt; but was:&lt;222&gt;" type="java.lang.AssertionError"><![CDATA[java.lang.AssertionError: expected:<Optional[222]> but was:<222>
	at net.mooctest.Cli_0_Test.test_453(Cli_0_Test.java:725)
]]></failure>
  </testcase>
  <testcase name="test_454" classname="net.mooctest.Cli_0_Test" time="0"/>
  <testcase name="test_456" classname="net.mooctest.Cli_0_Test" time="0"/>
  <testcase name="test_458" classname="net.mooctest.Cli_0_Test" time="0"/>
  <testcase name="test_462" classname="net.mooctest.Cli_0_Test" time="0">
    <error message="must specify longopt" type="java.lang.IllegalArgumentException">java.lang.IllegalArgumentException: must specify longopt
	at net.mooctest.Cli_0_Test.test_462(Cli_0_Test.java:707)
</error>
  </testcase>
  <testcase name="test_463" classname="net.mooctest.Cli_0_Test" time="0"/>
  <testcase name="test_464" classname="net.mooctest.Cli_0_Test" time="0"/>
  <testcase name="test_465" classname="net.mooctest.Cli_0_Test" time="0"/>
  <testcase name="test_466" classname="net.mooctest.Cli_0_Test" time="0"/>
  <testcase name="test_467" classname="net.mooctest.Cli_0_Test" time="0.001"/>
  <testcase name="test_468" classname="net.mooctest.Cli_0_Test" time="0"/>
  <testcase name="test_469" classname="net.mooctest.Cli_0_Test" time="0"/>
  <testcase name="test_470" classname="net.mooctest.Cli_0_Test" time="0"/>
  <testcase name="test_471" classname="net.mooctest.Cli_0_Test" time="0">
    <failure message="expected:&lt;class java.lang.Boolean&gt; but was:&lt;class java.lang.String&gt;" type="java.lang.AssertionError"><![CDATA[java.lang.AssertionError: expected:<class java.lang.Boolean> but was:<class java.lang.String>
	at net.mooctest.Cli_0_Test.test_471(Cli_0_Test.java:81)
]]></failure>
  </testcase>
  <testcase name="test_472" classname="net.mooctest.Cli_0_Test" time="0"/>
  <testcase name="test_473" classname="net.mooctest.Cli_0_Test" time="0"/>
  <testcase name="test_474" classname="net.mooctest.Cli_0_Test" time="0"/>
  <testcase name="test_475" classname="net.mooctest.Cli_0_Test" time="0"/>
  <testcase name="test_476" classname="net.mooctest.Cli_0_Test" time="0"/>
  <testcase name="test_477" classname="net.mooctest.Cli_0_Test" time="0.001"/>
  <testcase name="test_493" classname="net.mooctest.Cli_0_Test" time="0">
    <failure message="expected:&lt;[Option[a, arg-name, Example option, hasArg=true]]&gt; but was:&lt;[[ Option a arg-name [ARG] :: Example option :: class java.lang.String ]]&gt;" type="org.junit.ComparisonFailure">org.junit.ComparisonFailure: expected:&lt;[Option[a, arg-name, Example option, hasArg=true]]&gt; but was:&lt;[[ Option a arg-name [ARG] :: Example option :: class java.lang.String ]]&gt;	at net.mooctest.Cli_0_Test.test_493(Cli_0_Test.java:94)</failure>
  </testcase>
  <testcase name="test_494" classname="net.mooctest.Cli_0_Test" time="0"/>
  <testcase name="test_495" classname="net.mooctest.Cli_0_Test" time="0"/>
  <testcase name="test_497" classname="net.mooctest.Cli_0_Test" time="0"/>
  <testcase name="test_498" classname="net.mooctest.Cli_0_Test" time="0"/>
  <testcase name="test_499" classname="net.mooctest.Cli_0_Test" time="0"/>
  <testcase name="test_500" classname="net.mooctest.Cli_0_Test" time="0">
    <error message="NO_ARGS_ALLOWED" type="java.lang.IllegalArgumentException">java.lang.IllegalArgumentException: NO_ARGS_ALLOWED
	at net.mooctest.Cli_0_Test.test_500(Cli_0_Test.java:478)
</error>
  </testcase>
  <testcase name="test_501" classname="net.mooctest.Cli_0_Test" time="0.001"/>
  <testcase name="test_502" classname="net.mooctest.Cli_0_Test" time="0"/>
  <testcase name="test_503" classname="net.mooctest.Cli_0_Test" time="0">
    <failure message="Values should be different. Actual: [ Option k :: null :: class java.lang.String ]" type="java.lang.AssertionError">java.lang.AssertionError: Values should be different. Actual: [ Option k :: null :: class java.lang.String ]
	at net.mooctest.Cli_0_Test.test_503(Cli_0_Test.java:855)
</failure>
  </testcase>
  <testcase name="test_504" classname="net.mooctest.Cli_0_Test" time="0">
    <failure message="Values should be different. Actual: [ Option l :: null :: class java.lang.String ]" type="java.lang.AssertionError">java.lang.AssertionError: Values should be different. Actual: [ Option l :: null :: class java.lang.String ]
	at net.mooctest.Cli_0_Test.test_504(Cli_0_Test.java:456)
</failure>
  </testcase>
  <testcase name="test_505" classname="net.mooctest.Cli_0_Test" time="0.001">
    <failure message="expected:&lt;...ady been selected: &apos;[]&apos;&gt; but was:&lt;...ady been selected: &apos;[null]&apos;&gt;" type="org.junit.ComparisonFailure"><![CDATA[org.junit.ComparisonFailure: expected:<...ady been selected: '[]'> but was:<...ady been selected: '[null]'>
	at net.mooctest.Cli_0_Test.test_505(Cli_0_Test.java:195)
]]></failure>
  </testcase>
  <testcase name="test_515" classname="net.mooctest.Cli_0_Test" time="0"/>
  <testcase name="test_516" classname="net.mooctest.Cli_0_Test" time="0"/>
  <testcase name="test_526" classname="net.mooctest.Cli_0_Test" time="0"/>
  <testcase name="test_533" classname="net.mooctest.Cli_0_Test" time="0"/>
  <testcase name="test_534" classname="net.mooctest.Cli_0_Test" time="0"/>
  <testcase name="test_535" classname="net.mooctest.Cli_0_Test" time="0">
    <failure message="expected:&lt;[]Test&gt; but was:&lt;[java.lang.RuntimeException: ]Test&gt;" type="org.junit.ComparisonFailure"><![CDATA[org.junit.ComparisonFailure: expected:<[]Test> but was:<[java.lang.RuntimeException: ]Test>
	at net.mooctest.Cli_0_Test.test_535(Cli_0_Test.java:167)
]]></failure>
  </testcase>
  <testcase name="test_537" classname="net.mooctest.Cli_0_Test" time="0"/>
  <testcase name="test_538" classname="net.mooctest.Cli_0_Test" time="0"/>
  <testcase name="test_541" classname="net.mooctest.Cli_0_Test" time="0"/>
  <testcase name="test_546" classname="net.mooctest.Cli_0_Test" time="0"/>
  <testcase name="test_548" classname="net.mooctest.Cli_0_Test" time="0">
    <error type="java.lang.NullPointerException">java.lang.NullPointerException
	at net.mooctest.Cli_0_Test.test_548(Cli_0_Test.java:138)
</error>
  </testcase>
  <testcase name="test_549" classname="net.mooctest.Cli_0_Test" time="0">
    <failure message="expected:&lt;help&gt; but was:&lt;null&gt;" type="java.lang.AssertionError"><![CDATA[java.lang.AssertionError: expected:<help> but was:<null>
	at net.mooctest.Cli_0_Test.test_549(Cli_0_Test.java:771)
]]></failure>
  </testcase>
  <testcase name="test_552" classname="net.mooctest.Cli_0_Test" time="0"/>
  <testcase name="test_553" classname="net.mooctest.Cli_0_Test" time="0"/>
  <testcase name="test_554" classname="net.mooctest.Cli_0_Test" time="0"/>
  <testcase name="test_555" classname="net.mooctest.Cli_0_Test" time="0"/>
  <testcase name="test_557" classname="net.mooctest.Cli_0_Test" time="0"/>
  <testcase name="test_559" classname="net.mooctest.Cli_0_Test" time="0.001"/>
  <testcase name="test_560" classname="net.mooctest.Cli_0_Test" time="0"/>
  <testcase name="test_561" classname="net.mooctest.Cli_0_Test" time="0"/>
  <testcase name="test_562" classname="net.mooctest.Cli_0_Test" time="0"/>
  <testcase name="test_564" classname="net.mooctest.Cli_0_Test" time="0"/>
  <testcase name="test_567" classname="net.mooctest.Cli_0_Test" time="0">
    <failure type="java.lang.AssertionError">java.lang.AssertionError
	at net.mooctest.Cli_0_Test.test_567(Cli_0_Test.java:697)
</failure>
  </testcase>
  <testcase name="test_571" classname="net.mooctest.Cli_0_Test" time="0"/>
  <testcase name="test_572" classname="net.mooctest.Cli_0_Test" time="0.001">
    <error message="java.lang.RuntimeException: java.text.ParseException: Unparseable date: &quot;2022-01-01&quot;" type="net.mooctest.ParseException">net.mooctest.ParseException: java.lang.RuntimeException: java.text.ParseException: Unparseable date: "2022-01-01"
	at net.mooctest.Cli_0_Test.test_572(Cli_0_Test.java:941)
Caused by: java.lang.RuntimeException: java.text.ParseException: Unparseable date: "2022-01-01"
	at net.mooctest.Cli_0_Test.test_572(Cli_0_Test.java:941)
Caused by: java.text.ParseException: Unparseable date: "2022-01-01"
	at net.mooctest.Cli_0_Test.test_572(Cli_0_Test.java:941)
</error>
  </testcase>
  <testcase name="test_573" classname="net.mooctest.Cli_0_Test" time="0">
    <error message="java.lang.ClassNotFoundException: Hello, World!" type="net.mooctest.ParseException">net.mooctest.ParseException: java.lang.ClassNotFoundException: Hello, World!
	at net.mooctest.Cli_0_Test.test_573(Cli_0_Test.java:659)
Caused by: java.lang.ClassNotFoundException: Hello, World!
	at net.mooctest.Cli_0_Test.test_573(Cli_0_Test.java:659)
</error>
  </testcase>
  <testcase name="test_575" classname="net.mooctest.Cli_0_Test" time="0.001"/>
  <testcase name="test_576" classname="net.mooctest.Cli_0_Test" time="0.066">
    <failure message="expected:&lt;Wed Aug 22 [14:30:00 I]ST 2018&gt; but was:&lt;Wed Aug 22 [20:30:00 C]ST 2018&gt;" type="org.junit.ComparisonFailure"><![CDATA[org.junit.ComparisonFailure: expected:<Wed Aug 22 [14:30:00 I]ST 2018> but was:<Wed Aug 22 [20:30:00 C]ST 2018>
	at net.mooctest.Cli_0_Test.test_576(Cli_0_Test.java:125)
]]></failure>
  </testcase>
  <testcase name="test_577" classname="net.mooctest.Cli_0_Test" time="0">
    <error message="InvalidClassName" type="java.lang.ClassNotFoundException">java.lang.ClassNotFoundException: InvalidClassName
	at net.mooctest.Cli_0_Test.test_577(Cli_0_Test.java:815)
</error>
  </testcase>
  <testcase name="test_580" classname="net.mooctest.Cli_0_Test" time="0"/>
  <testcase name="test_581" classname="net.mooctest.Cli_0_Test" time="0"/>
  <testcase name="test_582" classname="net.mooctest.Cli_0_Test" time="0"/>
  <testcase name="test_584" classname="net.mooctest.Cli_0_Test" time="0"/>
  <testcase name="test_585" classname="net.mooctest.Cli_0_Test" time="0.001"/>
  <testcase name="test_586" classname="net.mooctest.Cli_0_Test" time="0"/>
  <testcase name="test_588" classname="net.mooctest.Cli_0_Test" time="0"/>
  <testcase name="test_598" classname="net.mooctest.Cli_0_Test" time="0"/>
  <testcase name="test_599" classname="net.mooctest.Cli_0_Test" time="0"/>
  <testcase name="test_600" classname="net.mooctest.Cli_0_Test" time="0">
    <error type="java.lang.NullPointerException">java.lang.NullPointerException
	at net.mooctest.Cli_0_Test.test_600(Cli_0_Test.java:1067)
</error>
  </testcase>
  <testcase name="test_601" classname="net.mooctest.Cli_0_Test" time="0">
    <error type="java.lang.NullPointerException">java.lang.NullPointerException
	at net.mooctest.Cli_0_Test.test_601(Cli_0_Test.java:486)
</error>
  </testcase>
  <testcase name="test_604" classname="net.mooctest.Cli_0_Test" time="0"/>
</testsuite>