-------------------------------------------------------------------------------
Test set: net.mooctest.ITree_sub_10_0_Test
-------------------------------------------------------------------------------
Tests run: 136, Failures: 0, Errors: 1, Skipped: 1, Time elapsed: 0.059 s <<< FAILURE! - in net.mooctest.ITree_sub_10_0_Test
test_3185(net.mooctest.ITree_sub_10_0_Test)  Time elapsed: 0.005 s  <<< ERROR!
java.lang.IllegalMonitorStateException
	at net.mooctest.ITree_sub_10_0_Test.test_3185(ITree_sub_10_0_Test.java:387)

