<?xml version="1.0" encoding="UTF-8"?>
<testsuite xmlns:xsi="http://www.w3.org/2001/XMLSchema-instance" xsi:noNamespaceSchemaLocation="https://maven.apache.org/surefire/maven-surefire-plugin/xsd/surefire-test-report.xsd" name="net.mooctest.ITree_sub_10_0_Test" time="0.058" tests="207" errors="1" skipped="2" failures="4">
  <properties>
[...]
</properties>
  <testcase name="test_1002" classname="net.mooctest.ITree_sub_10_0_Test" time="0"/>
  <testcase name="test_1123" classname="net.mooctest.ITree_sub_10_0_Test" time="0"/>
  <testcase name="test_1124" classname="net.mooctest.ITree_sub_10_0_Test" time="0"/>
  <testcase name="test_1125" classname="net.mooctest.ITree_sub_10_0_Test" time="0"/>
  <testcase name="test_1126" classname="net.mooctest.ITree_sub_10_0_Test" time="0"/>
  <testcase name="test_1127" classname="net.mooctest.ITree_sub_10_0_Test" time="0"/>
  <testcase name="test_1128" classname="net.mooctest.ITree_sub_10_0_Test" time="0"/>
  <testcase name="test_1150" classname="net.mooctest.ITree_sub_10_0_Test" time="0"/>
  <testcase name="test_1160" classname="net.mooctest.ITree_sub_10_0_Test" time="0"/>
  <testcase name="test_1192" classname="net.mooctest.ITree_sub_10_0_Test" time="0"/>
  <testcase name="test_1202" classname="net.mooctest.ITree_sub_10_0_Test" time="0"/>
  <testcase name="test_1234" classname="net.mooctest.ITree_sub_10_0_Test" time="0"/>
  <testcase name="test_1235" classname="net.mooctest.ITree_sub_10_0_Test" time="0"/>
  <testcase name="test_1261" classname="net.mooctest.ITree_sub_10_0_Test" time="0"/>
  <testcase name="test_1267" classname="net.mooctest.ITree_sub_10_0_Test" time="0"/>
  <testcase name="test_1279" classname="net.mooctest.ITree_sub_10_0_Test" time="0"/>
  <testcase name="test_1280" classname="net.mooctest.ITree_sub_10_0_Test" time="0"/>
  <testcase name="test_1282" classname="net.mooctest.ITree_sub_10_0_Test" time="0"/>
  <testcase name="test_1287" classname="net.mooctest.ITree_sub_10_0_Test" time="0"/>
  <testcase name="test_1290" classname="net.mooctest.ITree_sub_10_0_Test" time="0"/>
  <testcase name="test_1305" classname="net.mooctest.ITree_sub_10_0_Test" time="0"/>
  <testcase name="test_1313" classname="net.mooctest.ITree_sub_10_0_Test" time="0"/>
  <testcase name="test_1362" classname="net.mooctest.ITree_sub_10_0_Test" time="0"/>
  <testcase name="test_1491" classname="net.mooctest.ITree_sub_10_0_Test" time="0"/>
  <testcase name="test_1492" classname="net.mooctest.ITree_sub_10_0_Test" time="0"/>
  <testcase name="test_1496" classname="net.mooctest.ITree_sub_10_0_Test" time="0"/>
  <testcase name="test_1498" classname="net.mooctest.ITree_sub_10_0_Test" time="0"/>
  <testcase name="test_1537" classname="net.mooctest.ITree_sub_10_0_Test" time="0"/>
  <testcase name="test_1541" classname="net.mooctest.ITree_sub_10_0_Test" time="0"/>
  <testcase name="test_1544" classname="net.mooctest.ITree_sub_10_0_Test" time="0"/>
  <testcase name="test_1579" classname="net.mooctest.ITree_sub_10_0_Test" time="0"/>
  <testcase name="test_1643" classname="net.mooctest.ITree_sub_10_0_Test" time="0"/>
  <testcase name="test_1694" classname="net.mooctest.ITree_sub_10_0_Test" time="0.001"/>
  <testcase name="test_1695" classname="net.mooctest.ITree_sub_10_0_Test" time="0"/>
  <testcase name="test_1697" classname="net.mooctest.ITree_sub_10_0_Test" time="0"/>
  <testcase name="test_1700" classname="net.mooctest.ITree_sub_10_0_Test" time="0"/>
  <testcase name="test_1717" classname="net.mooctest.ITree_sub_10_0_Test" time="0"/>
  <testcase name="test_1719" classname="net.mooctest.ITree_sub_10_0_Test" time="0"/>
  <testcase name="test_1720" classname="net.mooctest.ITree_sub_10_0_Test" time="0"/>
  <testcase name="test_1721" classname="net.mooctest.ITree_sub_10_0_Test" time="0"/>
  <testcase name="test_1722" classname="net.mooctest.ITree_sub_10_0_Test" time="0"/>
  <testcase name="test_1726" classname="net.mooctest.ITree_sub_10_0_Test" time="0"/>
  <testcase name="test_1743" classname="net.mooctest.ITree_sub_10_0_Test" time="0"/>
  <testcase name="test_1745" classname="net.mooctest.ITree_sub_10_0_Test" time="0"/>
  <testcase name="test_1823" classname="net.mooctest.ITree_sub_10_0_Test" time="0"/>
  <testcase name="test_1927" classname="net.mooctest.ITree_sub_10_0_Test" time="0.004"/>
  <testcase name="test_1990" classname="net.mooctest.ITree_sub_10_0_Test" time="0"/>
  <testcase name="test_1991" classname="net.mooctest.ITree_sub_10_0_Test" time="0"/>
  <testcase name="test_1995" classname="net.mooctest.ITree_sub_10_0_Test" time="0"/>
  <testcase name="test_1997" classname="net.mooctest.ITree_sub_10_0_Test" time="0"/>
  <testcase name="test_2000" classname="net.mooctest.ITree_sub_10_0_Test" time="0"/>
  <testcase name="test_2003" classname="net.mooctest.ITree_sub_10_0_Test" time="0"/>
  <testcase name="test_2009" classname="net.mooctest.ITree_sub_10_0_Test" time="0"/>
  <testcase name="test_2010" classname="net.mooctest.ITree_sub_10_0_Test" time="0.001"/>
  <testcase name="test_2013" classname="net.mooctest.ITree_sub_10_0_Test" time="0"/>
  <testcase name="test_2027" classname="net.mooctest.ITree_sub_10_0_Test" time="0"/>
  <testcase name="test_2028" classname="net.mooctest.ITree_sub_10_0_Test" time="0"/>
  <testcase name="test_2043" classname="net.mooctest.ITree_sub_10_0_Test" time="0"/>
  <testcase name="test_2102" classname="net.mooctest.ITree_sub_10_0_Test" time="0"/>
  <testcase name="test_2106" classname="net.mooctest.ITree_sub_10_0_Test" time="0"/>
  <testcase name="test_2124" classname="net.mooctest.ITree_sub_10_0_Test" time="0"/>
  <testcase name="test_2127" classname="net.mooctest.ITree_sub_10_0_Test" time="0"/>
  <testcase name="test_2142" classname="net.mooctest.ITree_sub_10_0_Test" time="0"/>
  <testcase name="test_2149" classname="net.mooctest.ITree_sub_10_0_Test" time="0"/>
  <testcase name="test_2160" classname="net.mooctest.ITree_sub_10_0_Test" time="0"/>
  <testcase name="test_2197" classname="net.mooctest.ITree_sub_10_0_Test" time="0"/>
  <testcase name="test_2206" classname="net.mooctest.ITree_sub_10_0_Test" time="0"/>
  <testcase name="test_2240" classname="net.mooctest.ITree_sub_10_0_Test" time="0"/>
  <testcase name="test_2256" classname="net.mooctest.ITree_sub_10_0_Test" time="0.001"/>
  <testcase name="test_2326" classname="net.mooctest.ITree_sub_10_0_Test" time="0"/>
  <testcase name="test_2551" classname="net.mooctest.ITree_sub_10_0_Test" time="0">
    <failure type="java.lang.AssertionError">java.lang.AssertionError
	at net.mooctest.ITree_sub_10_0_Test.test_2551(ITree_sub_10_0_Test.java:1262)
</failure>
  </testcase>
  <testcase name="test_2556" classname="net.mooctest.ITree_sub_10_0_Test" time="0"/>
  <testcase name="test_2559" classname="net.mooctest.ITree_sub_10_0_Test" time="0"/>
  <testcase name="test_2564" classname="net.mooctest.ITree_sub_10_0_Test" time="0"/>
  <testcase name="test_2575" classname="net.mooctest.ITree_sub_10_0_Test" time="0"/>
  <testcase name="test_2585" classname="net.mooctest.ITree_sub_10_0_Test" time="0"/>
  <testcase name="test_2597" classname="net.mooctest.ITree_sub_10_0_Test" time="0"/>
  <testcase name="test_2636" classname="net.mooctest.ITree_sub_10_0_Test" time="0"/>
  <testcase name="test_2649" classname="net.mooctest.ITree_sub_10_0_Test" time="0">
    <failure message="expected:&lt;2&gt; but was:&lt;1&gt;" type="java.lang.AssertionError"><![CDATA[java.lang.AssertionError: expected:<2> but was:<1>
	at net.mooctest.ITree_sub_10_0_Test.test_2649(ITree_sub_10_0_Test.java:853)
]]></failure>
  </testcase>
  <testcase name="test_2650" classname="net.mooctest.ITree_sub_10_0_Test" time="0"/>
  <testcase name="test_2672" classname="net.mooctest.ITree_sub_10_0_Test" time="0"/>
  <testcase name="test_2677" classname="net.mooctest.ITree_sub_10_0_Test" time="0"/>
  <testcase name="test_2700" classname="net.mooctest.ITree_sub_10_0_Test" time="0.001"/>
  <testcase name="test_2724" classname="net.mooctest.ITree_sub_10_0_Test" time="0"/>
  <testcase name="test_2725" classname="net.mooctest.ITree_sub_10_0_Test" time="0"/>
  <testcase name="test_2755" classname="net.mooctest.ITree_sub_10_0_Test" time="0">
    <failure message="expected:&lt;2&gt; but was:&lt;1&gt;" type="java.lang.AssertionError"><![CDATA[java.lang.AssertionError: expected:<2> but was:<1>
	at net.mooctest.ITree_sub_10_0_Test.test_2755(ITree_sub_10_0_Test.java:4062)
]]></failure>
  </testcase>
  <testcase name="test_2764" classname="net.mooctest.ITree_sub_10_0_Test" time="0"/>
  <testcase name="test_2770" classname="net.mooctest.ITree_sub_10_0_Test" time="0"/>
  <testcase name="test_2771" classname="net.mooctest.ITree_sub_10_0_Test" time="0"/>
  <testcase name="test_2871" classname="net.mooctest.ITree_sub_10_0_Test" time="0"/>
  <testcase name="test_2917" classname="net.mooctest.ITree_sub_10_0_Test" time="0"/>
  <testcase name="test_3097" classname="net.mooctest.ITree_sub_10_0_Test" time="0.001"/>
  <testcase name="test_3100" classname="net.mooctest.ITree_sub_10_0_Test" time="0"/>
  <testcase name="test_3123" classname="net.mooctest.ITree_sub_10_0_Test" time="0"/>
  <testcase name="test_3125" classname="net.mooctest.ITree_sub_10_0_Test" time="0"/>
  <testcase name="test_3127" classname="net.mooctest.ITree_sub_10_0_Test" time="0"/>
  <testcase name="test_3128" classname="net.mooctest.ITree_sub_10_0_Test" time="0.001"/>
  <testcase name="test_3131" classname="net.mooctest.ITree_sub_10_0_Test" time="0"/>
  <testcase name="test_3132" classname="net.mooctest.ITree_sub_10_0_Test" time="0"/>
  <testcase name="test_3144" classname="net.mooctest.ITree_sub_10_0_Test" time="0"/>
  <testcase name="test_3163" classname="net.mooctest.ITree_sub_10_0_Test" time="0"/>
  <testcase name="test_3184" classname="net.mooctest.ITree_sub_10_0_Test" time="0.001"/>
  <testcase name="test_3185" classname="net.mooctest.ITree_sub_10_0_Test" time="0">
    <error type="java.lang.IllegalMonitorStateException">java.lang.IllegalMonitorStateException
	at net.mooctest.ITree_sub_10_0_Test.test_3185(ITree_sub_10_0_Test.java:690)
</error>
  </testcase>
  <testcase name="test_3189" classname="net.mooctest.ITree_sub_10_0_Test" time="0"/>
  <testcase name="test_3191" classname="net.mooctest.ITree_sub_10_0_Test" time="0"/>
  <testcase name="test_3192" classname="net.mooctest.ITree_sub_10_0_Test" time="0"/>
  <testcase name="test_3283" classname="net.mooctest.ITree_sub_10_0_Test" time="0"/>
  <testcase name="test_3333" classname="net.mooctest.ITree_sub_10_0_Test" time="0"/>
  <testcase name="test_3339" classname="net.mooctest.ITree_sub_10_0_Test" time="0"/>
  <testcase name="test_3340" classname="net.mooctest.ITree_sub_10_0_Test" time="0.001"/>
  <testcase name="test_3496" classname="net.mooctest.ITree_sub_10_0_Test" time="0"/>
  <testcase name="test_3509" classname="net.mooctest.ITree_sub_10_0_Test" time="0"/>
  <testcase name="test_3609" classname="net.mooctest.ITree_sub_10_0_Test" time="0"/>
  <testcase name="test_3631" classname="net.mooctest.ITree_sub_10_0_Test" time="0"/>
  <testcase name="test_3684" classname="net.mooctest.ITree_sub_10_0_Test" time="0">
    <skipped message="Mock call to contains which was not presented when the test was generated"/>
  </testcase>
  <testcase name="test_3796" classname="net.mooctest.ITree_sub_10_0_Test" time="0"/>
  <testcase name="test_3797" classname="net.mooctest.ITree_sub_10_0_Test" time="0"/>
  <testcase name="test_3824" classname="net.mooctest.ITree_sub_10_0_Test" time="0.001"/>
  <testcase name="test_3828" classname="net.mooctest.ITree_sub_10_0_Test" time="0"/>
  <testcase name="test_3837" classname="net.mooctest.ITree_sub_10_0_Test" time="0"/>
  <testcase name="test_3843" classname="net.mooctest.ITree_sub_10_0_Test" time="0"/>
  <testcase name="test_3958" classname="net.mooctest.ITree_sub_10_0_Test" time="0"/>
  <testcase name="test_3960" classname="net.mooctest.ITree_sub_10_0_Test" time="0"/>
  <testcase name="test_4007" classname="net.mooctest.ITree_sub_10_0_Test" time="0"/>
  <testcase name="test_4040" classname="net.mooctest.ITree_sub_10_0_Test" time="0"/>
  <testcase name="test_4163" classname="net.mooctest.ITree_sub_10_0_Test" time="0"/>
  <testcase name="test_4192" classname="net.mooctest.ITree_sub_10_0_Test" time="0"/>
  <testcase name="test_4288" classname="net.mooctest.ITree_sub_10_0_Test" time="0"/>
  <testcase name="test_4290" classname="net.mooctest.ITree_sub_10_0_Test" time="0"/>
  <testcase name="test_4295" classname="net.mooctest.ITree_sub_10_0_Test" time="0"/>
  <testcase name="test_4299" classname="net.mooctest.ITree_sub_10_0_Test" time="0"/>
  <testcase name="test_4309" classname="net.mooctest.ITree_sub_10_0_Test" time="0.001"/>
  <testcase name="test_4310" classname="net.mooctest.ITree_sub_10_0_Test" time="0"/>
  <testcase name="test_4311" classname="net.mooctest.ITree_sub_10_0_Test" time="0"/>
  <testcase name="test_4312" classname="net.mooctest.ITree_sub_10_0_Test" time="0"/>
  <testcase name="test_4326" classname="net.mooctest.ITree_sub_10_0_Test" time="0"/>
  <testcase name="test_4360" classname="net.mooctest.ITree_sub_10_0_Test" time="0"/>
  <testcase name="test_4364" classname="net.mooctest.ITree_sub_10_0_Test" time="0"/>
  <testcase name="test_4384" classname="net.mooctest.ITree_sub_10_0_Test" time="0.002"/>
  <testcase name="test_4387" classname="net.mooctest.ITree_sub_10_0_Test" time="0"/>
  <testcase name="test_4493" classname="net.mooctest.ITree_sub_10_0_Test" time="0"/>
  <testcase name="test_4630" classname="net.mooctest.ITree_sub_10_0_Test" time="0"/>
  <testcase name="test_4758" classname="net.mooctest.ITree_sub_10_0_Test" time="0"/>
  <testcase name="test_4803" classname="net.mooctest.ITree_sub_10_0_Test" time="0"/>
  <testcase name="test_4989" classname="net.mooctest.ITree_sub_10_0_Test" time="0">
    <skipped message="Mock call to contains which was not presented when the test was generated"/>
  </testcase>
  <testcase name="test_5097" classname="net.mooctest.ITree_sub_10_0_Test" time="0"/>
  <testcase name="test_5098" classname="net.mooctest.ITree_sub_10_0_Test" time="0"/>
  <testcase name="test_5124" classname="net.mooctest.ITree_sub_10_0_Test" time="0.001"/>
  <testcase name="test_5126" classname="net.mooctest.ITree_sub_10_0_Test" time="0"/>
  <testcase name="test_5128" classname="net.mooctest.ITree_sub_10_0_Test" time="0"/>
  <testcase name="test_5134" classname="net.mooctest.ITree_sub_10_0_Test" time="0"/>
  <testcase name="test_5135" classname="net.mooctest.ITree_sub_10_0_Test" time="0"/>
  <testcase name="test_5137" classname="net.mooctest.ITree_sub_10_0_Test" time="0"/>
  <testcase name="test_5144" classname="net.mooctest.ITree_sub_10_0_Test" time="0"/>
  <testcase name="test_5236" classname="net.mooctest.ITree_sub_10_0_Test" time="0"/>
  <testcase name="test_5314" classname="net.mooctest.ITree_sub_10_0_Test" time="0"/>
  <testcase name="test_5330" classname="net.mooctest.ITree_sub_10_0_Test" time="0.001"/>
  <testcase name="test_5331" classname="net.mooctest.ITree_sub_10_0_Test" time="0"/>
  <testcase name="test_5626" classname="net.mooctest.ITree_sub_10_0_Test" time="0"/>
  <testcase name="test_171" classname="net.mooctest.ITree_sub_10_0_Test" time="0"/>
  <testcase name="test_178" classname="net.mooctest.ITree_sub_10_0_Test" time="0"/>
  <testcase name="test_185" classname="net.mooctest.ITree_sub_10_0_Test" time="0"/>
  <testcase name="test_220" classname="net.mooctest.ITree_sub_10_0_Test" time="0"/>
  <testcase name="test_224" classname="net.mooctest.ITree_sub_10_0_Test" time="0"/>
  <testcase name="test_234" classname="net.mooctest.ITree_sub_10_0_Test" time="0"/>
  <testcase name="test_236" classname="net.mooctest.ITree_sub_10_0_Test" time="0"/>
  <testcase name="test_242" classname="net.mooctest.ITree_sub_10_0_Test" time="0"/>
  <testcase name="test_264" classname="net.mooctest.ITree_sub_10_0_Test" time="0"/>
  <testcase name="test_286" classname="net.mooctest.ITree_sub_10_0_Test" time="0"/>
  <testcase name="test_290" classname="net.mooctest.ITree_sub_10_0_Test" time="0"/>
  <testcase name="test_311" classname="net.mooctest.ITree_sub_10_0_Test" time="0"/>
  <testcase name="test_312" classname="net.mooctest.ITree_sub_10_0_Test" time="0"/>
  <testcase name="test_313" classname="net.mooctest.ITree_sub_10_0_Test" time="0.001"/>
  <testcase name="test_314" classname="net.mooctest.ITree_sub_10_0_Test" time="0"/>
  <testcase name="test_315" classname="net.mooctest.ITree_sub_10_0_Test" time="0"/>
  <testcase name="test_326" classname="net.mooctest.ITree_sub_10_0_Test" time="0"/>
  <testcase name="test_328" classname="net.mooctest.ITree_sub_10_0_Test" time="0"/>
  <testcase name="test_329" classname="net.mooctest.ITree_sub_10_0_Test" time="0"/>
  <testcase name="test_340" classname="net.mooctest.ITree_sub_10_0_Test" time="0"/>
  <testcase name="test_345" classname="net.mooctest.ITree_sub_10_0_Test" time="0"/>
  <testcase name="test_353" classname="net.mooctest.ITree_sub_10_0_Test" time="0"/>
  <testcase name="test_358" classname="net.mooctest.ITree_sub_10_0_Test" time="0"/>
  <testcase name="test_375" classname="net.mooctest.ITree_sub_10_0_Test" time="0"/>
  <testcase name="test_381" classname="net.mooctest.ITree_sub_10_0_Test" time="0"/>
  <testcase name="test_390" classname="net.mooctest.ITree_sub_10_0_Test" time="0.001">
    <failure message="expected:&lt;true&gt; but was:&lt;false&gt;" type="java.lang.AssertionError"><![CDATA[java.lang.AssertionError: expected:<true> but was:<false>
	at net.mooctest.ITree_sub_10_0_Test.test_390(ITree_sub_10_0_Test.java:1742)
]]></failure>
  </testcase>
  <testcase name="test_394" classname="net.mooctest.ITree_sub_10_0_Test" time="0"/>
  <testcase name="test_404" classname="net.mooctest.ITree_sub_10_0_Test" time="0.001"/>
  <testcase name="test_405" classname="net.mooctest.ITree_sub_10_0_Test" time="0"/>
  <testcase name="test_411" classname="net.mooctest.ITree_sub_10_0_Test" time="0"/>
  <testcase name="test_430" classname="net.mooctest.ITree_sub_10_0_Test" time="0"/>
  <testcase name="test_500" classname="net.mooctest.ITree_sub_10_0_Test" time="0"/>
  <testcase name="test_512" classname="net.mooctest.ITree_sub_10_0_Test" time="0"/>
  <testcase name="test_547" classname="net.mooctest.ITree_sub_10_0_Test" time="0"/>
  <testcase name="test_548" classname="net.mooctest.ITree_sub_10_0_Test" time="0"/>
  <testcase name="test_567" classname="net.mooctest.ITree_sub_10_0_Test" time="0"/>
  <testcase name="test_802" classname="net.mooctest.ITree_sub_10_0_Test" time="0"/>
  <testcase name="test_816" classname="net.mooctest.ITree_sub_10_0_Test" time="0.001"/>
  <testcase name="test_821" classname="net.mooctest.ITree_sub_10_0_Test" time="0"/>
  <testcase name="test_844" classname="net.mooctest.ITree_sub_10_0_Test" time="0.001"/>
  <testcase name="test_845" classname="net.mooctest.ITree_sub_10_0_Test" time="0"/>
  <testcase name="test_899" classname="net.mooctest.ITree_sub_10_0_Test" time="0"/>
  <testcase name="test_971" classname="net.mooctest.ITree_sub_10_0_Test" time="0"/>
  <testcase name="test_982" classname="net.mooctest.ITree_sub_10_0_Test" time="0"/>
  <testcase name="test_993" classname="net.mooctest.ITree_sub_10_0_Test" time="0"/>
  <testcase name="test_5" classname="net.mooctest.ITree_sub_10_0_Test" time="0"/>
  <testcase name="test_6" classname="net.mooctest.ITree_sub_10_0_Test" time="0"/>
  <testcase name="test_7" classname="net.mooctest.ITree_sub_10_0_Test" time="0"/>
</testsuite>