-------------------------------------------------------------------------------
Test set: net.mooctest.Square_sub_10_0_Test
-------------------------------------------------------------------------------
Tests run: 181, Failures: 0, Errors: 10, Skipped: 0, Time elapsed: 0.082 s <<< FAILURE! - in net.mooctest.Square_sub_10_0_Test
test_1002(net.mooctest.Square_sub_10_0_Test)  Time elapsed: 0.004 s  <<< ERROR!
java.lang.IndexOutOfBoundsException
	at net.mooctest.Square_sub_10_0_Test.test_1002(Square_sub_10_0_Test.java:1565)

test_3548(net.mooctest.Square_sub_10_0_Test)  Time elapsed: 0 s  <<< ERROR!
java.lang.ArrayIndexOutOfBoundsException: 8
	at net.mooctest.Square_sub_10_0_Test.test_3548(Square_sub_10_0_Test.java:967)

test_3550(net.mooctest.Square_sub_10_0_Test)  Time elapsed: 0.001 s  <<< ERROR!
java.lang.ArrayIndexOutOfBoundsException: 8
	at net.mooctest.Square_sub_10_0_Test.test_3550(Square_sub_10_0_Test.java:2473)

test_3563(net.mooctest.Square_sub_10_0_Test)  Time elapsed: 0 s  <<< ERROR!
java.lang.ArrayIndexOutOfBoundsException
	at net.mooctest.Square_sub_10_0_Test.test_3563(Square_sub_10_0_Test.java:1463)

test_3571(net.mooctest.Square_sub_10_0_Test)  Time elapsed: 0 s  <<< ERROR!
java.lang.ArrayIndexOutOfBoundsException: 8
	at net.mooctest.Square_sub_10_0_Test.test_3571(Square_sub_10_0_Test.java:467)

test_3573(net.mooctest.Square_sub_10_0_Test)  Time elapsed: 0 s  <<< ERROR!
java.lang.ArrayIndexOutOfBoundsException: 8
	at net.mooctest.Square_sub_10_0_Test.test_3573(Square_sub_10_0_Test.java:1428)

test_3592(net.mooctest.Square_sub_10_0_Test)  Time elapsed: 0.001 s  <<< ERROR!
java.lang.ArrayIndexOutOfBoundsException
	at net.mooctest.Square_sub_10_0_Test.test_3592(Square_sub_10_0_Test.java:539)

test_3614(net.mooctest.Square_sub_10_0_Test)  Time elapsed: 0 s  <<< ERROR!
java.lang.NullPointerException
	at net.mooctest.Square_sub_10_0_Test.test_3614(Square_sub_10_0_Test.java:2427)

test_3696(net.mooctest.Square_sub_10_0_Test)  Time elapsed: 0 s  <<< ERROR!
java.lang.NullPointerException
	at net.mooctest.Square_sub_10_0_Test.test_3696(Square_sub_10_0_Test.java:1918)

test_5205(net.mooctest.Square_sub_10_0_Test)  Time elapsed: 0 s  <<< ERROR!
java.lang.IndexOutOfBoundsException
	at net.mooctest.Square_sub_10_0_Test.test_5205(Square_sub_10_0_Test.java:1172)

