-------------------------------------------------------------------------------
Test set: net.mooctest.Anagram_sub_10_0_Test
-------------------------------------------------------------------------------
Tests run: 178, Failures: 4, Errors: 6, Skipped: 0, Time elapsed: 0.053 s <<< FAILURE! - in net.mooctest.Anagram_sub_10_0_Test
test_1016(net.mooctest.Anagram_sub_10_0_Test)  Time elapsed: 0 s  <<< ERROR!
java.io.FileNotFoundException: /project/src/main/resources/net/mooctest/demo.txt (No such file or directory)
	at net.mooctest.Anagram_sub_10_0_Test.test_1016(Anagram_sub_10_0_Test.java:2633)

test_1272(net.mooctest.Anagram_sub_10_0_Test)  Time elapsed: 0 s  <<< ERROR!
java.io.FileNotFoundException: demo.txt (No such file or directory)
	at net.mooctest.Anagram_sub_10_0_Test.test_1272(Anagram_sub_10_0_Test.java:3119)

test_1784(net.mooctest.Anagram_sub_10_0_Test)  Time elapsed: 0 s  <<< ERROR!
java.lang.IllegalArgumentException: wrong number of arguments
	at net.mooctest.Anagram_sub_10_0_Test.test_1784(Anagram_sub_10_0_Test.java:2605)

test_2058(net.mooctest.Anagram_sub_10_0_Test)  Time elapsed: 0.004 s  <<< FAILURE!
java.lang.AssertionError: expected:<true> but was:<false>
	at net.mooctest.Anagram_sub_10_0_Test.test_2058(Anagram_sub_10_0_Test.java:2383)

test_146(net.mooctest.Anagram_sub_10_0_Test)  Time elapsed: 0 s  <<< FAILURE!
java.lang.AssertionError: expected:<[[hello]]> but was:<[]>
	at net.mooctest.Anagram_sub_10_0_Test.test_146(Anagram_sub_10_0_Test.java:1116)

test_204(net.mooctest.Anagram_sub_10_0_Test)  Time elapsed: 0 s  <<< FAILURE!
java.lang.AssertionError: expected:<false> but was:<true>
	at net.mooctest.Anagram_sub_10_0_Test.test_204(Anagram_sub_10_0_Test.java:1683)

test_385(net.mooctest.Anagram_sub_10_0_Test)  Time elapsed: 0 s  <<< FAILURE!
java.lang.AssertionError: expected:<0> but was:<false>
	at net.mooctest.Anagram_sub_10_0_Test.test_385(Anagram_sub_10_0_Test.java:1598)

test_474(net.mooctest.Anagram_sub_10_0_Test)  Time elapsed: 0 s  <<< ERROR!
java.lang.NullPointerException
	at net.mooctest.Anagram_sub_10_0_Test.test_474(Anagram_sub_10_0_Test.java:1736)

test_503(net.mooctest.Anagram_sub_10_0_Test)  Time elapsed: 0 s  <<< ERROR!
java.io.FileNotFoundException: hsk (No such file or directory)
	at net.mooctest.Anagram_sub_10_0_Test.test_503(Anagram_sub_10_0_Test.java:2112)

test_676(net.mooctest.Anagram_sub_10_0_Test)  Time elapsed: 0.001 s  <<< ERROR!
java.io.FileNotFoundException: F:\test.txt (No such file or directory)
	at net.mooctest.Anagram_sub_10_0_Test.test_676(Anagram_sub_10_0_Test.java:1376)

