-------------------------------------------------------------------------------
Test set: net.mooctest.JavaVersion_Test
-------------------------------------------------------------------------------
Tests run: 4, Failures: 4, Errors: 0, Skipped: 0, Time elapsed: 0.001 s <<< FAILURE! - in net.mooctest.JavaVersion_Test
testIsJava9OrLater_ForJava9(net.mooctest.JavaVersion_Test)  Time elapsed: 0 s  <<< FAILURE!
java.lang.AssertionError
	at net.mooctest.JavaVersion_Test.testIsJava9OrLater_ForJava9(JavaVersion_Test.java:17)

testGetMajorJavaVersion_InvalidVersion(net.mooctest.JavaVersion_Test)  Time elapsed: 0 s  <<< FAILURE!
java.lang.AssertionError: expected:<6> but was:<8>
	at net.mooctest.JavaVersion_Test.testGetMajorJavaVersion_InvalidVersion(JavaVersion_Test.java:27)

testIsJava9OrLater_True(net.mooctest.JavaVersion_Test)  Time elapsed: 0 s  <<< FAILURE!
java.lang.AssertionError
	at net.mooctest.JavaVersion_Test.testIsJava9OrLater_True(JavaVersion_Test.java:37)

testGetMajorJavaVersion(net.mooctest.JavaVersion_Test)  Time elapsed: 0 s  <<< FAILURE!
java.lang.AssertionError: expected:<9> but was:<8>
	at net.mooctest.JavaVersion_Test.testGetMajorJavaVersion(JavaVersion_Test.java:12)

