-------------------------------------------------------------------------------
Test set: net.mooctest.DefaultDateTypeAdapter_Test
-------------------------------------------------------------------------------
Tests run: 4, Failures: 1, Errors: 0, Skipped: 0, Time elapsed: 0.001 s <<< FAILURE! - in net.mooctest.DefaultDateTypeAdapter_Test
testDeserializeDate(net.mooctest.DefaultDateTypeAdapter_Test)  Time elapsed: 0 s  <<< FAILURE!
java.lang.AssertionError: expected:<Sun Apr 30 12:34:56 CST 2023> but was:<Sun Apr 30 20:34:56 CST 2023>
	at net.mooctest.DefaultDateTypeAdapter_Test.testDeserializeDate(DefaultDateTypeAdapter_Test.java:50)

