-------------------------------------------------------------------------------
Test set: net.mooctest.TreeTypeAdapter_Test
-------------------------------------------------------------------------------
Tests run: 7, Failures: 0, Errors: 3, Skipped: 0, Time elapsed: 0.013 s <<< FAILURE! - in net.mooctest.TreeTypeAdapter_Test
testNewTypeHierarchyFactory(net.mooctest.TreeTypeAdapter_Test)  Time elapsed: 0 s  <<< ERROR!
java.lang.IllegalArgumentException
	at net.mooctest.TreeTypeAdapter_Test.testNewTypeHierarchyFactory(TreeTypeAdapter_Test.java:71)

testNewFactory(net.mooctest.TreeTypeAdapter_Test)  Time elapsed: 0 s  <<< ERROR!
java.lang.IllegalArgumentException
	at net.mooctest.TreeTypeAdapter_Test.testNewFactory(TreeTypeAdapter_Test.java:57)

testNewFactoryWithMatchRawType(net.mooctest.TreeTypeAdapter_Test)  Time elapsed: 0 s  <<< ERROR!
java.lang.IllegalArgumentException
	at net.mooctest.TreeTypeAdapter_Test.testNewFactoryWithMatchRawType(TreeTypeAdapter_Test.java:64)

