-------------------------------------------------------------------------------
Test set: net.mooctest.ReflectionAccessFilterHelper_Test
-------------------------------------------------------------------------------
Tests run: 3, Failures: 1, Errors: 0, Skipped: 0, Time elapsed: 0.002 s <<< FAILURE! - in net.mooctest.ReflectionAccessFilterHelper_Test
testGetFilterResult_indecisive(net.mooctest.ReflectionAccessFilterHelper_Test)  Time elapsed: 0 s  <<< FAILURE!
java.lang.AssertionError: expected:<INDECISIVE> but was:<ALLOW>
	at net.mooctest.ReflectionAccessFilterHelper_Test.testGetFilterResult_indecisive(ReflectionAccessFilterHelper_Test.java:31)

