-------------------------------------------------------------------------------
Test set: net.mooctest.NumberTypeAdapter_Test
-------------------------------------------------------------------------------
Tests run: 6, Failures: 1, Errors: 0, Skipped: 0, Time elapsed: 0.327 s <<< FAILURE! - in net.mooctest.NumberTypeAdapter_Test
testRead_InvalidToken_ThrowsJsonSyntaxException(net.mooctest.NumberTypeAdapter_Test)  Time elapsed: 0 s  <<< FAILURE!
java.lang.AssertionError: Expected exception: net.mooctest.JsonSyntaxException

