<?xml version="1.0" encoding="UTF-8"?>
<testsuite xmlns:xsi="http://www.w3.org/2001/XMLSchema-instance" xsi:noNamespaceSchemaLocation="https://maven.apache.org/surefire/maven-surefire-plugin/xsd/surefire-test-report.xsd" name="net.mooctest.TernaryTree_sub_10_1_Test" time="0.019" tests="158" errors="8" skipped="0" failures="2">
  <properties>
[...]
</properties>
  <testcase name="test_58" classname="net.mooctest.TernaryTree_sub_10_1_Test" time="0"/>
  <testcase name="test_63" classname="net.mooctest.TernaryTree_sub_10_1_Test" time="0"/>
  <testcase name="test_1035" classname="net.mooctest.TernaryTree_sub_10_1_Test" time="0"/>
  <testcase name="test_1111" classname="net.mooctest.TernaryTree_sub_10_1_Test" time="0"/>
  <testcase name="test_1120" classname="net.mooctest.TernaryTree_sub_10_1_Test" time="0">
    <error type="java.util.EmptyStackException">java.util.EmptyStackException
	at net.mooctest.TernaryTree_sub_10_1_Test.test_1120(TernaryTree_sub_10_1_Test.java:728)
</error>
  </testcase>
  <testcase name="test_1121" classname="net.mooctest.TernaryTree_sub_10_1_Test" time="0">
    <error type="net.mooctest.EmptyQueueException">net.mooctest.EmptyQueueException
	at net.mooctest.TernaryTree_sub_10_1_Test.test_1121(TernaryTree_sub_10_1_Test.java:1729)
</error>
  </testcase>
  <testcase name="test_1295" classname="net.mooctest.TernaryTree_sub_10_1_Test" time="0"/>
  <testcase name="test_1513" classname="net.mooctest.TernaryTree_sub_10_1_Test" time="0"/>
  <testcase name="test_1528" classname="net.mooctest.TernaryTree_sub_10_1_Test" time="0"/>
  <testcase name="test_1742" classname="net.mooctest.TernaryTree_sub_10_1_Test" time="0">
    <error type="net.mooctest.EmptyQueueException">net.mooctest.EmptyQueueException
	at net.mooctest.TernaryTree_sub_10_1_Test.test_1742(TernaryTree_sub_10_1_Test.java:1735)
</error>
  </testcase>
  <testcase name="test_1808" classname="net.mooctest.TernaryTree_sub_10_1_Test" time="0"/>
  <testcase name="test_1906" classname="net.mooctest.TernaryTree_sub_10_1_Test" time="0"/>
  <testcase name="test_2015" classname="net.mooctest.TernaryTree_sub_10_1_Test" time="0"/>
  <testcase name="test_2016" classname="net.mooctest.TernaryTree_sub_10_1_Test" time="0"/>
  <testcase name="test_2017" classname="net.mooctest.TernaryTree_sub_10_1_Test" time="0"/>
  <testcase name="test_2040" classname="net.mooctest.TernaryTree_sub_10_1_Test" time="0"/>
  <testcase name="test_2098" classname="net.mooctest.TernaryTree_sub_10_1_Test" time="0"/>
  <testcase name="test_2100" classname="net.mooctest.TernaryTree_sub_10_1_Test" time="0"/>
  <testcase name="test_2299" classname="net.mooctest.TernaryTree_sub_10_1_Test" time="0"/>
  <testcase name="test_2300" classname="net.mooctest.TernaryTree_sub_10_1_Test" time="0"/>
  <testcase name="test_2326" classname="net.mooctest.TernaryTree_sub_10_1_Test" time="0"/>
  <testcase name="test_2405" classname="net.mooctest.TernaryTree_sub_10_1_Test" time="0"/>
  <testcase name="test_2645" classname="net.mooctest.TernaryTree_sub_10_1_Test" time="0"/>
  <testcase name="test_2646" classname="net.mooctest.TernaryTree_sub_10_1_Test" time="0"/>
  <testcase name="test_2960" classname="net.mooctest.TernaryTree_sub_10_1_Test" time="0"/>
  <testcase name="test_3068" classname="net.mooctest.TernaryTree_sub_10_1_Test" time="0"/>
  <testcase name="test_3155" classname="net.mooctest.TernaryTree_sub_10_1_Test" time="0"/>
  <testcase name="test_3176" classname="net.mooctest.TernaryTree_sub_10_1_Test" time="0"/>
  <testcase name="test_3439" classname="net.mooctest.TernaryTree_sub_10_1_Test" time="0"/>
  <testcase name="test_3721" classname="net.mooctest.TernaryTree_sub_10_1_Test" time="0"/>
  <testcase name="test_3926" classname="net.mooctest.TernaryTree_sub_10_1_Test" time="0"/>
  <testcase name="test_3927" classname="net.mooctest.TernaryTree_sub_10_1_Test" time="0"/>
  <testcase name="test_3947" classname="net.mooctest.TernaryTree_sub_10_1_Test" time="0"/>
  <testcase name="test_3949" classname="net.mooctest.TernaryTree_sub_10_1_Test" time="0.001"/>
  <testcase name="test_3950" classname="net.mooctest.TernaryTree_sub_10_1_Test" time="0">
    <failure message="expected:&lt;5&gt; but was:&lt;net.mooctest.TernaryNode@114a85c2&gt;" type="java.lang.AssertionError"><![CDATA[java.lang.AssertionError: expected:<5> but was:<net.mooctest.TernaryNode@114a85c2>
	at net.mooctest.TernaryTree_sub_10_1_Test.test_3950(TernaryTree_sub_10_1_Test.java:1135)
]]></failure>
  </testcase>
  <testcase name="test_4057" classname="net.mooctest.TernaryTree_sub_10_1_Test" time="0"/>
  <testcase name="test_4065" classname="net.mooctest.TernaryTree_sub_10_1_Test" time="0"/>
  <testcase name="test_4144" classname="net.mooctest.TernaryTree_sub_10_1_Test" time="0"/>
  <testcase name="test_4154" classname="net.mooctest.TernaryTree_sub_10_1_Test" time="0"/>
  <testcase name="test_4184" classname="net.mooctest.TernaryTree_sub_10_1_Test" time="0"/>
  <testcase name="test_4192" classname="net.mooctest.TernaryTree_sub_10_1_Test" time="0"/>
  <testcase name="test_4202" classname="net.mooctest.TernaryTree_sub_10_1_Test" time="0"/>
  <testcase name="test_4231" classname="net.mooctest.TernaryTree_sub_10_1_Test" time="0"/>
  <testcase name="test_4256" classname="net.mooctest.TernaryTree_sub_10_1_Test" time="0"/>
  <testcase name="test_4326" classname="net.mooctest.TernaryTree_sub_10_1_Test" time="0"/>
  <testcase name="test_4360" classname="net.mooctest.TernaryTree_sub_10_1_Test" time="0.001"/>
  <testcase name="test_4374" classname="net.mooctest.TernaryTree_sub_10_1_Test" time="0"/>
  <testcase name="test_4384" classname="net.mooctest.TernaryTree_sub_10_1_Test" time="0"/>
  <testcase name="test_4491" classname="net.mooctest.TernaryTree_sub_10_1_Test" time="0"/>
  <testcase name="test_4501" classname="net.mooctest.TernaryTree_sub_10_1_Test" time="0"/>
  <testcase name="test_4549" classname="net.mooctest.TernaryTree_sub_10_1_Test" time="0"/>
  <testcase name="test_4553" classname="net.mooctest.TernaryTree_sub_10_1_Test" time="0"/>
  <testcase name="test_4753" classname="net.mooctest.TernaryTree_sub_10_1_Test" time="0"/>
  <testcase name="test_4764" classname="net.mooctest.TernaryTree_sub_10_1_Test" time="0"/>
  <testcase name="test_4768" classname="net.mooctest.TernaryTree_sub_10_1_Test" time="0"/>
  <testcase name="test_4875" classname="net.mooctest.TernaryTree_sub_10_1_Test" time="0"/>
  <testcase name="test_4891" classname="net.mooctest.TernaryTree_sub_10_1_Test" time="0"/>
  <testcase name="test_4936" classname="net.mooctest.TernaryTree_sub_10_1_Test" time="0"/>
  <testcase name="test_4953" classname="net.mooctest.TernaryTree_sub_10_1_Test" time="0"/>
  <testcase name="test_4959" classname="net.mooctest.TernaryTree_sub_10_1_Test" time="0"/>
  <testcase name="test_4967" classname="net.mooctest.TernaryTree_sub_10_1_Test" time="0"/>
  <testcase name="test_4974" classname="net.mooctest.TernaryTree_sub_10_1_Test" time="0"/>
  <testcase name="test_5011" classname="net.mooctest.TernaryTree_sub_10_1_Test" time="0"/>
  <testcase name="test_5032" classname="net.mooctest.TernaryTree_sub_10_1_Test" time="0"/>
  <testcase name="test_5037" classname="net.mooctest.TernaryTree_sub_10_1_Test" time="0"/>
  <testcase name="test_5090" classname="net.mooctest.TernaryTree_sub_10_1_Test" time="0"/>
  <testcase name="test_5098" classname="net.mooctest.TernaryTree_sub_10_1_Test" time="0">
    <error type="java.lang.NullPointerException">java.lang.NullPointerException
	at net.mooctest.TernaryTree_sub_10_1_Test.test_5098(TernaryTree_sub_10_1_Test.java:437)
</error>
  </testcase>
  <testcase name="test_5183" classname="net.mooctest.TernaryTree_sub_10_1_Test" time="0"/>
  <testcase name="test_5200" classname="net.mooctest.TernaryTree_sub_10_1_Test" time="0"/>
  <testcase name="test_5313" classname="net.mooctest.TernaryTree_sub_10_1_Test" time="0"/>
  <testcase name="test_5769" classname="net.mooctest.TernaryTree_sub_10_1_Test" time="0"/>
  <testcase name="test_6175" classname="net.mooctest.TernaryTree_sub_10_1_Test" time="0"/>
  <testcase name="test_6269" classname="net.mooctest.TernaryTree_sub_10_1_Test" time="0"/>
  <testcase name="test_6443" classname="net.mooctest.TernaryTree_sub_10_1_Test" time="0"/>
  <testcase name="test_6468" classname="net.mooctest.TernaryTree_sub_10_1_Test" time="0"/>
  <testcase name="test_6469" classname="net.mooctest.TernaryTree_sub_10_1_Test" time="0"/>
  <testcase name="test_6613" classname="net.mooctest.TernaryTree_sub_10_1_Test" time="0"/>
  <testcase name="test_6697" classname="net.mooctest.TernaryTree_sub_10_1_Test" time="0"/>
  <testcase name="test_6698" classname="net.mooctest.TernaryTree_sub_10_1_Test" time="0"/>
  <testcase name="test_6723" classname="net.mooctest.TernaryTree_sub_10_1_Test" time="0"/>
  <testcase name="test_6878" classname="net.mooctest.TernaryTree_sub_10_1_Test" time="0.005"/>
  <testcase name="test_7002" classname="net.mooctest.TernaryTree_sub_10_1_Test" time="0"/>
  <testcase name="test_7009" classname="net.mooctest.TernaryTree_sub_10_1_Test" time="0"/>
  <testcase name="test_7160" classname="net.mooctest.TernaryTree_sub_10_1_Test" time="0">
    <error type="java.util.EmptyStackException">java.util.EmptyStackException
	at net.mooctest.TernaryTree_sub_10_1_Test.test_7160(TernaryTree_sub_10_1_Test.java:1115)
</error>
  </testcase>
  <testcase name="test_7554" classname="net.mooctest.TernaryTree_sub_10_1_Test" time="0"/>
  <testcase name="test_7557" classname="net.mooctest.TernaryTree_sub_10_1_Test" time="0"/>
  <testcase name="test_7785" classname="net.mooctest.TernaryTree_sub_10_1_Test" time="0"/>
  <testcase name="test_7794" classname="net.mooctest.TernaryTree_sub_10_1_Test" time="0"/>
  <testcase name="test_7839" classname="net.mooctest.TernaryTree_sub_10_1_Test" time="0"/>
  <testcase name="test_8000" classname="net.mooctest.TernaryTree_sub_10_1_Test" time="0"/>
  <testcase name="test_8064" classname="net.mooctest.TernaryTree_sub_10_1_Test" time="0"/>
  <testcase name="test_8204" classname="net.mooctest.TernaryTree_sub_10_1_Test" time="0"/>
  <testcase name="test_8218" classname="net.mooctest.TernaryTree_sub_10_1_Test" time="0"/>
  <testcase name="test_8227" classname="net.mooctest.TernaryTree_sub_10_1_Test" time="0"/>
  <testcase name="test_8229" classname="net.mooctest.TernaryTree_sub_10_1_Test" time="0"/>
  <testcase name="test_8365" classname="net.mooctest.TernaryTree_sub_10_1_Test" time="0"/>
  <testcase name="test_8377" classname="net.mooctest.TernaryTree_sub_10_1_Test" time="0"/>
  <testcase name="test_8463" classname="net.mooctest.TernaryTree_sub_10_1_Test" time="0"/>
  <testcase name="test_8480" classname="net.mooctest.TernaryTree_sub_10_1_Test" time="0"/>
  <testcase name="test_8491" classname="net.mooctest.TernaryTree_sub_10_1_Test" time="0"/>
  <testcase name="test_8507" classname="net.mooctest.TernaryTree_sub_10_1_Test" time="0"/>
  <testcase name="test_8688" classname="net.mooctest.TernaryTree_sub_10_1_Test" time="0"/>
  <testcase name="test_8910" classname="net.mooctest.TernaryTree_sub_10_1_Test" time="0"/>
  <testcase name="test_8922" classname="net.mooctest.TernaryTree_sub_10_1_Test" time="0"/>
  <testcase name="test_9702" classname="net.mooctest.TernaryTree_sub_10_1_Test" time="0"/>
  <testcase name="test_9998" classname="net.mooctest.TernaryTree_sub_10_1_Test" time="0"/>
  <testcase name="test_109" classname="net.mooctest.TernaryTree_sub_10_1_Test" time="0.001"/>
  <testcase name="test_113" classname="net.mooctest.TernaryTree_sub_10_1_Test" time="0"/>
  <testcase name="test_114" classname="net.mooctest.TernaryTree_sub_10_1_Test" time="0"/>
  <testcase name="test_117" classname="net.mooctest.TernaryTree_sub_10_1_Test" time="0"/>
  <testcase name="test_118" classname="net.mooctest.TernaryTree_sub_10_1_Test" time="0"/>
  <testcase name="test_135" classname="net.mooctest.TernaryTree_sub_10_1_Test" time="0"/>
  <testcase name="test_144" classname="net.mooctest.TernaryTree_sub_10_1_Test" time="0"/>
  <testcase name="test_166" classname="net.mooctest.TernaryTree_sub_10_1_Test" time="0"/>
  <testcase name="test_224" classname="net.mooctest.TernaryTree_sub_10_1_Test" time="0"/>
  <testcase name="test_233" classname="net.mooctest.TernaryTree_sub_10_1_Test" time="0"/>
  <testcase name="test_236" classname="net.mooctest.TernaryTree_sub_10_1_Test" time="0"/>
  <testcase name="test_249" classname="net.mooctest.TernaryTree_sub_10_1_Test" time="0"/>
  <testcase name="test_251" classname="net.mooctest.TernaryTree_sub_10_1_Test" time="0.001"/>
  <testcase name="test_255" classname="net.mooctest.TernaryTree_sub_10_1_Test" time="0"/>
  <testcase name="test_264" classname="net.mooctest.TernaryTree_sub_10_1_Test" time="0"/>
  <testcase name="test_272" classname="net.mooctest.TernaryTree_sub_10_1_Test" time="0.001">
    <failure message="expected:&lt;2134991632&gt; but was:&lt;105751207&gt;" type="junit.framework.AssertionFailedError"><![CDATA[junit.framework.AssertionFailedError: expected:<2134991632> but was:<105751207>
	at net.mooctest.TernaryTree_sub_10_1_Test.test_272(TernaryTree_sub_10_1_Test.java:195)
]]></failure>
    <system-err><![CDATA[java.lang.UnsupportedOperationException
	at net.mooctest.TernaryTree.getInorderIterator(TernaryTree.java:130)
	at net.mooctest.TernaryTree_sub_10_1_Test.test_272(TernaryTree_sub_10_1_Test.java:190)
	at sun.reflect.NativeMethodAccessorImpl.invoke0(Native Method)
	at sun.reflect.NativeMethodAccessorImpl.invoke(NativeMethodAccessorImpl.java:62)
	at sun.reflect.DelegatingMethodAccessorImpl.invoke(DelegatingMethodAccessorImpl.java:43)
	at java.lang.reflect.Method.invoke(Method.java:498)
	at org.junit.runners.model.FrameworkMethod$1.runReflectiveCall(FrameworkMethod.java:50)
	at org.junit.internal.runners.model.ReflectiveCallable.run(ReflectiveCallable.java:12)
	at org.junit.runners.model.FrameworkMethod.invokeExplosively(FrameworkMethod.java:47)
	at org.junit.internal.runners.statements.InvokeMethod.evaluate(InvokeMethod.java:17)
	at org.junit.runners.ParentRunner.runLeaf(ParentRunner.java:325)
	at org.junit.runners.BlockJUnit4ClassRunner.runChild(BlockJUnit4ClassRunner.java:78)
	at org.junit.runners.BlockJUnit4ClassRunner.runChild(BlockJUnit4ClassRunner.java:57)
	at org.junit.runners.ParentRunner$3.run(ParentRunner.java:290)
	at org.junit.runners.ParentRunner$1.schedule(ParentRunner.java:71)
	at org.junit.runners.ParentRunner.runChildren(ParentRunner.java:288)
	at org.junit.runners.ParentRunner.access$000(ParentRunner.java:58)
	at org.junit.runners.ParentRunner$2.evaluate(ParentRunner.java:268)
	at org.junit.runners.ParentRunner.run(ParentRunner.java:363)
	at org.apache.maven.surefire.junit4.JUnit4Provider.execute(JUnit4Provider.java:365)
	at org.apache.maven.surefire.junit4.JUnit4Provider.executeWithRerun(JUnit4Provider.java:273)
	at org.apache.maven.surefire.junit4.JUnit4Provider.executeTestSet(JUnit4Provider.java:238)
	at org.apache.maven.surefire.junit4.JUnit4Provider.invoke(JUnit4Provider.java:159)
	at org.apache.maven.surefire.booter.ForkedBooter.invokeProviderInSameClassLoader(ForkedBooter.java:384)
	at org.apache.maven.surefire.booter.ForkedBooter.runSuitesInProcess(ForkedBooter.java:345)
	at org.apache.maven.surefire.booter.ForkedBooter.execute(ForkedBooter.java:126)
	at org.apache.maven.surefire.booter.ForkedBooter.main(ForkedBooter.java:418)
]]></system-err>
  </testcase>
  <testcase name="test_273" classname="net.mooctest.TernaryTree_sub_10_1_Test" time="0"/>
  <testcase name="test_357" classname="net.mooctest.TernaryTree_sub_10_1_Test" time="0"/>
  <testcase name="test_376" classname="net.mooctest.TernaryTree_sub_10_1_Test" time="0"/>
  <testcase name="test_377" classname="net.mooctest.TernaryTree_sub_10_1_Test" time="0.001">
    <error type="java.lang.UnsupportedOperationException">java.lang.UnsupportedOperationException
	at net.mooctest.TernaryTree_sub_10_1_Test.test_377(TernaryTree_sub_10_1_Test.java:2248)
</error>
  </testcase>
  <testcase name="test_398" classname="net.mooctest.TernaryTree_sub_10_1_Test" time="0"/>
  <testcase name="test_399" classname="net.mooctest.TernaryTree_sub_10_1_Test" time="0"/>
  <testcase name="test_400" classname="net.mooctest.TernaryTree_sub_10_1_Test" time="0"/>
  <testcase name="test_401" classname="net.mooctest.TernaryTree_sub_10_1_Test" time="0"/>
  <testcase name="test_402" classname="net.mooctest.TernaryTree_sub_10_1_Test" time="0"/>
  <testcase name="test_403" classname="net.mooctest.TernaryTree_sub_10_1_Test" time="0"/>
  <testcase name="test_404" classname="net.mooctest.TernaryTree_sub_10_1_Test" time="0.001"/>
  <testcase name="test_424" classname="net.mooctest.TernaryTree_sub_10_1_Test" time="0"/>
  <testcase name="test_448" classname="net.mooctest.TernaryTree_sub_10_1_Test" time="0"/>
  <testcase name="test_632" classname="net.mooctest.TernaryTree_sub_10_1_Test" time="0"/>
  <testcase name="test_633" classname="net.mooctest.TernaryTree_sub_10_1_Test" time="0"/>
  <testcase name="test_639" classname="net.mooctest.TernaryTree_sub_10_1_Test" time="0"/>
  <testcase name="test_643" classname="net.mooctest.TernaryTree_sub_10_1_Test" time="0"/>
  <testcase name="test_644" classname="net.mooctest.TernaryTree_sub_10_1_Test" time="0"/>
  <testcase name="test_665" classname="net.mooctest.TernaryTree_sub_10_1_Test" time="0"/>
  <testcase name="test_666" classname="net.mooctest.TernaryTree_sub_10_1_Test" time="0"/>
  <testcase name="test_724" classname="net.mooctest.TernaryTree_sub_10_1_Test" time="0"/>
  <testcase name="test_743" classname="net.mooctest.TernaryTree_sub_10_1_Test" time="0"/>
  <testcase name="test_783" classname="net.mooctest.TernaryTree_sub_10_1_Test" time="0">
    <error type="java.lang.UnsupportedOperationException">java.lang.UnsupportedOperationException
	at net.mooctest.TernaryTree_sub_10_1_Test.test_783(TernaryTree_sub_10_1_Test.java:1183)
</error>
  </testcase>
  <testcase name="test_802" classname="net.mooctest.TernaryTree_sub_10_1_Test" time="0">
    <error type="net.mooctest.EmptyTreeException">net.mooctest.EmptyTreeException
	at net.mooctest.TernaryTree_sub_10_1_Test.test_802(TernaryTree_sub_10_1_Test.java:396)
</error>
  </testcase>
  <testcase name="test_810" classname="net.mooctest.TernaryTree_sub_10_1_Test" time="0"/>
  <testcase name="test_829" classname="net.mooctest.TernaryTree_sub_10_1_Test" time="0"/>
  <testcase name="test_840" classname="net.mooctest.TernaryTree_sub_10_1_Test" time="0"/>
  <testcase name="test_894" classname="net.mooctest.TernaryTree_sub_10_1_Test" time="0"/>
  <testcase name="test_980" classname="net.mooctest.TernaryTree_sub_10_1_Test" time="0"/>
  <testcase name="test_0" classname="net.mooctest.TernaryTree_sub_10_1_Test" time="0"/>
  <testcase name="test_1" classname="net.mooctest.TernaryTree_sub_10_1_Test" time="0"/>
  <testcase name="test_2" classname="net.mooctest.TernaryTree_sub_10_1_Test" time="0"/>
  <testcase name="test_10188" classname="net.mooctest.TernaryTree_sub_10_1_Test" time="0"/>
  <testcase name="test_10412" classname="net.mooctest.TernaryTree_sub_10_1_Test" time="0"/>
  <testcase name="test_10602" classname="net.mooctest.TernaryTree_sub_10_1_Test" time="0"/>
  <testcase name="test_11135" classname="net.mooctest.TernaryTree_sub_10_1_Test" time="0"/>
</testsuite>