<?xml version="1.0" encoding="UTF-8"?>
<testsuite xmlns:xsi="http://www.w3.org/2001/XMLSchema-instance" xsi:noNamespaceSchemaLocation="https://maven.apache.org/surefire/maven-surefire-plugin/xsd/surefire-test-report.xsd" name="net.mooctest.TernaryTree_sub_10_0_Test" time="0.048" tests="268" errors="9" skipped="0" failures="3">
  <properties>
    <property name="awt.toolkit" value="sun.awt.X11.XToolkit"/>
    <property name="file.encoding.pkg" value="sun.io"/>
    <property name="java.specification.version" value="1.8"/>
    <property name="sun.cpu.isalist" value=""/>
    <property name="sun.jnu.encoding" value="ANSI_X3.4-1968"/>
    <property name="java.class.path" value="/data02/LCD/CTCA/coverage_test/test_main/TernaryTree/test_operational/target/test-classes:/data02/LCD/CTCA/coverage_test/test_main/TernaryTree/test_operational/target/classes:/data02/LCD/.m2/repository/junit/junit/4.12/junit-4.12.jar:/data02/LCD/.m2/repository/org/hamcrest/hamcrest-core/1.3/hamcrest-core-1.3.jar:/data02/LCD/.m2/repository/org/slf4j/slf4j-simple/1.7.25/slf4j-simple-1.7.25.jar:/data02/LCD/.m2/repository/org/slf4j/slf4j-api/1.7.25/slf4j-api-1.7.25.jar:/data02/LCD/.m2/repository/org/evosuite/evosuite-master/1.0.6/evosuite-master-1.0.6.jar:/data02/LCD/.m2/repository/org/jacoco/jacoco-maven-plugin/0.8.7/jacoco-maven-plugin-0.8.7.jar:/data02/LCD/.m2/repository/org/apache/maven/maven-plugin-api/3.0/maven-plugin-api-3.0.jar:/data02/LCD/.m2/repository/org/apache/maven/maven-model/3.0/maven-model-3.0.jar:/data02/LCD/.m2/repository/org/apache/maven/maven-artifact/3.0/maven-artifact-3.0.jar:/data02/LCD/.m2/repository/org/sonatype/sisu/sisu-inject-plexus/1.4.2/sisu-inject-plexus-1.4.2.jar:/data02/LCD/.m2/repository/org/sonatype/sisu/sisu-inject-bean/1.4.2/sisu-inject-bean-1.4.2.jar:/data02/LCD/.m2/repository/org/sonatype/sisu/sisu-guice/2.1.7/sisu-guice-2.1.7-noaop.jar:/data02/LCD/.m2/repository/org/apache/maven/maven-core/3.0/maven-core-3.0.jar:/data02/LCD/.m2/repository/org/apache/maven/maven-settings/3.0/maven-settings-3.0.jar:/data02/LCD/.m2/repository/org/apache/maven/maven-settings-builder/3.0/maven-settings-builder-3.0.jar:/data02/LCD/.m2/repository/org/apache/maven/maven-repository-metadata/3.0/maven-repository-metadata-3.0.jar:/data02/LCD/.m2/repository/org/apache/maven/maven-model-builder/3.0/maven-model-builder-3.0.jar:/data02/LCD/.m2/repository/org/apache/maven/maven-aether-provider/3.0/maven-aether-provider-3.0.jar:/data02/LCD/.m2/repository/org/sonatype/aether/aether-impl/1.7/aether-impl-1.7.jar:/data02/LCD/.m2/repository/org/sonatype/aether/aether-spi/1.7/aether-spi-1.7.jar:/data02/LCD/.m2/repository/org/sonatype/aether/aether-api/1.7/aether-api-1.7.jar:/data02/LCD/.m2/repository/org/sonatype/aether/aether-util/1.7/aether-util-1.7.jar:/data02/LCD/.m2/repository/org/codehaus/plexus/plexus-interpolation/1.14/plexus-interpolation-1.14.jar:/data02/LCD/.m2/repository/org/codehaus/plexus/plexus-classworlds/2.2.3/plexus-classworlds-2.2.3.jar:/data02/LCD/.m2/repository/org/codehaus/plexus/plexus-component-annotations/1.5.5/plexus-component-annotations-1.5.5.jar:/data02/LCD/.m2/repository/org/sonatype/plexus/plexus-sec-dispatcher/1.3/plexus-sec-dispatcher-1.3.jar:/data02/LCD/.m2/repository/org/sonatype/plexus/plexus-cipher/1.4/plexus-cipher-1.4.jar:/data02/LCD/.m2/repository/org/codehaus/plexus/plexus-utils/3.0.22/plexus-utils-3.0.22.jar:/data02/LCD/.m2/repository/org/apache/maven/shared/file-management/1.2.1/file-management-1.2.1.jar:/data02/LCD/.m2/repository/org/apache/maven/shared/maven-shared-io/1.1/maven-shared-io-1.1.jar:/data02/LCD/.m2/repository/org/apache/maven/maven-artifact-manager/2.0.2/maven-artifact-manager-2.0.2.jar:/data02/LCD/.m2/repository/org/apache/maven/wagon/wagon-provider-api/1.0-alpha-6/wagon-provider-api-1.0-alpha-6.jar:/data02/LCD/.m2/repository/org/codehaus/plexus/plexus-container-default/1.0-alpha-9/plexus-container-default-1.0-alpha-9.jar:/data02/LCD/.m2/repository/classworlds/classworlds/1.1-alpha-2/classworlds-1.1-alpha-2.jar:/data02/LCD/.m2/repository/org/apache/maven/reporting/maven-reporting-api/3.0/maven-reporting-api-3.0.jar:/data02/LCD/.m2/repository/org/apache/maven/doxia/doxia-sink-api/1.0/doxia-sink-api-1.0.jar:/data02/LCD/.m2/repository/org/jacoco/org.jacoco.agent/0.8.7/org.jacoco.agent-0.8.7-runtime.jar:/data02/LCD/.m2/repository/org/jacoco/org.jacoco.core/0.8.7/org.jacoco.core-0.8.7.jar:/data02/LCD/.m2/repository/org/ow2/asm/asm/9.1/asm-9.1.jar:/data02/LCD/.m2/repository/org/ow2/asm/asm-commons/9.1/asm-commons-9.1.jar:/data02/LCD/.m2/repository/org/ow2/asm/asm-analysis/9.1/asm-analysis-9.1.jar:/data02/LCD/.m2/repository/org/ow2/asm/asm-tree/9.1/asm-tree-9.1.jar:/data02/LCD/.m2/repository/org/jacoco/org.jacoco.report/0.8.7/org.jacoco.report-0.8.7.jar:"/>
    <property name="java.vm.vendor" value="Oracle Corporation"/>
    <property name="sun.arch.data.model" value="64"/>
    <property name="java.vendor.url" value="http://java.oracle.com/"/>
    <property name="user.timezone" value=""/>
    <property name="java.vm.specification.version" value="1.8"/>
    <property name="os.name" value="Linux"/>
    <property name="user.country" value="US"/>
    <property name="sun.java.launcher" value="SUN_STANDARD"/>
    <property name="sun.boot.library.path" value="/data02/LCD/CTCA/environment/jdk1.8.0_391/jre/lib/amd64"/>
    <property name="sun.java.command" value="/data02/LCD/CTCA/coverage_test/test_main/TernaryTree/test_operational/target/surefire/surefirebooter1077676699260392276.jar /data02/LCD/CTCA/coverage_test/test_main/TernaryTree/test_operational/target/surefire 2024-06-22T07-56-07_903-jvmRun1 surefire3822820196031441594tmp surefire_06816312791250887476tmp"/>
    <property name="surefire.test.class.path" value="/data02/LCD/CTCA/coverage_test/test_main/TernaryTree/test_operational/target/test-classes:/data02/LCD/CTCA/coverage_test/test_main/TernaryTree/test_operational/target/classes:/data02/LCD/.m2/repository/junit/junit/4.12/junit-4.12.jar:/data02/LCD/.m2/repository/org/hamcrest/hamcrest-core/1.3/hamcrest-core-1.3.jar:/data02/LCD/.m2/repository/org/slf4j/slf4j-simple/1.7.25/slf4j-simple-1.7.25.jar:/data02/LCD/.m2/repository/org/slf4j/slf4j-api/1.7.25/slf4j-api-1.7.25.jar:/data02/LCD/.m2/repository/org/evosuite/evosuite-master/1.0.6/evosuite-master-1.0.6.jar:/data02/LCD/.m2/repository/org/jacoco/jacoco-maven-plugin/0.8.7/jacoco-maven-plugin-0.8.7.jar:/data02/LCD/.m2/repository/org/apache/maven/maven-plugin-api/3.0/maven-plugin-api-3.0.jar:/data02/LCD/.m2/repository/org/apache/maven/maven-model/3.0/maven-model-3.0.jar:/data02/LCD/.m2/repository/org/apache/maven/maven-artifact/3.0/maven-artifact-3.0.jar:/data02/LCD/.m2/repository/org/sonatype/sisu/sisu-inject-plexus/1.4.2/sisu-inject-plexus-1.4.2.jar:/data02/LCD/.m2/repository/org/sonatype/sisu/sisu-inject-bean/1.4.2/sisu-inject-bean-1.4.2.jar:/data02/LCD/.m2/repository/org/sonatype/sisu/sisu-guice/2.1.7/sisu-guice-2.1.7-noaop.jar:/data02/LCD/.m2/repository/org/apache/maven/maven-core/3.0/maven-core-3.0.jar:/data02/LCD/.m2/repository/org/apache/maven/maven-settings/3.0/maven-settings-3.0.jar:/data02/LCD/.m2/repository/org/apache/maven/maven-settings-builder/3.0/maven-settings-builder-3.0.jar:/data02/LCD/.m2/repository/org/apache/maven/maven-repository-metadata/3.0/maven-repository-metadata-3.0.jar:/data02/LCD/.m2/repository/org/apache/maven/maven-model-builder/3.0/maven-model-builder-3.0.jar:/data02/LCD/.m2/repository/org/apache/maven/maven-aether-provider/3.0/maven-aether-provider-3.0.jar:/data02/LCD/.m2/repository/org/sonatype/aether/aether-impl/1.7/aether-impl-1.7.jar:/data02/LCD/.m2/repository/org/sonatype/aether/aether-spi/1.7/aether-spi-1.7.jar:/data02/LCD/.m2/repository/org/sonatype/aether/aether-api/1.7/aether-api-1.7.jar:/data02/LCD/.m2/repository/org/sonatype/aether/aether-util/1.7/aether-util-1.7.jar:/data02/LCD/.m2/repository/org/codehaus/plexus/plexus-interpolation/1.14/plexus-interpolation-1.14.jar:/data02/LCD/.m2/repository/org/codehaus/plexus/plexus-classworlds/2.2.3/plexus-classworlds-2.2.3.jar:/data02/LCD/.m2/repository/org/codehaus/plexus/plexus-component-annotations/1.5.5/plexus-component-annotations-1.5.5.jar:/data02/LCD/.m2/repository/org/sonatype/plexus/plexus-sec-dispatcher/1.3/plexus-sec-dispatcher-1.3.jar:/data02/LCD/.m2/repository/org/sonatype/plexus/plexus-cipher/1.4/plexus-cipher-1.4.jar:/data02/LCD/.m2/repository/org/codehaus/plexus/plexus-utils/3.0.22/plexus-utils-3.0.22.jar:/data02/LCD/.m2/repository/org/apache/maven/shared/file-management/1.2.1/file-management-1.2.1.jar:/data02/LCD/.m2/repository/org/apache/maven/shared/maven-shared-io/1.1/maven-shared-io-1.1.jar:/data02/LCD/.m2/repository/org/apache/maven/maven-artifact-manager/2.0.2/maven-artifact-manager-2.0.2.jar:/data02/LCD/.m2/repository/org/apache/maven/wagon/wagon-provider-api/1.0-alpha-6/wagon-provider-api-1.0-alpha-6.jar:/data02/LCD/.m2/repository/org/codehaus/plexus/plexus-container-default/1.0-alpha-9/plexus-container-default-1.0-alpha-9.jar:/data02/LCD/.m2/repository/classworlds/classworlds/1.1-alpha-2/classworlds-1.1-alpha-2.jar:/data02/LCD/.m2/repository/org/apache/maven/reporting/maven-reporting-api/3.0/maven-reporting-api-3.0.jar:/data02/LCD/.m2/repository/org/apache/maven/doxia/doxia-sink-api/1.0/doxia-sink-api-1.0.jar:/data02/LCD/.m2/repository/org/jacoco/org.jacoco.agent/0.8.7/org.jacoco.agent-0.8.7-runtime.jar:/data02/LCD/.m2/repository/org/jacoco/org.jacoco.core/0.8.7/org.jacoco.core-0.8.7.jar:/data02/LCD/.m2/repository/org/ow2/asm/asm/9.1/asm-9.1.jar:/data02/LCD/.m2/repository/org/ow2/asm/asm-commons/9.1/asm-commons-9.1.jar:/data02/LCD/.m2/repository/org/ow2/asm/asm-analysis/9.1/asm-analysis-9.1.jar:/data02/LCD/.m2/repository/org/ow2/asm/asm-tree/9.1/asm-tree-9.1.jar:/data02/LCD/.m2/repository/org/jacoco/org.jacoco.report/0.8.7/org.jacoco.report-0.8.7.jar:"/>
    <property name="sun.cpu.endian" value="little"/>
    <property name="user.home" value="/data02/LCD"/>
    <property name="user.language" value="en"/>
    <property name="java.specification.vendor" value="Oracle Corporation"/>
    <property name="java.home" value="/data02/LCD/CTCA/environment/jdk1.8.0_391/jre"/>
    <property name="basedir" value="/data02/LCD/CTCA/coverage_test/test_main/TernaryTree/test_operational"/>
    <property name="file.separator" value="/"/>
    <property name="line.separator" value="&#10;"/>
    <property name="java.vm.specification.vendor" value="Oracle Corporation"/>
    <property name="java.specification.name" value="Java Platform API Specification"/>
    <property name="java.awt.graphicsenv" value="sun.awt.X11GraphicsEnvironment"/>
    <property name="surefire.real.class.path" value="/data02/LCD/CTCA/coverage_test/test_main/TernaryTree/test_operational/target/surefire/surefirebooter1077676699260392276.jar:/data02/LCD/.m2/repository/org/jacoco/org.jacoco.agent/0.8.7/org.jacoco.agent-0.8.7-runtime.jar"/>
    <property name="sun.boot.class.path" value="/data02/LCD/CTCA/environment/jdk1.8.0_391/jre/lib/resources.jar:/data02/LCD/CTCA/environment/jdk1.8.0_391/jre/lib/rt.jar:/data02/LCD/CTCA/environment/jdk1.8.0_391/jre/lib/jsse.jar:/data02/LCD/CTCA/environment/jdk1.8.0_391/jre/lib/jce.jar:/data02/LCD/CTCA/environment/jdk1.8.0_391/jre/lib/charsets.jar:/data02/LCD/CTCA/environment/jdk1.8.0_391/jre/lib/jfr.jar:/data02/LCD/CTCA/environment/jdk1.8.0_391/jre/classes"/>
    <property name="sun.management.compiler" value="HotSpot 64-Bit Tiered Compilers"/>
    <property name="java.runtime.version" value="1.8.0_391-b13"/>
    <property name="user.name" value="lcd"/>
    <property name="path.separator" value=":"/>
    <property name="os.version" value="5.15.0-102-generic"/>
    <property name="java.endorsed.dirs" value="/data02/LCD/CTCA/environment/jdk1.8.0_391/jre/lib/endorsed"/>
    <property name="java.runtime.name" value="Java(TM) SE Runtime Environment"/>
    <property name="file.encoding" value="UTF-8"/>
    <property name="java.vm.name" value="Java HotSpot(TM) 64-Bit Server VM"/>
    <property name="localRepository" value="/data02/LCD/.m2/repository"/>
    <property name="java.vendor.url.bug" value="http://bugreport.sun.com/bugreport/"/>
    <property name="java.io.tmpdir" value="/tmp"/>
    <property name="java.version" value="1.8.0_391"/>
    <property name="user.dir" value="/data02/LCD/CTCA/coverage_test/test_main/TernaryTree/test_operational"/>
    <property name="os.arch" value="amd64"/>
    <property name="java.vm.specification.name" value="Java Virtual Machine Specification"/>
    <property name="java.awt.printerjob" value="sun.print.PSPrinterJob"/>
    <property name="sun.os.patch.level" value="unknown"/>
    <property name="java.library.path" value="/usr/local/cuda-11.1/lib64::/usr/java/packages/lib/amd64:/usr/lib64:/lib64:/lib:/usr/lib"/>
    <property name="java.vm.info" value="mixed mode"/>
    <property name="java.vendor" value="Oracle Corporation"/>
    <property name="java.vm.version" value="25.391-b13"/>
    <property name="java.specification.maintenance.version" value="5"/>
    <property name="java.ext.dirs" value="/data02/LCD/CTCA/environment/jdk1.8.0_391/jre/lib/ext:/usr/java/packages/lib/ext"/>
    <property name="sun.io.unicode.encoding" value="UnicodeLittle"/>
    <property name="java.class.version" value="52.0"/>
  </properties>
  <testcase name="test_22" classname="net.mooctest.TernaryTree_sub_10_0_Test" time="0"/>
  <testcase name="test_23" classname="net.mooctest.TernaryTree_sub_10_0_Test" time="0"/>
  <testcase name="test_25" classname="net.mooctest.TernaryTree_sub_10_0_Test" time="0"/>
  <testcase name="test_27" classname="net.mooctest.TernaryTree_sub_10_0_Test" time="0"/>
  <testcase name="test_28" classname="net.mooctest.TernaryTree_sub_10_0_Test" time="0"/>
  <testcase name="test_29" classname="net.mooctest.TernaryTree_sub_10_0_Test" time="0"/>
  <testcase name="test_36" classname="net.mooctest.TernaryTree_sub_10_0_Test" time="0.004"/>
  <testcase name="test_58" classname="net.mooctest.TernaryTree_sub_10_0_Test" time="0"/>
  <testcase name="test_63" classname="net.mooctest.TernaryTree_sub_10_0_Test" time="0"/>
  <testcase name="test_64" classname="net.mooctest.TernaryTree_sub_10_0_Test" time="0.003"/>
  <testcase name="test_90" classname="net.mooctest.TernaryTree_sub_10_0_Test" time="0"/>
  <testcase name="test_1001" classname="net.mooctest.TernaryTree_sub_10_0_Test" time="0"/>
  <testcase name="test_1034" classname="net.mooctest.TernaryTree_sub_10_0_Test" time="0"/>
  <testcase name="test_1035" classname="net.mooctest.TernaryTree_sub_10_0_Test" time="0"/>
  <testcase name="test_1111" classname="net.mooctest.TernaryTree_sub_10_0_Test" time="0"/>
  <testcase name="test_1120" classname="net.mooctest.TernaryTree_sub_10_0_Test" time="0">
    <error type="java.util.EmptyStackException">java.util.EmptyStackException
	at net.mooctest.TernaryTree_sub_10_0_Test.test_1120(TernaryTree_sub_10_0_Test.java:1246)
</error>
  </testcase>
  <testcase name="test_1121" classname="net.mooctest.TernaryTree_sub_10_0_Test" time="0">
    <error type="net.mooctest.EmptyQueueException">net.mooctest.EmptyQueueException
	at net.mooctest.TernaryTree_sub_10_0_Test.test_1121(TernaryTree_sub_10_0_Test.java:2902)
</error>
  </testcase>
  <testcase name="test_1126" classname="net.mooctest.TernaryTree_sub_10_0_Test" time="0"/>
  <testcase name="test_1288" classname="net.mooctest.TernaryTree_sub_10_0_Test" time="0"/>
  <testcase name="test_1295" classname="net.mooctest.TernaryTree_sub_10_0_Test" time="0"/>
  <testcase name="test_1297" classname="net.mooctest.TernaryTree_sub_10_0_Test" time="0"/>
  <testcase name="test_1315" classname="net.mooctest.TernaryTree_sub_10_0_Test" time="0"/>
  <testcase name="test_1320" classname="net.mooctest.TernaryTree_sub_10_0_Test" time="0"/>
  <testcase name="test_1337" classname="net.mooctest.TernaryTree_sub_10_0_Test" time="0"/>
  <testcase name="test_1513" classname="net.mooctest.TernaryTree_sub_10_0_Test" time="0"/>
  <testcase name="test_1528" classname="net.mooctest.TernaryTree_sub_10_0_Test" time="0"/>
  <testcase name="test_1530" classname="net.mooctest.TernaryTree_sub_10_0_Test" time="0.001"/>
  <testcase name="test_1669" classname="net.mooctest.TernaryTree_sub_10_0_Test" time="0"/>
  <testcase name="test_1672" classname="net.mooctest.TernaryTree_sub_10_0_Test" time="0"/>
  <testcase name="test_1740" classname="net.mooctest.TernaryTree_sub_10_0_Test" time="0"/>
  <testcase name="test_1742" classname="net.mooctest.TernaryTree_sub_10_0_Test" time="0">
    <error type="net.mooctest.EmptyQueueException">net.mooctest.EmptyQueueException
	at net.mooctest.TernaryTree_sub_10_0_Test.test_1742(TernaryTree_sub_10_0_Test.java:2920)
</error>
  </testcase>
  <testcase name="test_1807" classname="net.mooctest.TernaryTree_sub_10_0_Test" time="0"/>
  <testcase name="test_1808" classname="net.mooctest.TernaryTree_sub_10_0_Test" time="0"/>
  <testcase name="test_1809" classname="net.mooctest.TernaryTree_sub_10_0_Test" time="0"/>
  <testcase name="test_1906" classname="net.mooctest.TernaryTree_sub_10_0_Test" time="0"/>
  <testcase name="test_2002" classname="net.mooctest.TernaryTree_sub_10_0_Test" time="0.001"/>
  <testcase name="test_2005" classname="net.mooctest.TernaryTree_sub_10_0_Test" time="0"/>
  <testcase name="test_2010" classname="net.mooctest.TernaryTree_sub_10_0_Test" time="0"/>
  <testcase name="test_2011" classname="net.mooctest.TernaryTree_sub_10_0_Test" time="0"/>
  <testcase name="test_2015" classname="net.mooctest.TernaryTree_sub_10_0_Test" time="0"/>
  <testcase name="test_2016" classname="net.mooctest.TernaryTree_sub_10_0_Test" time="0"/>
  <testcase name="test_2017" classname="net.mooctest.TernaryTree_sub_10_0_Test" time="0"/>
  <testcase name="test_2019" classname="net.mooctest.TernaryTree_sub_10_0_Test" time="0"/>
  <testcase name="test_2020" classname="net.mooctest.TernaryTree_sub_10_0_Test" time="0"/>
  <testcase name="test_2040" classname="net.mooctest.TernaryTree_sub_10_0_Test" time="0"/>
  <testcase name="test_2098" classname="net.mooctest.TernaryTree_sub_10_0_Test" time="0"/>
  <testcase name="test_2100" classname="net.mooctest.TernaryTree_sub_10_0_Test" time="0"/>
  <testcase name="test_2166" classname="net.mooctest.TernaryTree_sub_10_0_Test" time="0"/>
  <testcase name="test_2289" classname="net.mooctest.TernaryTree_sub_10_0_Test" time="0"/>
  <testcase name="test_2299" classname="net.mooctest.TernaryTree_sub_10_0_Test" time="0"/>
  <testcase name="test_2300" classname="net.mooctest.TernaryTree_sub_10_0_Test" time="0"/>
  <testcase name="test_2326" classname="net.mooctest.TernaryTree_sub_10_0_Test" time="0"/>
  <testcase name="test_2405" classname="net.mooctest.TernaryTree_sub_10_0_Test" time="0"/>
  <testcase name="test_2640" classname="net.mooctest.TernaryTree_sub_10_0_Test" time="0"/>
  <testcase name="test_2643" classname="net.mooctest.TernaryTree_sub_10_0_Test" time="0"/>
  <testcase name="test_2646" classname="net.mooctest.TernaryTree_sub_10_0_Test" time="0"/>
  <testcase name="test_2649" classname="net.mooctest.TernaryTree_sub_10_0_Test" time="0.001"/>
  <testcase name="test_2814" classname="net.mooctest.TernaryTree_sub_10_0_Test" time="0"/>
  <testcase name="test_2828" classname="net.mooctest.TernaryTree_sub_10_0_Test" time="0"/>
  <testcase name="test_2960" classname="net.mooctest.TernaryTree_sub_10_0_Test" time="0"/>
  <testcase name="test_3036" classname="net.mooctest.TernaryTree_sub_10_0_Test" time="0"/>
  <testcase name="test_3068" classname="net.mooctest.TernaryTree_sub_10_0_Test" time="0"/>
  <testcase name="test_3155" classname="net.mooctest.TernaryTree_sub_10_0_Test" time="0"/>
  <testcase name="test_3160" classname="net.mooctest.TernaryTree_sub_10_0_Test" time="0"/>
  <testcase name="test_3178" classname="net.mooctest.TernaryTree_sub_10_0_Test" time="0"/>
  <testcase name="test_3212" classname="net.mooctest.TernaryTree_sub_10_0_Test" time="0"/>
  <testcase name="test_3268" classname="net.mooctest.TernaryTree_sub_10_0_Test" time="0"/>
  <testcase name="test_3439" classname="net.mooctest.TernaryTree_sub_10_0_Test" time="0"/>
  <testcase name="test_3441" classname="net.mooctest.TernaryTree_sub_10_0_Test" time="0"/>
  <testcase name="test_3639" classname="net.mooctest.TernaryTree_sub_10_0_Test" time="0.001"/>
  <testcase name="test_3702" classname="net.mooctest.TernaryTree_sub_10_0_Test" time="0"/>
  <testcase name="test_3721" classname="net.mooctest.TernaryTree_sub_10_0_Test" time="0"/>
  <testcase name="test_3737" classname="net.mooctest.TernaryTree_sub_10_0_Test" time="0"/>
  <testcase name="test_3845" classname="net.mooctest.TernaryTree_sub_10_0_Test" time="0"/>
  <testcase name="test_3864" classname="net.mooctest.TernaryTree_sub_10_0_Test" time="0"/>
  <testcase name="test_3926" classname="net.mooctest.TernaryTree_sub_10_0_Test" time="0"/>
  <testcase name="test_3947" classname="net.mooctest.TernaryTree_sub_10_0_Test" time="0.001"/>
  <testcase name="test_3949" classname="net.mooctest.TernaryTree_sub_10_0_Test" time="0"/>
  <testcase name="test_3950" classname="net.mooctest.TernaryTree_sub_10_0_Test" time="0">
    <failure message="expected:&lt;5&gt; but was:&lt;net.mooctest.TernaryNode@28486680&gt;" type="java.lang.AssertionError"><![CDATA[java.lang.AssertionError: expected:<5> but was:<net.mooctest.TernaryNode@28486680>
	at net.mooctest.TernaryTree_sub_10_0_Test.test_3950(TernaryTree_sub_10_0_Test.java:1987)
]]></failure>
  </testcase>
  <testcase name="test_3958" classname="net.mooctest.TernaryTree_sub_10_0_Test" time="0"/>
  <testcase name="test_3968" classname="net.mooctest.TernaryTree_sub_10_0_Test" time="0.001"/>
  <testcase name="test_4040" classname="net.mooctest.TernaryTree_sub_10_0_Test" time="0"/>
  <testcase name="test_4045" classname="net.mooctest.TernaryTree_sub_10_0_Test" time="0"/>
  <testcase name="test_4054" classname="net.mooctest.TernaryTree_sub_10_0_Test" time="0"/>
  <testcase name="test_4057" classname="net.mooctest.TernaryTree_sub_10_0_Test" time="0"/>
  <testcase name="test_4065" classname="net.mooctest.TernaryTree_sub_10_0_Test" time="0"/>
  <testcase name="test_4103" classname="net.mooctest.TernaryTree_sub_10_0_Test" time="0"/>
  <testcase name="test_4133" classname="net.mooctest.TernaryTree_sub_10_0_Test" time="0"/>
  <testcase name="test_4144" classname="net.mooctest.TernaryTree_sub_10_0_Test" time="0"/>
  <testcase name="test_4154" classname="net.mooctest.TernaryTree_sub_10_0_Test" time="0"/>
  <testcase name="test_4174" classname="net.mooctest.TernaryTree_sub_10_0_Test" time="0"/>
  <testcase name="test_4182" classname="net.mooctest.TernaryTree_sub_10_0_Test" time="0"/>
  <testcase name="test_4184" classname="net.mooctest.TernaryTree_sub_10_0_Test" time="0"/>
  <testcase name="test_4191" classname="net.mooctest.TernaryTree_sub_10_0_Test" time="0"/>
  <testcase name="test_4192" classname="net.mooctest.TernaryTree_sub_10_0_Test" time="0"/>
  <testcase name="test_4196" classname="net.mooctest.TernaryTree_sub_10_0_Test" time="0"/>
  <testcase name="test_4201" classname="net.mooctest.TernaryTree_sub_10_0_Test" time="0"/>
  <testcase name="test_4202" classname="net.mooctest.TernaryTree_sub_10_0_Test" time="0"/>
  <testcase name="test_4210" classname="net.mooctest.TernaryTree_sub_10_0_Test" time="0"/>
  <testcase name="test_4212" classname="net.mooctest.TernaryTree_sub_10_0_Test" time="0"/>
  <testcase name="test_4231" classname="net.mooctest.TernaryTree_sub_10_0_Test" time="0"/>
  <testcase name="test_4255" classname="net.mooctest.TernaryTree_sub_10_0_Test" time="0"/>
  <testcase name="test_4256" classname="net.mooctest.TernaryTree_sub_10_0_Test" time="0"/>
  <testcase name="test_4265" classname="net.mooctest.TernaryTree_sub_10_0_Test" time="0"/>
  <testcase name="test_4326" classname="net.mooctest.TernaryTree_sub_10_0_Test" time="0"/>
  <testcase name="test_4345" classname="net.mooctest.TernaryTree_sub_10_0_Test" time="0"/>
  <testcase name="test_4358" classname="net.mooctest.TernaryTree_sub_10_0_Test" time="0"/>
  <testcase name="test_4360" classname="net.mooctest.TernaryTree_sub_10_0_Test" time="0.001"/>
  <testcase name="test_4374" classname="net.mooctest.TernaryTree_sub_10_0_Test" time="0"/>
  <testcase name="test_4384" classname="net.mooctest.TernaryTree_sub_10_0_Test" time="0"/>
  <testcase name="test_4491" classname="net.mooctest.TernaryTree_sub_10_0_Test" time="0"/>
  <testcase name="test_4501" classname="net.mooctest.TernaryTree_sub_10_0_Test" time="0"/>
  <testcase name="test_4523" classname="net.mooctest.TernaryTree_sub_10_0_Test" time="0"/>
  <testcase name="test_4529" classname="net.mooctest.TernaryTree_sub_10_0_Test" time="0"/>
  <testcase name="test_4549" classname="net.mooctest.TernaryTree_sub_10_0_Test" time="0"/>
  <testcase name="test_4567" classname="net.mooctest.TernaryTree_sub_10_0_Test" time="0"/>
  <testcase name="test_4753" classname="net.mooctest.TernaryTree_sub_10_0_Test" time="0.001"/>
  <testcase name="test_4763" classname="net.mooctest.TernaryTree_sub_10_0_Test" time="0.001"/>
  <testcase name="test_4764" classname="net.mooctest.TernaryTree_sub_10_0_Test" time="0"/>
  <testcase name="test_4768" classname="net.mooctest.TernaryTree_sub_10_0_Test" time="0"/>
  <testcase name="test_4875" classname="net.mooctest.TernaryTree_sub_10_0_Test" time="0.001"/>
  <testcase name="test_4891" classname="net.mooctest.TernaryTree_sub_10_0_Test" time="0"/>
  <testcase name="test_4936" classname="net.mooctest.TernaryTree_sub_10_0_Test" time="0"/>
  <testcase name="test_4953" classname="net.mooctest.TernaryTree_sub_10_0_Test" time="0"/>
  <testcase name="test_4959" classname="net.mooctest.TernaryTree_sub_10_0_Test" time="0"/>
  <testcase name="test_4966" classname="net.mooctest.TernaryTree_sub_10_0_Test" time="0"/>
  <testcase name="test_4967" classname="net.mooctest.TernaryTree_sub_10_0_Test" time="0"/>
  <testcase name="test_4974" classname="net.mooctest.TernaryTree_sub_10_0_Test" time="0"/>
  <testcase name="test_5010" classname="net.mooctest.TernaryTree_sub_10_0_Test" time="0"/>
  <testcase name="test_5032" classname="net.mooctest.TernaryTree_sub_10_0_Test" time="0"/>
  <testcase name="test_5037" classname="net.mooctest.TernaryTree_sub_10_0_Test" time="0"/>
  <testcase name="test_5090" classname="net.mooctest.TernaryTree_sub_10_0_Test" time="0"/>
  <testcase name="test_5092" classname="net.mooctest.TernaryTree_sub_10_0_Test" time="0"/>
  <testcase name="test_5094" classname="net.mooctest.TernaryTree_sub_10_0_Test" time="0"/>
  <testcase name="test_5098" classname="net.mooctest.TernaryTree_sub_10_0_Test" time="0.001">
    <error type="java.lang.NullPointerException">java.lang.NullPointerException
	at net.mooctest.TernaryTree_sub_10_0_Test.test_5098(TernaryTree_sub_10_0_Test.java:927)
</error>
  </testcase>
  <testcase name="test_5135" classname="net.mooctest.TernaryTree_sub_10_0_Test" time="0"/>
  <testcase name="test_5183" classname="net.mooctest.TernaryTree_sub_10_0_Test" time="0"/>
  <testcase name="test_5184" classname="net.mooctest.TernaryTree_sub_10_0_Test" time="0"/>
  <testcase name="test_5189" classname="net.mooctest.TernaryTree_sub_10_0_Test" time="0"/>
  <testcase name="test_5200" classname="net.mooctest.TernaryTree_sub_10_0_Test" time="0"/>
  <testcase name="test_5201" classname="net.mooctest.TernaryTree_sub_10_0_Test" time="0"/>
  <testcase name="test_5221" classname="net.mooctest.TernaryTree_sub_10_0_Test" time="0"/>
  <testcase name="test_5313" classname="net.mooctest.TernaryTree_sub_10_0_Test" time="0"/>
  <testcase name="test_6163" classname="net.mooctest.TernaryTree_sub_10_0_Test" time="0"/>
  <testcase name="test_6175" classname="net.mooctest.TernaryTree_sub_10_0_Test" time="0"/>
  <testcase name="test_6233" classname="net.mooctest.TernaryTree_sub_10_0_Test" time="0"/>
  <testcase name="test_6269" classname="net.mooctest.TernaryTree_sub_10_0_Test" time="0.001"/>
  <testcase name="test_6443" classname="net.mooctest.TernaryTree_sub_10_0_Test" time="0"/>
  <testcase name="test_6468" classname="net.mooctest.TernaryTree_sub_10_0_Test" time="0"/>
  <testcase name="test_6469" classname="net.mooctest.TernaryTree_sub_10_0_Test" time="0"/>
  <testcase name="test_6472" classname="net.mooctest.TernaryTree_sub_10_0_Test" time="0"/>
  <testcase name="test_6613" classname="net.mooctest.TernaryTree_sub_10_0_Test" time="0"/>
  <testcase name="test_6688" classname="net.mooctest.TernaryTree_sub_10_0_Test" time="0"/>
  <testcase name="test_6697" classname="net.mooctest.TernaryTree_sub_10_0_Test" time="0"/>
  <testcase name="test_6698" classname="net.mooctest.TernaryTree_sub_10_0_Test" time="0"/>
  <testcase name="test_6723" classname="net.mooctest.TernaryTree_sub_10_0_Test" time="0"/>
  <testcase name="test_6729" classname="net.mooctest.TernaryTree_sub_10_0_Test" time="0"/>
  <testcase name="test_6878" classname="net.mooctest.TernaryTree_sub_10_0_Test" time="0.007"/>
  <testcase name="test_7002" classname="net.mooctest.TernaryTree_sub_10_0_Test" time="0"/>
  <testcase name="test_7009" classname="net.mooctest.TernaryTree_sub_10_0_Test" time="0"/>
  <testcase name="test_7160" classname="net.mooctest.TernaryTree_sub_10_0_Test" time="0">
    <error type="java.util.EmptyStackException">java.util.EmptyStackException
	at net.mooctest.TernaryTree_sub_10_0_Test.test_7160(TernaryTree_sub_10_0_Test.java:1856)
</error>
  </testcase>
  <testcase name="test_7554" classname="net.mooctest.TernaryTree_sub_10_0_Test" time="0"/>
  <testcase name="test_7557" classname="net.mooctest.TernaryTree_sub_10_0_Test" time="0"/>
  <testcase name="test_7785" classname="net.mooctest.TernaryTree_sub_10_0_Test" time="0"/>
  <testcase name="test_7794" classname="net.mooctest.TernaryTree_sub_10_0_Test" time="0"/>
  <testcase name="test_7795" classname="net.mooctest.TernaryTree_sub_10_0_Test" time="0"/>
  <testcase name="test_7799" classname="net.mooctest.TernaryTree_sub_10_0_Test" time="0"/>
  <testcase name="test_7839" classname="net.mooctest.TernaryTree_sub_10_0_Test" time="0"/>
  <testcase name="test_8000" classname="net.mooctest.TernaryTree_sub_10_0_Test" time="0"/>
  <testcase name="test_8027" classname="net.mooctest.TernaryTree_sub_10_0_Test" time="0"/>
  <testcase name="test_8028" classname="net.mooctest.TernaryTree_sub_10_0_Test" time="0"/>
  <testcase name="test_8062" classname="net.mooctest.TernaryTree_sub_10_0_Test" time="0"/>
  <testcase name="test_8064" classname="net.mooctest.TernaryTree_sub_10_0_Test" time="0"/>
  <testcase name="test_8110" classname="net.mooctest.TernaryTree_sub_10_0_Test" time="0"/>
  <testcase name="test_8204" classname="net.mooctest.TernaryTree_sub_10_0_Test" time="0"/>
  <testcase name="test_8218" classname="net.mooctest.TernaryTree_sub_10_0_Test" time="0"/>
  <testcase name="test_8223" classname="net.mooctest.TernaryTree_sub_10_0_Test" time="0"/>
  <testcase name="test_8224" classname="net.mooctest.TernaryTree_sub_10_0_Test" time="0"/>
  <testcase name="test_8227" classname="net.mooctest.TernaryTree_sub_10_0_Test" time="0"/>
  <testcase name="test_8229" classname="net.mooctest.TernaryTree_sub_10_0_Test" time="0"/>
  <testcase name="test_8365" classname="net.mooctest.TernaryTree_sub_10_0_Test" time="0"/>
  <testcase name="test_8377" classname="net.mooctest.TernaryTree_sub_10_0_Test" time="0"/>
  <testcase name="test_8463" classname="net.mooctest.TernaryTree_sub_10_0_Test" time="0"/>
  <testcase name="test_8472" classname="net.mooctest.TernaryTree_sub_10_0_Test" time="0"/>
  <testcase name="test_8480" classname="net.mooctest.TernaryTree_sub_10_0_Test" time="0"/>
  <testcase name="test_8491" classname="net.mooctest.TernaryTree_sub_10_0_Test" time="0"/>
  <testcase name="test_8507" classname="net.mooctest.TernaryTree_sub_10_0_Test" time="0"/>
  <testcase name="test_8688" classname="net.mooctest.TernaryTree_sub_10_0_Test" time="0"/>
  <testcase name="test_8754" classname="net.mooctest.TernaryTree_sub_10_0_Test" time="0"/>
  <testcase name="test_8910" classname="net.mooctest.TernaryTree_sub_10_0_Test" time="0"/>
  <testcase name="test_9124" classname="net.mooctest.TernaryTree_sub_10_0_Test" time="0"/>
  <testcase name="test_9480" classname="net.mooctest.TernaryTree_sub_10_0_Test" time="0"/>
  <testcase name="test_9606" classname="net.mooctest.TernaryTree_sub_10_0_Test" time="0"/>
  <testcase name="test_9702" classname="net.mooctest.TernaryTree_sub_10_0_Test" time="0"/>
  <testcase name="test_9998" classname="net.mooctest.TernaryTree_sub_10_0_Test" time="0"/>
  <testcase name="test_109" classname="net.mooctest.TernaryTree_sub_10_0_Test" time="0"/>
  <testcase name="test_111" classname="net.mooctest.TernaryTree_sub_10_0_Test" time="0"/>
  <testcase name="test_113" classname="net.mooctest.TernaryTree_sub_10_0_Test" time="0"/>
  <testcase name="test_114" classname="net.mooctest.TernaryTree_sub_10_0_Test" time="0"/>
  <testcase name="test_117" classname="net.mooctest.TernaryTree_sub_10_0_Test" time="0"/>
  <testcase name="test_118" classname="net.mooctest.TernaryTree_sub_10_0_Test" time="0"/>
  <testcase name="test_120" classname="net.mooctest.TernaryTree_sub_10_0_Test" time="0"/>
  <testcase name="test_125" classname="net.mooctest.TernaryTree_sub_10_0_Test" time="0"/>
  <testcase name="test_131" classname="net.mooctest.TernaryTree_sub_10_0_Test" time="0"/>
  <testcase name="test_133" classname="net.mooctest.TernaryTree_sub_10_0_Test" time="0"/>
  <testcase name="test_135" classname="net.mooctest.TernaryTree_sub_10_0_Test" time="0"/>
  <testcase name="test_144" classname="net.mooctest.TernaryTree_sub_10_0_Test" time="0"/>
  <testcase name="test_166" classname="net.mooctest.TernaryTree_sub_10_0_Test" time="0"/>
  <testcase name="test_168" classname="net.mooctest.TernaryTree_sub_10_0_Test" time="0"/>
  <testcase name="test_208" classname="net.mooctest.TernaryTree_sub_10_0_Test" time="0"/>
  <testcase name="test_224" classname="net.mooctest.TernaryTree_sub_10_0_Test" time="0"/>
  <testcase name="test_233" classname="net.mooctest.TernaryTree_sub_10_0_Test" time="0"/>
  <testcase name="test_236" classname="net.mooctest.TernaryTree_sub_10_0_Test" time="0"/>
  <testcase name="test_249" classname="net.mooctest.TernaryTree_sub_10_0_Test" time="0"/>
  <testcase name="test_251" classname="net.mooctest.TernaryTree_sub_10_0_Test" time="0"/>
  <testcase name="test_255" classname="net.mooctest.TernaryTree_sub_10_0_Test" time="0"/>
  <testcase name="test_256" classname="net.mooctest.TernaryTree_sub_10_0_Test" time="0"/>
  <testcase name="test_264" classname="net.mooctest.TernaryTree_sub_10_0_Test" time="0"/>
  <testcase name="test_270" classname="net.mooctest.TernaryTree_sub_10_0_Test" time="0.015">
    <failure message="expected:&lt;10&gt; but was:&lt;30&gt;" type="java.lang.AssertionError"><![CDATA[java.lang.AssertionError: expected:<10> but was:<30>
	at net.mooctest.TernaryTree_sub_10_0_Test.test_270(TernaryTree_sub_10_0_Test.java:893)
]]></failure>
    <system-err><![CDATA[java.lang.NullPointerException
	at net.mooctest.TernaryTree.getHeight(TernaryTree.java:91)
	at net.mooctest.TernaryTree_sub_10_0_Test.test_270(TernaryTree_sub_10_0_Test.java:788)
	at sun.reflect.NativeMethodAccessorImpl.invoke0(Native Method)
	at sun.reflect.NativeMethodAccessorImpl.invoke(NativeMethodAccessorImpl.java:62)
	at sun.reflect.DelegatingMethodAccessorImpl.invoke(DelegatingMethodAccessorImpl.java:43)
	at java.lang.reflect.Method.invoke(Method.java:498)
	at org.junit.runners.model.FrameworkMethod$1.runReflectiveCall(FrameworkMethod.java:50)
	at org.junit.internal.runners.model.ReflectiveCallable.run(ReflectiveCallable.java:12)
	at org.junit.runners.model.FrameworkMethod.invokeExplosively(FrameworkMethod.java:47)
	at org.junit.internal.runners.statements.InvokeMethod.evaluate(InvokeMethod.java:17)
	at org.junit.runners.ParentRunner.runLeaf(ParentRunner.java:325)
	at org.junit.runners.BlockJUnit4ClassRunner.runChild(BlockJUnit4ClassRunner.java:78)
	at org.junit.runners.BlockJUnit4ClassRunner.runChild(BlockJUnit4ClassRunner.java:57)
	at org.junit.runners.ParentRunner$3.run(ParentRunner.java:290)
	at org.junit.runners.ParentRunner$1.schedule(ParentRunner.java:71)
	at org.junit.runners.ParentRunner.runChildren(ParentRunner.java:288)
	at org.junit.runners.ParentRunner.access$000(ParentRunner.java:58)
	at org.junit.runners.ParentRunner$2.evaluate(ParentRunner.java:268)
	at org.junit.runners.ParentRunner.run(ParentRunner.java:363)
	at org.apache.maven.surefire.junit4.JUnit4Provider.execute(JUnit4Provider.java:365)
	at org.apache.maven.surefire.junit4.JUnit4Provider.executeWithRerun(JUnit4Provider.java:273)
	at org.apache.maven.surefire.junit4.JUnit4Provider.executeTestSet(JUnit4Provider.java:238)
	at org.apache.maven.surefire.junit4.JUnit4Provider.invoke(JUnit4Provider.java:159)
	at org.apache.maven.surefire.booter.ForkedBooter.invokeProviderInSameClassLoader(ForkedBooter.java:384)
	at org.apache.maven.surefire.booter.ForkedBooter.runSuitesInProcess(ForkedBooter.java:345)
	at org.apache.maven.surefire.booter.ForkedBooter.execute(ForkedBooter.java:126)
	at org.apache.maven.surefire.booter.ForkedBooter.main(ForkedBooter.java:418)
java.lang.NullPointerException
	at net.mooctest.TernaryTree.getNumberOfNodes(TernaryTree.java:97)
	at net.mooctest.TernaryTree_sub_10_0_Test.test_270(TernaryTree_sub_10_0_Test.java:798)
	at sun.reflect.NativeMethodAccessorImpl.invoke0(Native Method)
	at sun.reflect.NativeMethodAccessorImpl.invoke(NativeMethodAccessorImpl.java:62)
	at sun.reflect.DelegatingMethodAccessorImpl.invoke(DelegatingMethodAccessorImpl.java:43)
	at java.lang.reflect.Method.invoke(Method.java:498)
	at org.junit.runners.model.FrameworkMethod$1.runReflectiveCall(FrameworkMethod.java:50)
	at org.junit.internal.runners.model.ReflectiveCallable.run(ReflectiveCallable.java:12)
	at org.junit.runners.model.FrameworkMethod.invokeExplosively(FrameworkMethod.java:47)
	at org.junit.internal.runners.statements.InvokeMethod.evaluate(InvokeMethod.java:17)
	at org.junit.runners.ParentRunner.runLeaf(ParentRunner.java:325)
	at org.junit.runners.BlockJUnit4ClassRunner.runChild(BlockJUnit4ClassRunner.java:78)
	at org.junit.runners.BlockJUnit4ClassRunner.runChild(BlockJUnit4ClassRunner.java:57)
	at org.junit.runners.ParentRunner$3.run(ParentRunner.java:290)
	at org.junit.runners.ParentRunner$1.schedule(ParentRunner.java:71)
	at org.junit.runners.ParentRunner.runChildren(ParentRunner.java:288)
	at org.junit.runners.ParentRunner.access$000(ParentRunner.java:58)
	at org.junit.runners.ParentRunner$2.evaluate(ParentRunner.java:268)
	at org.junit.runners.ParentRunner.run(ParentRunner.java:363)
	at org.apache.maven.surefire.junit4.JUnit4Provider.execute(JUnit4Provider.java:365)
	at org.apache.maven.surefire.junit4.JUnit4Provider.executeWithRerun(JUnit4Provider.java:273)
	at org.apache.maven.surefire.junit4.JUnit4Provider.executeTestSet(JUnit4Provider.java:238)
	at org.apache.maven.surefire.junit4.JUnit4Provider.invoke(JUnit4Provider.java:159)
	at org.apache.maven.surefire.booter.ForkedBooter.invokeProviderInSameClassLoader(ForkedBooter.java:384)
	at org.apache.maven.surefire.booter.ForkedBooter.runSuitesInProcess(ForkedBooter.java:345)
	at org.apache.maven.surefire.booter.ForkedBooter.execute(ForkedBooter.java:126)
	at org.apache.maven.surefire.booter.ForkedBooter.main(ForkedBooter.java:418)
java.lang.UnsupportedOperationException
	at net.mooctest.TernaryTree.getInorderIterator(TernaryTree.java:130)
	at net.mooctest.TernaryTree_sub_10_0_Test.test_270(TernaryTree_sub_10_0_Test.java:803)
	at sun.reflect.NativeMethodAccessorImpl.invoke0(Native Method)
	at sun.reflect.NativeMethodAccessorImpl.invoke(NativeMethodAccessorImpl.java:62)
	at sun.reflect.DelegatingMethodAccessorImpl.invoke(DelegatingMethodAccessorImpl.java:43)
	at java.lang.reflect.Method.invoke(Method.java:498)
	at org.junit.runners.model.FrameworkMethod$1.runReflectiveCall(FrameworkMethod.java:50)
	at org.junit.internal.runners.model.ReflectiveCallable.run(ReflectiveCallable.java:12)
	at org.junit.runners.model.FrameworkMethod.invokeExplosively(FrameworkMethod.java:47)
	at org.junit.internal.runners.statements.InvokeMethod.evaluate(InvokeMethod.java:17)
	at org.junit.runners.ParentRunner.runLeaf(ParentRunner.java:325)
	at org.junit.runners.BlockJUnit4ClassRunner.runChild(BlockJUnit4ClassRunner.java:78)
	at org.junit.runners.BlockJUnit4ClassRunner.runChild(BlockJUnit4ClassRunner.java:57)
	at org.junit.runners.ParentRunner$3.run(ParentRunner.java:290)
	at org.junit.runners.ParentRunner$1.schedule(ParentRunner.java:71)
	at org.junit.runners.ParentRunner.runChildren(ParentRunner.java:288)
	at org.junit.runners.ParentRunner.access$000(ParentRunner.java:58)
	at org.junit.runners.ParentRunner$2.evaluate(ParentRunner.java:268)
	at org.junit.runners.ParentRunner.run(ParentRunner.java:363)
	at org.apache.maven.surefire.junit4.JUnit4Provider.execute(JUnit4Provider.java:365)
	at org.apache.maven.surefire.junit4.JUnit4Provider.executeWithRerun(JUnit4Provider.java:273)
	at org.apache.maven.surefire.junit4.JUnit4Provider.executeTestSet(JUnit4Provider.java:238)
	at org.apache.maven.surefire.junit4.JUnit4Provider.invoke(JUnit4Provider.java:159)
	at org.apache.maven.surefire.booter.ForkedBooter.invokeProviderInSameClassLoader(ForkedBooter.java:384)
	at org.apache.maven.surefire.booter.ForkedBooter.runSuitesInProcess(ForkedBooter.java:345)
	at org.apache.maven.surefire.booter.ForkedBooter.execute(ForkedBooter.java:126)
	at org.apache.maven.surefire.booter.ForkedBooter.main(ForkedBooter.java:418)
java.util.NoSuchElementException
	at net.mooctest.TernaryTree$PreorderIterator.next(TernaryTree.java:173)
	at net.mooctest.TernaryTree_sub_10_0_Test.test_270(TernaryTree_sub_10_0_Test.java:819)
	at sun.reflect.NativeMethodAccessorImpl.invoke0(Native Method)
	at sun.reflect.NativeMethodAccessorImpl.invoke(NativeMethodAccessorImpl.java:62)
	at sun.reflect.DelegatingMethodAccessorImpl.invoke(DelegatingMethodAccessorImpl.java:43)
	at java.lang.reflect.Method.invoke(Method.java:498)
	at org.junit.runners.model.FrameworkMethod$1.runReflectiveCall(FrameworkMethod.java:50)
	at org.junit.internal.runners.model.ReflectiveCallable.run(ReflectiveCallable.java:12)
	at org.junit.runners.model.FrameworkMethod.invokeExplosively(FrameworkMethod.java:47)
	at org.junit.internal.runners.statements.InvokeMethod.evaluate(InvokeMethod.java:17)
	at org.junit.runners.ParentRunner.runLeaf(ParentRunner.java:325)
	at org.junit.runners.BlockJUnit4ClassRunner.runChild(BlockJUnit4ClassRunner.java:78)
	at org.junit.runners.BlockJUnit4ClassRunner.runChild(BlockJUnit4ClassRunner.java:57)
	at org.junit.runners.ParentRunner$3.run(ParentRunner.java:290)
	at org.junit.runners.ParentRunner$1.schedule(ParentRunner.java:71)
	at org.junit.runners.ParentRunner.runChildren(ParentRunner.java:288)
	at org.junit.runners.ParentRunner.access$000(ParentRunner.java:58)
	at org.junit.runners.ParentRunner$2.evaluate(ParentRunner.java:268)
	at org.junit.runners.ParentRunner.run(ParentRunner.java:363)
	at org.apache.maven.surefire.junit4.JUnit4Provider.execute(JUnit4Provider.java:365)
	at org.apache.maven.surefire.junit4.JUnit4Provider.executeWithRerun(JUnit4Provider.java:273)
	at org.apache.maven.surefire.junit4.JUnit4Provider.executeTestSet(JUnit4Provider.java:238)
	at org.apache.maven.surefire.junit4.JUnit4Provider.invoke(JUnit4Provider.java:159)
	at org.apache.maven.surefire.booter.ForkedBooter.invokeProviderInSameClassLoader(ForkedBooter.java:384)
	at org.apache.maven.surefire.booter.ForkedBooter.runSuitesInProcess(ForkedBooter.java:345)
	at org.apache.maven.surefire.booter.ForkedBooter.execute(ForkedBooter.java:126)
	at org.apache.maven.surefire.booter.ForkedBooter.main(ForkedBooter.java:418)
java.lang.UnsupportedOperationException
	at net.mooctest.TernaryTree$PreorderIterator.remove(TernaryTree.java:180)
	at net.mooctest.TernaryTree_sub_10_0_Test.test_270(TernaryTree_sub_10_0_Test.java:824)
	at sun.reflect.NativeMethodAccessorImpl.invoke0(Native Method)
	at sun.reflect.NativeMethodAccessorImpl.invoke(NativeMethodAccessorImpl.java:62)
	at sun.reflect.DelegatingMethodAccessorImpl.invoke(DelegatingMethodAccessorImpl.java:43)
	at java.lang.reflect.Method.invoke(Method.java:498)
	at org.junit.runners.model.FrameworkMethod$1.runReflectiveCall(FrameworkMethod.java:50)
	at org.junit.internal.runners.model.ReflectiveCallable.run(ReflectiveCallable.java:12)
	at org.junit.runners.model.FrameworkMethod.invokeExplosively(FrameworkMethod.java:47)
	at org.junit.internal.runners.statements.InvokeMethod.evaluate(InvokeMethod.java:17)
	at org.junit.runners.ParentRunner.runLeaf(ParentRunner.java:325)
	at org.junit.runners.BlockJUnit4ClassRunner.runChild(BlockJUnit4ClassRunner.java:78)
	at org.junit.runners.BlockJUnit4ClassRunner.runChild(BlockJUnit4ClassRunner.java:57)
	at org.junit.runners.ParentRunner$3.run(ParentRunner.java:290)
	at org.junit.runners.ParentRunner$1.schedule(ParentRunner.java:71)
	at org.junit.runners.ParentRunner.runChildren(ParentRunner.java:288)
	at org.junit.runners.ParentRunner.access$000(ParentRunner.java:58)
	at org.junit.runners.ParentRunner$2.evaluate(ParentRunner.java:268)
	at org.junit.runners.ParentRunner.run(ParentRunner.java:363)
	at org.apache.maven.surefire.junit4.JUnit4Provider.execute(JUnit4Provider.java:365)
	at org.apache.maven.surefire.junit4.JUnit4Provider.executeWithRerun(JUnit4Provider.java:273)
	at org.apache.maven.surefire.junit4.JUnit4Provider.executeTestSet(JUnit4Provider.java:238)
	at org.apache.maven.surefire.junit4.JUnit4Provider.invoke(JUnit4Provider.java:159)
	at org.apache.maven.surefire.booter.ForkedBooter.invokeProviderInSameClassLoader(ForkedBooter.java:384)
	at org.apache.maven.surefire.booter.ForkedBooter.runSuitesInProcess(ForkedBooter.java:345)
	at org.apache.maven.surefire.booter.ForkedBooter.execute(ForkedBooter.java:126)
	at org.apache.maven.surefire.booter.ForkedBooter.main(ForkedBooter.java:418)
java.util.NoSuchElementException
	at net.mooctest.TernaryTree$PostorderIterator.next(TernaryTree.java:267)
	at net.mooctest.TernaryTree_sub_10_0_Test.test_270(TernaryTree_sub_10_0_Test.java:829)
	at sun.reflect.NativeMethodAccessorImpl.invoke0(Native Method)
	at sun.reflect.NativeMethodAccessorImpl.invoke(NativeMethodAccessorImpl.java:62)
	at sun.reflect.DelegatingMethodAccessorImpl.invoke(DelegatingMethodAccessorImpl.java:43)
	at java.lang.reflect.Method.invoke(Method.java:498)
	at org.junit.runners.model.FrameworkMethod$1.runReflectiveCall(FrameworkMethod.java:50)
	at org.junit.internal.runners.model.ReflectiveCallable.run(ReflectiveCallable.java:12)
	at org.junit.runners.model.FrameworkMethod.invokeExplosively(FrameworkMethod.java:47)
	at org.junit.internal.runners.statements.InvokeMethod.evaluate(InvokeMethod.java:17)
	at org.junit.runners.ParentRunner.runLeaf(ParentRunner.java:325)
	at org.junit.runners.BlockJUnit4ClassRunner.runChild(BlockJUnit4ClassRunner.java:78)
	at org.junit.runners.BlockJUnit4ClassRunner.runChild(BlockJUnit4ClassRunner.java:57)
	at org.junit.runners.ParentRunner$3.run(ParentRunner.java:290)
	at org.junit.runners.ParentRunner$1.schedule(ParentRunner.java:71)
	at org.junit.runners.ParentRunner.runChildren(ParentRunner.java:288)
	at org.junit.runners.ParentRunner.access$000(ParentRunner.java:58)
	at org.junit.runners.ParentRunner$2.evaluate(ParentRunner.java:268)
	at org.junit.runners.ParentRunner.run(ParentRunner.java:363)
	at org.apache.maven.surefire.junit4.JUnit4Provider.execute(JUnit4Provider.java:365)
	at org.apache.maven.surefire.junit4.JUnit4Provider.executeWithRerun(JUnit4Provider.java:273)
	at org.apache.maven.surefire.junit4.JUnit4Provider.executeTestSet(JUnit4Provider.java:238)
	at org.apache.maven.surefire.junit4.JUnit4Provider.invoke(JUnit4Provider.java:159)
	at org.apache.maven.surefire.booter.ForkedBooter.invokeProviderInSameClassLoader(ForkedBooter.java:384)
	at org.apache.maven.surefire.booter.ForkedBooter.runSuitesInProcess(ForkedBooter.java:345)
	at org.apache.maven.surefire.booter.ForkedBooter.execute(ForkedBooter.java:126)
	at org.apache.maven.surefire.booter.ForkedBooter.main(ForkedBooter.java:418)
java.lang.UnsupportedOperationException
	at net.mooctest.TernaryTree$PostorderIterator.remove(TernaryTree.java:274)
	at net.mooctest.TernaryTree_sub_10_0_Test.test_270(TernaryTree_sub_10_0_Test.java:834)
	at sun.reflect.NativeMethodAccessorImpl.invoke0(Native Method)
	at sun.reflect.NativeMethodAccessorImpl.invoke(NativeMethodAccessorImpl.java:62)
	at sun.reflect.DelegatingMethodAccessorImpl.invoke(DelegatingMethodAccessorImpl.java:43)
	at java.lang.reflect.Method.invoke(Method.java:498)
	at org.junit.runners.model.FrameworkMethod$1.runReflectiveCall(FrameworkMethod.java:50)
	at org.junit.internal.runners.model.ReflectiveCallable.run(ReflectiveCallable.java:12)
	at org.junit.runners.model.FrameworkMethod.invokeExplosively(FrameworkMethod.java:47)
	at org.junit.internal.runners.statements.InvokeMethod.evaluate(InvokeMethod.java:17)
	at org.junit.runners.ParentRunner.runLeaf(ParentRunner.java:325)
	at org.junit.runners.BlockJUnit4ClassRunner.runChild(BlockJUnit4ClassRunner.java:78)
	at org.junit.runners.BlockJUnit4ClassRunner.runChild(BlockJUnit4ClassRunner.java:57)
	at org.junit.runners.ParentRunner$3.run(ParentRunner.java:290)
	at org.junit.runners.ParentRunner$1.schedule(ParentRunner.java:71)
	at org.junit.runners.ParentRunner.runChildren(ParentRunner.java:288)
	at org.junit.runners.ParentRunner.access$000(ParentRunner.java:58)
	at org.junit.runners.ParentRunner$2.evaluate(ParentRunner.java:268)
	at org.junit.runners.ParentRunner.run(ParentRunner.java:363)
	at org.apache.maven.surefire.junit4.JUnit4Provider.execute(JUnit4Provider.java:365)
	at org.apache.maven.surefire.junit4.JUnit4Provider.executeWithRerun(JUnit4Provider.java:273)
	at org.apache.maven.surefire.junit4.JUnit4Provider.executeTestSet(JUnit4Provider.java:238)
	at org.apache.maven.surefire.junit4.JUnit4Provider.invoke(JUnit4Provider.java:159)
	at org.apache.maven.surefire.booter.ForkedBooter.invokeProviderInSameClassLoader(ForkedBooter.java:384)
	at org.apache.maven.surefire.booter.ForkedBooter.runSuitesInProcess(ForkedBooter.java:345)
	at org.apache.maven.surefire.booter.ForkedBooter.execute(ForkedBooter.java:126)
	at org.apache.maven.surefire.booter.ForkedBooter.main(ForkedBooter.java:418)
java.util.NoSuchElementException
	at net.mooctest.TernaryTree$LevelOrderIterator.next(TernaryTree.java:312)
	at net.mooctest.TernaryTree_sub_10_0_Test.test_270(TernaryTree_sub_10_0_Test.java:839)
	at sun.reflect.NativeMethodAccessorImpl.invoke0(Native Method)
	at sun.reflect.NativeMethodAccessorImpl.invoke(NativeMethodAccessorImpl.java:62)
	at sun.reflect.DelegatingMethodAccessorImpl.invoke(DelegatingMethodAccessorImpl.java:43)
	at java.lang.reflect.Method.invoke(Method.java:498)
	at org.junit.runners.model.FrameworkMethod$1.runReflectiveCall(FrameworkMethod.java:50)
	at org.junit.internal.runners.model.ReflectiveCallable.run(ReflectiveCallable.java:12)
	at org.junit.runners.model.FrameworkMethod.invokeExplosively(FrameworkMethod.java:47)
	at org.junit.internal.runners.statements.InvokeMethod.evaluate(InvokeMethod.java:17)
	at org.junit.runners.ParentRunner.runLeaf(ParentRunner.java:325)
	at org.junit.runners.BlockJUnit4ClassRunner.runChild(BlockJUnit4ClassRunner.java:78)
	at org.junit.runners.BlockJUnit4ClassRunner.runChild(BlockJUnit4ClassRunner.java:57)
	at org.junit.runners.ParentRunner$3.run(ParentRunner.java:290)
	at org.junit.runners.ParentRunner$1.schedule(ParentRunner.java:71)
	at org.junit.runners.ParentRunner.runChildren(ParentRunner.java:288)
	at org.junit.runners.ParentRunner.access$000(ParentRunner.java:58)
	at org.junit.runners.ParentRunner$2.evaluate(ParentRunner.java:268)
	at org.junit.runners.ParentRunner.run(ParentRunner.java:363)
	at org.apache.maven.surefire.junit4.JUnit4Provider.execute(JUnit4Provider.java:365)
	at org.apache.maven.surefire.junit4.JUnit4Provider.executeWithRerun(JUnit4Provider.java:273)
	at org.apache.maven.surefire.junit4.JUnit4Provider.executeTestSet(JUnit4Provider.java:238)
	at org.apache.maven.surefire.junit4.JUnit4Provider.invoke(JUnit4Provider.java:159)
	at org.apache.maven.surefire.booter.ForkedBooter.invokeProviderInSameClassLoader(ForkedBooter.java:384)
	at org.apache.maven.surefire.booter.ForkedBooter.runSuitesInProcess(ForkedBooter.java:345)
	at org.apache.maven.surefire.booter.ForkedBooter.execute(ForkedBooter.java:126)
	at org.apache.maven.surefire.booter.ForkedBooter.main(ForkedBooter.java:418)
java.lang.UnsupportedOperationException
	at net.mooctest.TernaryTree$LevelOrderIterator.remove(TernaryTree.java:319)
	at net.mooctest.TernaryTree_sub_10_0_Test.test_270(TernaryTree_sub_10_0_Test.java:844)
	at sun.reflect.NativeMethodAccessorImpl.invoke0(Native Method)
	at sun.reflect.NativeMethodAccessorImpl.invoke(NativeMethodAccessorImpl.java:62)
	at sun.reflect.DelegatingMethodAccessorImpl.invoke(DelegatingMethodAccessorImpl.java:43)
	at java.lang.reflect.Method.invoke(Method.java:498)
	at org.junit.runners.model.FrameworkMethod$1.runReflectiveCall(FrameworkMethod.java:50)
	at org.junit.internal.runners.model.ReflectiveCallable.run(ReflectiveCallable.java:12)
	at org.junit.runners.model.FrameworkMethod.invokeExplosively(FrameworkMethod.java:47)
	at org.junit.internal.runners.statements.InvokeMethod.evaluate(InvokeMethod.java:17)
	at org.junit.runners.ParentRunner.runLeaf(ParentRunner.java:325)
	at org.junit.runners.BlockJUnit4ClassRunner.runChild(BlockJUnit4ClassRunner.java:78)
	at org.junit.runners.BlockJUnit4ClassRunner.runChild(BlockJUnit4ClassRunner.java:57)
	at org.junit.runners.ParentRunner$3.run(ParentRunner.java:290)
	at org.junit.runners.ParentRunner$1.schedule(ParentRunner.java:71)
	at org.junit.runners.ParentRunner.runChildren(ParentRunner.java:288)
	at org.junit.runners.ParentRunner.access$000(ParentRunner.java:58)
	at org.junit.runners.ParentRunner$2.evaluate(ParentRunner.java:268)
	at org.junit.runners.ParentRunner.run(ParentRunner.java:363)
	at org.apache.maven.surefire.junit4.JUnit4Provider.execute(JUnit4Provider.java:365)
	at org.apache.maven.surefire.junit4.JUnit4Provider.executeWithRerun(JUnit4Provider.java:273)
	at org.apache.maven.surefire.junit4.JUnit4Provider.executeTestSet(JUnit4Provider.java:238)
	at org.apache.maven.surefire.junit4.JUnit4Provider.invoke(JUnit4Provider.java:159)
	at org.apache.maven.surefire.booter.ForkedBooter.invokeProviderInSameClassLoader(ForkedBooter.java:384)
	at org.apache.maven.surefire.booter.ForkedBooter.runSuitesInProcess(ForkedBooter.java:345)
	at org.apache.maven.surefire.booter.ForkedBooter.execute(ForkedBooter.java:126)
	at org.apache.maven.surefire.booter.ForkedBooter.main(ForkedBooter.java:418)
java.lang.UnsupportedOperationException
	at net.mooctest.TernaryTree$LevelOrderIterator.remove(TernaryTree.java:319)
	at net.mooctest.TernaryTree_sub_10_0_Test.test_270(TernaryTree_sub_10_0_Test.java:869)
	at sun.reflect.NativeMethodAccessorImpl.invoke0(Native Method)
	at sun.reflect.NativeMethodAccessorImpl.invoke(NativeMethodAccessorImpl.java:62)
	at sun.reflect.DelegatingMethodAccessorImpl.invoke(DelegatingMethodAccessorImpl.java:43)
	at java.lang.reflect.Method.invoke(Method.java:498)
	at org.junit.runners.model.FrameworkMethod$1.runReflectiveCall(FrameworkMethod.java:50)
	at org.junit.internal.runners.model.ReflectiveCallable.run(ReflectiveCallable.java:12)
	at org.junit.runners.model.FrameworkMethod.invokeExplosively(FrameworkMethod.java:47)
	at org.junit.internal.runners.statements.InvokeMethod.evaluate(InvokeMethod.java:17)
	at org.junit.runners.ParentRunner.runLeaf(ParentRunner.java:325)
	at org.junit.runners.BlockJUnit4ClassRunner.runChild(BlockJUnit4ClassRunner.java:78)
	at org.junit.runners.BlockJUnit4ClassRunner.runChild(BlockJUnit4ClassRunner.java:57)
	at org.junit.runners.ParentRunner$3.run(ParentRunner.java:290)
	at org.junit.runners.ParentRunner$1.schedule(ParentRunner.java:71)
	at org.junit.runners.ParentRunner.runChildren(ParentRunner.java:288)
	at org.junit.runners.ParentRunner.access$000(ParentRunner.java:58)
	at org.junit.runners.ParentRunner$2.evaluate(ParentRunner.java:268)
	at org.junit.runners.ParentRunner.run(ParentRunner.java:363)
	at org.apache.maven.surefire.junit4.JUnit4Provider.execute(JUnit4Provider.java:365)
	at org.apache.maven.surefire.junit4.JUnit4Provider.executeWithRerun(JUnit4Provider.java:273)
	at org.apache.maven.surefire.junit4.JUnit4Provider.executeTestSet(JUnit4Provider.java:238)
	at org.apache.maven.surefire.junit4.JUnit4Provider.invoke(JUnit4Provider.java:159)
	at org.apache.maven.surefire.booter.ForkedBooter.invokeProviderInSameClassLoader(ForkedBooter.java:384)
	at org.apache.maven.surefire.booter.ForkedBooter.runSuitesInProcess(ForkedBooter.java:345)
	at org.apache.maven.surefire.booter.ForkedBooter.execute(ForkedBooter.java:126)
	at org.apache.maven.surefire.booter.ForkedBooter.main(ForkedBooter.java:418)
java.lang.UnsupportedOperationException
	at net.mooctest.TernaryTree$PostorderIterator.remove(TernaryTree.java:274)
	at net.mooctest.TernaryTree_sub_10_0_Test.test_270(TernaryTree_sub_10_0_Test.java:879)
	at sun.reflect.NativeMethodAccessorImpl.invoke0(Native Method)
	at sun.reflect.NativeMethodAccessorImpl.invoke(NativeMethodAccessorImpl.java:62)
	at sun.reflect.DelegatingMethodAccessorImpl.invoke(DelegatingMethodAccessorImpl.java:43)
	at java.lang.reflect.Method.invoke(Method.java:498)
	at org.junit.runners.model.FrameworkMethod$1.runReflectiveCall(FrameworkMethod.java:50)
	at org.junit.internal.runners.model.ReflectiveCallable.run(ReflectiveCallable.java:12)
	at org.junit.runners.model.FrameworkMethod.invokeExplosively(FrameworkMethod.java:47)
	at org.junit.internal.runners.statements.InvokeMethod.evaluate(InvokeMethod.java:17)
	at org.junit.runners.ParentRunner.runLeaf(ParentRunner.java:325)
	at org.junit.runners.BlockJUnit4ClassRunner.runChild(BlockJUnit4ClassRunner.java:78)
	at org.junit.runners.BlockJUnit4ClassRunner.runChild(BlockJUnit4ClassRunner.java:57)
	at org.junit.runners.ParentRunner$3.run(ParentRunner.java:290)
	at org.junit.runners.ParentRunner$1.schedule(ParentRunner.java:71)
	at org.junit.runners.ParentRunner.runChildren(ParentRunner.java:288)
	at org.junit.runners.ParentRunner.access$000(ParentRunner.java:58)
	at org.junit.runners.ParentRunner$2.evaluate(ParentRunner.java:268)
	at org.junit.runners.ParentRunner.run(ParentRunner.java:363)
	at org.apache.maven.surefire.junit4.JUnit4Provider.execute(JUnit4Provider.java:365)
	at org.apache.maven.surefire.junit4.JUnit4Provider.executeWithRerun(JUnit4Provider.java:273)
	at org.apache.maven.surefire.junit4.JUnit4Provider.executeTestSet(JUnit4Provider.java:238)
	at org.apache.maven.surefire.junit4.JUnit4Provider.invoke(JUnit4Provider.java:159)
	at org.apache.maven.surefire.booter.ForkedBooter.invokeProviderInSameClassLoader(ForkedBooter.java:384)
	at org.apache.maven.surefire.booter.ForkedBooter.runSuitesInProcess(ForkedBooter.java:345)
	at org.apache.maven.surefire.booter.ForkedBooter.execute(ForkedBooter.java:126)
	at org.apache.maven.surefire.booter.ForkedBooter.main(ForkedBooter.java:418)
java.lang.UnsupportedOperationException
	at net.mooctest.TernaryTree$PreorderIterator.remove(TernaryTree.java:180)
	at net.mooctest.TernaryTree_sub_10_0_Test.test_270(TernaryTree_sub_10_0_Test.java:889)
	at sun.reflect.NativeMethodAccessorImpl.invoke0(Native Method)
	at sun.reflect.NativeMethodAccessorImpl.invoke(NativeMethodAccessorImpl.java:62)
	at sun.reflect.DelegatingMethodAccessorImpl.invoke(DelegatingMethodAccessorImpl.java:43)
	at java.lang.reflect.Method.invoke(Method.java:498)
	at org.junit.runners.model.FrameworkMethod$1.runReflectiveCall(FrameworkMethod.java:50)
	at org.junit.internal.runners.model.ReflectiveCallable.run(ReflectiveCallable.java:12)
	at org.junit.runners.model.FrameworkMethod.invokeExplosively(FrameworkMethod.java:47)
	at org.junit.internal.runners.statements.InvokeMethod.evaluate(InvokeMethod.java:17)
	at org.junit.runners.ParentRunner.runLeaf(ParentRunner.java:325)
	at org.junit.runners.BlockJUnit4ClassRunner.runChild(BlockJUnit4ClassRunner.java:78)
	at org.junit.runners.BlockJUnit4ClassRunner.runChild(BlockJUnit4ClassRunner.java:57)
	at org.junit.runners.ParentRunner$3.run(ParentRunner.java:290)
	at org.junit.runners.ParentRunner$1.schedule(ParentRunner.java:71)
	at org.junit.runners.ParentRunner.runChildren(ParentRunner.java:288)
	at org.junit.runners.ParentRunner.access$000(ParentRunner.java:58)
	at org.junit.runners.ParentRunner$2.evaluate(ParentRunner.java:268)
	at org.junit.runners.ParentRunner.run(ParentRunner.java:363)
	at org.apache.maven.surefire.junit4.JUnit4Provider.execute(JUnit4Provider.java:365)
	at org.apache.maven.surefire.junit4.JUnit4Provider.executeWithRerun(JUnit4Provider.java:273)
	at org.apache.maven.surefire.junit4.JUnit4Provider.executeTestSet(JUnit4Provider.java:238)
	at org.apache.maven.surefire.junit4.JUnit4Provider.invoke(JUnit4Provider.java:159)
	at org.apache.maven.surefire.booter.ForkedBooter.invokeProviderInSameClassLoader(ForkedBooter.java:384)
	at org.apache.maven.surefire.booter.ForkedBooter.runSuitesInProcess(ForkedBooter.java:345)
	at org.apache.maven.surefire.booter.ForkedBooter.execute(ForkedBooter.java:126)
	at org.apache.maven.surefire.booter.ForkedBooter.main(ForkedBooter.java:418)
]]></system-err>
  </testcase>
  <testcase name="test_272" classname="net.mooctest.TernaryTree_sub_10_0_Test" time="0.001">
    <failure message="expected:&lt;2134991632&gt; but was:&lt;1492219097&gt;" type="junit.framework.AssertionFailedError"><![CDATA[junit.framework.AssertionFailedError: expected:<2134991632> but was:<1492219097>
	at net.mooctest.TernaryTree_sub_10_0_Test.test_272(TernaryTree_sub_10_0_Test.java:385)
]]></failure>
    <system-err><![CDATA[java.lang.UnsupportedOperationException
	at net.mooctest.TernaryTree.getInorderIterator(TernaryTree.java:130)
	at net.mooctest.TernaryTree_sub_10_0_Test.test_272(TernaryTree_sub_10_0_Test.java:380)
	at sun.reflect.NativeMethodAccessorImpl.invoke0(Native Method)
	at sun.reflect.NativeMethodAccessorImpl.invoke(NativeMethodAccessorImpl.java:62)
	at sun.reflect.DelegatingMethodAccessorImpl.invoke(DelegatingMethodAccessorImpl.java:43)
	at java.lang.reflect.Method.invoke(Method.java:498)
	at org.junit.runners.model.FrameworkMethod$1.runReflectiveCall(FrameworkMethod.java:50)
	at org.junit.internal.runners.model.ReflectiveCallable.run(ReflectiveCallable.java:12)
	at org.junit.runners.model.FrameworkMethod.invokeExplosively(FrameworkMethod.java:47)
	at org.junit.internal.runners.statements.InvokeMethod.evaluate(InvokeMethod.java:17)
	at org.junit.runners.ParentRunner.runLeaf(ParentRunner.java:325)
	at org.junit.runners.BlockJUnit4ClassRunner.runChild(BlockJUnit4ClassRunner.java:78)
	at org.junit.runners.BlockJUnit4ClassRunner.runChild(BlockJUnit4ClassRunner.java:57)
	at org.junit.runners.ParentRunner$3.run(ParentRunner.java:290)
	at org.junit.runners.ParentRunner$1.schedule(ParentRunner.java:71)
	at org.junit.runners.ParentRunner.runChildren(ParentRunner.java:288)
	at org.junit.runners.ParentRunner.access$000(ParentRunner.java:58)
	at org.junit.runners.ParentRunner$2.evaluate(ParentRunner.java:268)
	at org.junit.runners.ParentRunner.run(ParentRunner.java:363)
	at org.apache.maven.surefire.junit4.JUnit4Provider.execute(JUnit4Provider.java:365)
	at org.apache.maven.surefire.junit4.JUnit4Provider.executeWithRerun(JUnit4Provider.java:273)
	at org.apache.maven.surefire.junit4.JUnit4Provider.executeTestSet(JUnit4Provider.java:238)
	at org.apache.maven.surefire.junit4.JUnit4Provider.invoke(JUnit4Provider.java:159)
	at org.apache.maven.surefire.booter.ForkedBooter.invokeProviderInSameClassLoader(ForkedBooter.java:384)
	at org.apache.maven.surefire.booter.ForkedBooter.runSuitesInProcess(ForkedBooter.java:345)
	at org.apache.maven.surefire.booter.ForkedBooter.execute(ForkedBooter.java:126)
	at org.apache.maven.surefire.booter.ForkedBooter.main(ForkedBooter.java:418)
]]></system-err>
  </testcase>
  <testcase name="test_273" classname="net.mooctest.TernaryTree_sub_10_0_Test" time="0"/>
  <testcase name="test_276" classname="net.mooctest.TernaryTree_sub_10_0_Test" time="0"/>
  <testcase name="test_295" classname="net.mooctest.TernaryTree_sub_10_0_Test" time="0"/>
  <testcase name="test_326" classname="net.mooctest.TernaryTree_sub_10_0_Test" time="0">
    <error type="java.util.NoSuchElementException">java.util.NoSuchElementException
	at net.mooctest.TernaryTree_sub_10_0_Test.test_326(TernaryTree_sub_10_0_Test.java:4095)
</error>
  </testcase>
  <testcase name="test_357" classname="net.mooctest.TernaryTree_sub_10_0_Test" time="0"/>
  <testcase name="test_376" classname="net.mooctest.TernaryTree_sub_10_0_Test" time="0"/>
  <testcase name="test_377" classname="net.mooctest.TernaryTree_sub_10_0_Test" time="0">
    <error type="java.lang.UnsupportedOperationException">java.lang.UnsupportedOperationException
	at net.mooctest.TernaryTree_sub_10_0_Test.test_377(TernaryTree_sub_10_0_Test.java:3955)
</error>
  </testcase>
  <testcase name="test_398" classname="net.mooctest.TernaryTree_sub_10_0_Test" time="0"/>
  <testcase name="test_399" classname="net.mooctest.TernaryTree_sub_10_0_Test" time="0"/>
  <testcase name="test_400" classname="net.mooctest.TernaryTree_sub_10_0_Test" time="0"/>
  <testcase name="test_401" classname="net.mooctest.TernaryTree_sub_10_0_Test" time="0"/>
  <testcase name="test_402" classname="net.mooctest.TernaryTree_sub_10_0_Test" time="0"/>
  <testcase name="test_403" classname="net.mooctest.TernaryTree_sub_10_0_Test" time="0"/>
  <testcase name="test_404" classname="net.mooctest.TernaryTree_sub_10_0_Test" time="0"/>
  <testcase name="test_424" classname="net.mooctest.TernaryTree_sub_10_0_Test" time="0"/>
  <testcase name="test_448" classname="net.mooctest.TernaryTree_sub_10_0_Test" time="0"/>
  <testcase name="test_632" classname="net.mooctest.TernaryTree_sub_10_0_Test" time="0"/>
  <testcase name="test_633" classname="net.mooctest.TernaryTree_sub_10_0_Test" time="0"/>
  <testcase name="test_639" classname="net.mooctest.TernaryTree_sub_10_0_Test" time="0"/>
  <testcase name="test_640" classname="net.mooctest.TernaryTree_sub_10_0_Test" time="0"/>
  <testcase name="test_643" classname="net.mooctest.TernaryTree_sub_10_0_Test" time="0"/>
  <testcase name="test_644" classname="net.mooctest.TernaryTree_sub_10_0_Test" time="0"/>
  <testcase name="test_665" classname="net.mooctest.TernaryTree_sub_10_0_Test" time="0"/>
  <testcase name="test_666" classname="net.mooctest.TernaryTree_sub_10_0_Test" time="0"/>
  <testcase name="test_667" classname="net.mooctest.TernaryTree_sub_10_0_Test" time="0"/>
  <testcase name="test_718" classname="net.mooctest.TernaryTree_sub_10_0_Test" time="0"/>
  <testcase name="test_724" classname="net.mooctest.TernaryTree_sub_10_0_Test" time="0"/>
  <testcase name="test_743" classname="net.mooctest.TernaryTree_sub_10_0_Test" time="0"/>
  <testcase name="test_783" classname="net.mooctest.TernaryTree_sub_10_0_Test" time="0">
    <error type="java.lang.UnsupportedOperationException">java.lang.UnsupportedOperationException
	at net.mooctest.TernaryTree_sub_10_0_Test.test_783(TernaryTree_sub_10_0_Test.java:2066)
</error>
  </testcase>
  <testcase name="test_802" classname="net.mooctest.TernaryTree_sub_10_0_Test" time="0.001">
    <error type="net.mooctest.EmptyTreeException">net.mooctest.EmptyTreeException
	at net.mooctest.TernaryTree_sub_10_0_Test.test_802(TernaryTree_sub_10_0_Test.java:3578)
</error>
  </testcase>
  <testcase name="test_810" classname="net.mooctest.TernaryTree_sub_10_0_Test" time="0"/>
  <testcase name="test_816" classname="net.mooctest.TernaryTree_sub_10_0_Test" time="0"/>
  <testcase name="test_829" classname="net.mooctest.TernaryTree_sub_10_0_Test" time="0"/>
  <testcase name="test_833" classname="net.mooctest.TernaryTree_sub_10_0_Test" time="0"/>
  <testcase name="test_840" classname="net.mooctest.TernaryTree_sub_10_0_Test" time="0"/>
  <testcase name="test_894" classname="net.mooctest.TernaryTree_sub_10_0_Test" time="0"/>
  <testcase name="test_980" classname="net.mooctest.TernaryTree_sub_10_0_Test" time="0"/>
  <testcase name="test_0" classname="net.mooctest.TernaryTree_sub_10_0_Test" time="0"/>
  <testcase name="test_1" classname="net.mooctest.TernaryTree_sub_10_0_Test" time="0"/>
  <testcase name="test_2" classname="net.mooctest.TernaryTree_sub_10_0_Test" time="0"/>
  <testcase name="test_3" classname="net.mooctest.TernaryTree_sub_10_0_Test" time="0"/>
  <testcase name="test_10218" classname="net.mooctest.TernaryTree_sub_10_0_Test" time="0"/>
  <testcase name="test_10412" classname="net.mooctest.TernaryTree_sub_10_0_Test" time="0"/>
  <testcase name="test_10602" classname="net.mooctest.TernaryTree_sub_10_0_Test" time="0"/>
  <testcase name="test_11135" classname="net.mooctest.TernaryTree_sub_10_0_Test" time="0"/>
  <testcase name="test_11144" classname="net.mooctest.TernaryTree_sub_10_0_Test" time="0"/>
  <testcase name="test_11197" classname="net.mooctest.TernaryTree_sub_10_0_Test" time="0"/>
  <testcase name="test_11200" classname="net.mooctest.TernaryTree_sub_10_0_Test" time="0"/>
</testsuite>