-------------------------------------------------------------------------------
Test set: net.mooctest.SegmentTree_sub_10_5_Test
-------------------------------------------------------------------------------
Tests run: 1, Failures: 0, Errors: 1, Skipped: 0, Time elapsed: 0 s <<< FAILURE! - in net.mooctest.SegmentTree_sub_10_5_Test
test_1319(net.mooctest.SegmentTree_sub_10_5_Test)  Time elapsed: 0 s  <<< ERROR!
java.security.InvalidParameterException: Segments are overlapping.
	at net.mooctest.SegmentTree_sub_10_5_Test.test_1319(SegmentTree_sub_10_5_Test.java:33)

