<?xml version="1.0" encoding="UTF-8"?>
<testsuite xmlns:xsi="http://www.w3.org/2001/XMLSchema-instance" xsi:noNamespaceSchemaLocation="https://maven.apache.org/surefire/maven-surefire-plugin/xsd/surefire-test-report.xsd" name="net.mooctest.GTree_sub_10_1_Test" time="0.043" tests="100" errors="3" skipped="0" failures="1">
  <properties>
[...]
</properties>
  <testcase name="test_81" classname="net.mooctest.GTree_sub_10_1_Test" time="0"/>
  <testcase name="test_82" classname="net.mooctest.GTree_sub_10_1_Test" time="0"/>
  <testcase name="test_83" classname="net.mooctest.GTree_sub_10_1_Test" time="0"/>
  <testcase name="test_84" classname="net.mooctest.GTree_sub_10_1_Test" time="0"/>
  <testcase name="test_90" classname="net.mooctest.GTree_sub_10_1_Test" time="0"/>
  <testcase name="test_96" classname="net.mooctest.GTree_sub_10_1_Test" time="0">
    <error type="java.lang.UnsupportedOperationException">java.lang.UnsupportedOperationException
	at net.mooctest.GTree_sub_10_1_Test.test_96(GTree_sub_10_1_Test.java:1184)
</error>
  </testcase>
  <testcase name="test_1073" classname="net.mooctest.GTree_sub_10_1_Test" time="0"/>
  <testcase name="test_1082" classname="net.mooctest.GTree_sub_10_1_Test" time="0"/>
  <testcase name="test_1087" classname="net.mooctest.GTree_sub_10_1_Test" time="0"/>
  <testcase name="test_1120" classname="net.mooctest.GTree_sub_10_1_Test" time="0"/>
  <testcase name="test_1123" classname="net.mooctest.GTree_sub_10_1_Test" time="0"/>
  <testcase name="test_1124" classname="net.mooctest.GTree_sub_10_1_Test" time="0"/>
  <testcase name="test_1144" classname="net.mooctest.GTree_sub_10_1_Test" time="0.003"/>
  <testcase name="test_1147" classname="net.mooctest.GTree_sub_10_1_Test" time="0"/>
  <testcase name="test_1178" classname="net.mooctest.GTree_sub_10_1_Test" time="0"/>
  <testcase name="test_1188" classname="net.mooctest.GTree_sub_10_1_Test" time="0"/>
  <testcase name="test_1189" classname="net.mooctest.GTree_sub_10_1_Test" time="0"/>
  <testcase name="test_1192" classname="net.mooctest.GTree_sub_10_1_Test" time="0"/>
  <testcase name="test_1193" classname="net.mooctest.GTree_sub_10_1_Test" time="0.001"/>
  <testcase name="test_1231" classname="net.mooctest.GTree_sub_10_1_Test" time="0"/>
  <testcase name="test_1232" classname="net.mooctest.GTree_sub_10_1_Test" time="0"/>
  <testcase name="test_1266" classname="net.mooctest.GTree_sub_10_1_Test" time="0.001"/>
  <testcase name="test_1269" classname="net.mooctest.GTree_sub_10_1_Test" time="0"/>
  <testcase name="test_1280" classname="net.mooctest.GTree_sub_10_1_Test" time="0.002"/>
  <testcase name="test_1341" classname="net.mooctest.GTree_sub_10_1_Test" time="0"/>
  <testcase name="test_1371" classname="net.mooctest.GTree_sub_10_1_Test" time="0"/>
  <testcase name="test_1374" classname="net.mooctest.GTree_sub_10_1_Test" time="0"/>
  <testcase name="test_1488" classname="net.mooctest.GTree_sub_10_1_Test" time="0.001"/>
  <testcase name="test_1498" classname="net.mooctest.GTree_sub_10_1_Test" time="0"/>
  <testcase name="test_1501" classname="net.mooctest.GTree_sub_10_1_Test" time="0"/>
  <testcase name="test_1509" classname="net.mooctest.GTree_sub_10_1_Test" time="0"/>
  <testcase name="test_1516" classname="net.mooctest.GTree_sub_10_1_Test" time="0.009"/>
  <testcase name="test_1545" classname="net.mooctest.GTree_sub_10_1_Test" time="0"/>
  <testcase name="test_1727" classname="net.mooctest.GTree_sub_10_1_Test" time="0"/>
  <testcase name="test_1736" classname="net.mooctest.GTree_sub_10_1_Test" time="0"/>
  <testcase name="test_1775" classname="net.mooctest.GTree_sub_10_1_Test" time="0.001"/>
  <testcase name="test_1897" classname="net.mooctest.GTree_sub_10_1_Test" time="0"/>
  <testcase name="test_2006" classname="net.mooctest.GTree_sub_10_1_Test" time="0"/>
  <testcase name="test_2007" classname="net.mooctest.GTree_sub_10_1_Test" time="0"/>
  <testcase name="test_2008" classname="net.mooctest.GTree_sub_10_1_Test" time="0"/>
  <testcase name="test_2230" classname="net.mooctest.GTree_sub_10_1_Test" time="0.002"/>
  <testcase name="test_2232" classname="net.mooctest.GTree_sub_10_1_Test" time="0.001"/>
  <testcase name="test_2252" classname="net.mooctest.GTree_sub_10_1_Test" time="0"/>
  <testcase name="test_2368" classname="net.mooctest.GTree_sub_10_1_Test" time="0.002"/>
  <testcase name="test_2492" classname="net.mooctest.GTree_sub_10_1_Test" time="0">
    <error type="java.lang.UnsupportedOperationException">java.lang.UnsupportedOperationException
	at net.mooctest.GTree_sub_10_1_Test.test_2492(GTree_sub_10_1_Test.java:866)
</error>
  </testcase>
  <testcase name="test_2539" classname="net.mooctest.GTree_sub_10_1_Test" time="0"/>
  <testcase name="test_2547" classname="net.mooctest.GTree_sub_10_1_Test" time="0"/>
  <testcase name="test_2550" classname="net.mooctest.GTree_sub_10_1_Test" time="0"/>
  <testcase name="test_2553" classname="net.mooctest.GTree_sub_10_1_Test" time="0"/>
  <testcase name="test_2554" classname="net.mooctest.GTree_sub_10_1_Test" time="0"/>
  <testcase name="test_2558" classname="net.mooctest.GTree_sub_10_1_Test" time="0"/>
  <testcase name="test_2611" classname="net.mooctest.GTree_sub_10_1_Test" time="0"/>
  <testcase name="test_2639" classname="net.mooctest.GTree_sub_10_1_Test" time="0"/>
  <testcase name="test_2640" classname="net.mooctest.GTree_sub_10_1_Test" time="0"/>
  <testcase name="test_2676" classname="net.mooctest.GTree_sub_10_1_Test" time="0"/>
  <testcase name="test_2715" classname="net.mooctest.GTree_sub_10_1_Test" time="0"/>
  <testcase name="test_2753" classname="net.mooctest.GTree_sub_10_1_Test" time="0"/>
  <testcase name="test_2809" classname="net.mooctest.GTree_sub_10_1_Test" time="0"/>
  <testcase name="test_2821" classname="net.mooctest.GTree_sub_10_1_Test" time="0.001"/>
  <testcase name="test_2822" classname="net.mooctest.GTree_sub_10_1_Test" time="0.001"/>
  <testcase name="test_2837" classname="net.mooctest.GTree_sub_10_1_Test" time="0"/>
  <testcase name="test_2840" classname="net.mooctest.GTree_sub_10_1_Test" time="0"/>
  <testcase name="test_2979" classname="net.mooctest.GTree_sub_10_1_Test" time="0"/>
  <testcase name="test_3043" classname="net.mooctest.GTree_sub_10_1_Test" time="0.001"/>
  <testcase name="test_3046" classname="net.mooctest.GTree_sub_10_1_Test" time="0"/>
  <testcase name="test_3063" classname="net.mooctest.GTree_sub_10_1_Test" time="0"/>
  <testcase name="test_3080" classname="net.mooctest.GTree_sub_10_1_Test" time="0.001"/>
  <testcase name="test_3086" classname="net.mooctest.GTree_sub_10_1_Test" time="0"/>
  <testcase name="test_3097" classname="net.mooctest.GTree_sub_10_1_Test" time="0"/>
  <testcase name="test_3112" classname="net.mooctest.GTree_sub_10_1_Test" time="0"/>
  <testcase name="test_3123" classname="net.mooctest.GTree_sub_10_1_Test" time="0.001"/>
  <testcase name="test_3125" classname="net.mooctest.GTree_sub_10_1_Test" time="0"/>
  <testcase name="test_3127" classname="net.mooctest.GTree_sub_10_1_Test" time="0"/>
  <testcase name="test_3129" classname="net.mooctest.GTree_sub_10_1_Test" time="0"/>
  <testcase name="test_3200" classname="net.mooctest.GTree_sub_10_1_Test" time="0"/>
  <testcase name="test_3221" classname="net.mooctest.GTree_sub_10_1_Test" time="0.002"/>
  <testcase name="test_3271" classname="net.mooctest.GTree_sub_10_1_Test" time="0.001">
    <error type="java.util.NoSuchElementException">java.util.NoSuchElementException
	at net.mooctest.GTree_sub_10_1_Test.test_3271(GTree_sub_10_1_Test.java:1445)
</error>
  </testcase>
  <testcase name="test_363" classname="net.mooctest.GTree_sub_10_1_Test" time="0"/>
  <testcase name="test_369" classname="net.mooctest.GTree_sub_10_1_Test" time="0"/>
  <testcase name="test_371" classname="net.mooctest.GTree_sub_10_1_Test" time="0"/>
  <testcase name="test_557" classname="net.mooctest.GTree_sub_10_1_Test" time="0"/>
  <testcase name="test_571" classname="net.mooctest.GTree_sub_10_1_Test" time="0.002"/>
  <testcase name="test_578" classname="net.mooctest.GTree_sub_10_1_Test" time="0"/>
  <testcase name="test_583" classname="net.mooctest.GTree_sub_10_1_Test" time="0.002"/>
  <testcase name="test_598" classname="net.mooctest.GTree_sub_10_1_Test" time="0"/>
  <testcase name="test_612" classname="net.mooctest.GTree_sub_10_1_Test" time="0"/>
  <testcase name="test_627" classname="net.mooctest.GTree_sub_10_1_Test" time="0"/>
  <testcase name="test_655" classname="net.mooctest.GTree_sub_10_1_Test" time="0.001"/>
  <testcase name="test_659" classname="net.mooctest.GTree_sub_10_1_Test" time="0"/>
  <testcase name="test_681" classname="net.mooctest.GTree_sub_10_1_Test" time="0"/>
  <testcase name="test_705" classname="net.mooctest.GTree_sub_10_1_Test" time="0"/>
  <testcase name="test_724" classname="net.mooctest.GTree_sub_10_1_Test" time="0"/>
  <testcase name="test_741" classname="net.mooctest.GTree_sub_10_1_Test" time="0"/>
  <testcase name="test_753" classname="net.mooctest.GTree_sub_10_1_Test" time="0"/>
  <testcase name="test_796" classname="net.mooctest.GTree_sub_10_1_Test" time="0.001">
    <failure message="expected:&lt;[&#13;]&#10;&gt; but was:&lt;[]&#10;&gt;" type="org.junit.ComparisonFailure"><![CDATA[org.junit.ComparisonFailure: 
expected:<[]
> but was:<[]
>
	at net.mooctest.GTree_sub_10_1_Test.test_796(GTree_sub_10_1_Test.java:1528)
]]></failure>
  </testcase>
  <testcase name="test_802" classname="net.mooctest.GTree_sub_10_1_Test" time="0"/>
  <testcase name="test_822" classname="net.mooctest.GTree_sub_10_1_Test" time="0"/>
  <testcase name="test_842" classname="net.mooctest.GTree_sub_10_1_Test" time="0"/>
  <testcase name="test_886" classname="net.mooctest.GTree_sub_10_1_Test" time="0.001"/>
  <testcase name="test_6" classname="net.mooctest.GTree_sub_10_1_Test" time="0"/>
</testsuite>