<?xml version="1.0" encoding="UTF-8"?>
<testsuite xmlns:xsi="http://www.w3.org/2001/XMLSchema-instance" xsi:noNamespaceSchemaLocation="https://maven.apache.org/surefire/maven-surefire-plugin/xsd/surefire-test-report.xsd" name="net.mooctest.UnrolledLinkedList2023_sub_10_0_Test" time="0.016" tests="263" errors="11" skipped="0" failures="0">
  <properties>
[...]
</properties>
  <testcase name="test_10" classname="net.mooctest.UnrolledLinkedList2023_sub_10_0_Test" time="0.001"/>
  <testcase name="test_11" classname="net.mooctest.UnrolledLinkedList2023_sub_10_0_Test" time="0"/>
  <testcase name="test_12" classname="net.mooctest.UnrolledLinkedList2023_sub_10_0_Test" time="0"/>
  <testcase name="test_1069" classname="net.mooctest.UnrolledLinkedList2023_sub_10_0_Test" time="0"/>
  <testcase name="test_1111" classname="net.mooctest.UnrolledLinkedList2023_sub_10_0_Test" time="0"/>
  <testcase name="test_1160" classname="net.mooctest.UnrolledLinkedList2023_sub_10_0_Test" time="0"/>
  <testcase name="test_1240" classname="net.mooctest.UnrolledLinkedList2023_sub_10_0_Test" time="0"/>
  <testcase name="test_1242" classname="net.mooctest.UnrolledLinkedList2023_sub_10_0_Test" time="0"/>
  <testcase name="test_1302" classname="net.mooctest.UnrolledLinkedList2023_sub_10_0_Test" time="0.001"/>
  <testcase name="test_1319" classname="net.mooctest.UnrolledLinkedList2023_sub_10_0_Test" time="0"/>
  <testcase name="test_1324" classname="net.mooctest.UnrolledLinkedList2023_sub_10_0_Test" time="0"/>
  <testcase name="test_1325" classname="net.mooctest.UnrolledLinkedList2023_sub_10_0_Test" time="0"/>
  <testcase name="test_1333" classname="net.mooctest.UnrolledLinkedList2023_sub_10_0_Test" time="0"/>
  <testcase name="test_1349" classname="net.mooctest.UnrolledLinkedList2023_sub_10_0_Test" time="0"/>
  <testcase name="test_1675" classname="net.mooctest.UnrolledLinkedList2023_sub_10_0_Test" time="0"/>
  <testcase name="test_1797" classname="net.mooctest.UnrolledLinkedList2023_sub_10_0_Test" time="0.001"/>
  <testcase name="test_1851" classname="net.mooctest.UnrolledLinkedList2023_sub_10_0_Test" time="0"/>
  <testcase name="test_1855" classname="net.mooctest.UnrolledLinkedList2023_sub_10_0_Test" time="0"/>
  <testcase name="test_1885" classname="net.mooctest.UnrolledLinkedList2023_sub_10_0_Test" time="0"/>
  <testcase name="test_1925" classname="net.mooctest.UnrolledLinkedList2023_sub_10_0_Test" time="0"/>
  <testcase name="test_1956" classname="net.mooctest.UnrolledLinkedList2023_sub_10_0_Test" time="0"/>
  <testcase name="test_1979" classname="net.mooctest.UnrolledLinkedList2023_sub_10_0_Test" time="0"/>
  <testcase name="test_1982" classname="net.mooctest.UnrolledLinkedList2023_sub_10_0_Test" time="0"/>
  <testcase name="test_1983" classname="net.mooctest.UnrolledLinkedList2023_sub_10_0_Test" time="0"/>
  <testcase name="test_1985" classname="net.mooctest.UnrolledLinkedList2023_sub_10_0_Test" time="0"/>
  <testcase name="test_2005" classname="net.mooctest.UnrolledLinkedList2023_sub_10_0_Test" time="0"/>
  <testcase name="test_2023" classname="net.mooctest.UnrolledLinkedList2023_sub_10_0_Test" time="0"/>
  <testcase name="test_2024" classname="net.mooctest.UnrolledLinkedList2023_sub_10_0_Test" time="0"/>
  <testcase name="test_2026" classname="net.mooctest.UnrolledLinkedList2023_sub_10_0_Test" time="0"/>
  <testcase name="test_2028" classname="net.mooctest.UnrolledLinkedList2023_sub_10_0_Test" time="0"/>
  <testcase name="test_2039" classname="net.mooctest.UnrolledLinkedList2023_sub_10_0_Test" time="0"/>
  <testcase name="test_2122" classname="net.mooctest.UnrolledLinkedList2023_sub_10_0_Test" time="0"/>
  <testcase name="test_2123" classname="net.mooctest.UnrolledLinkedList2023_sub_10_0_Test" time="0"/>
  <testcase name="test_2127" classname="net.mooctest.UnrolledLinkedList2023_sub_10_0_Test" time="0"/>
  <testcase name="test_2128" classname="net.mooctest.UnrolledLinkedList2023_sub_10_0_Test" time="0"/>
  <testcase name="test_2129" classname="net.mooctest.UnrolledLinkedList2023_sub_10_0_Test" time="0"/>
  <testcase name="test_2133" classname="net.mooctest.UnrolledLinkedList2023_sub_10_0_Test" time="0"/>
  <testcase name="test_2134" classname="net.mooctest.UnrolledLinkedList2023_sub_10_0_Test" time="0"/>
  <testcase name="test_2184" classname="net.mooctest.UnrolledLinkedList2023_sub_10_0_Test" time="0"/>
  <testcase name="test_2208" classname="net.mooctest.UnrolledLinkedList2023_sub_10_0_Test" time="0"/>
  <testcase name="test_2236" classname="net.mooctest.UnrolledLinkedList2023_sub_10_0_Test" time="0"/>
  <testcase name="test_2576" classname="net.mooctest.UnrolledLinkedList2023_sub_10_0_Test" time="0"/>
  <testcase name="test_2577" classname="net.mooctest.UnrolledLinkedList2023_sub_10_0_Test" time="0"/>
  <testcase name="test_2579" classname="net.mooctest.UnrolledLinkedList2023_sub_10_0_Test" time="0"/>
  <testcase name="test_2580" classname="net.mooctest.UnrolledLinkedList2023_sub_10_0_Test" time="0"/>
  <testcase name="test_2722" classname="net.mooctest.UnrolledLinkedList2023_sub_10_0_Test" time="0"/>
  <testcase name="test_2957" classname="net.mooctest.UnrolledLinkedList2023_sub_10_0_Test" time="0"/>
  <testcase name="test_2960" classname="net.mooctest.UnrolledLinkedList2023_sub_10_0_Test" time="0.001"/>
  <testcase name="test_2966" classname="net.mooctest.UnrolledLinkedList2023_sub_10_0_Test" time="0">
    <error type="java.lang.IndexOutOfBoundsException">java.lang.IndexOutOfBoundsException
	at net.mooctest.UnrolledLinkedList2023_sub_10_0_Test.test_2966(UnrolledLinkedList2023_sub_10_0_Test.java:4540)
</error>
    <system-out><![CDATA[size:3
index:0
size:4
index:1
size:5
index:2
size:6
index:3
]]></system-out>
  </testcase>
  <testcase name="test_3155" classname="net.mooctest.UnrolledLinkedList2023_sub_10_0_Test" time="0"/>
  <testcase name="test_3164" classname="net.mooctest.UnrolledLinkedList2023_sub_10_0_Test" time="0"/>
  <testcase name="test_3191" classname="net.mooctest.UnrolledLinkedList2023_sub_10_0_Test" time="0"/>
  <testcase name="test_3201" classname="net.mooctest.UnrolledLinkedList2023_sub_10_0_Test" time="0"/>
  <testcase name="test_3208" classname="net.mooctest.UnrolledLinkedList2023_sub_10_0_Test" time="0"/>
  <testcase name="test_3210" classname="net.mooctest.UnrolledLinkedList2023_sub_10_0_Test" time="0"/>
  <testcase name="test_3597" classname="net.mooctest.UnrolledLinkedList2023_sub_10_0_Test" time="0"/>
  <testcase name="test_3608" classname="net.mooctest.UnrolledLinkedList2023_sub_10_0_Test" time="0"/>
  <testcase name="test_3630" classname="net.mooctest.UnrolledLinkedList2023_sub_10_0_Test" time="0.001"/>
  <testcase name="test_3634" classname="net.mooctest.UnrolledLinkedList2023_sub_10_0_Test" time="0"/>
  <testcase name="test_3743" classname="net.mooctest.UnrolledLinkedList2023_sub_10_0_Test" time="0"/>
  <testcase name="test_3796" classname="net.mooctest.UnrolledLinkedList2023_sub_10_0_Test" time="0"/>
  <testcase name="test_3823" classname="net.mooctest.UnrolledLinkedList2023_sub_10_0_Test" time="0"/>
  <testcase name="test_3843" classname="net.mooctest.UnrolledLinkedList2023_sub_10_0_Test" time="0"/>
  <testcase name="test_3986" classname="net.mooctest.UnrolledLinkedList2023_sub_10_0_Test" time="0"/>
  <testcase name="test_4008" classname="net.mooctest.UnrolledLinkedList2023_sub_10_0_Test" time="0"/>
  <testcase name="test_4017" classname="net.mooctest.UnrolledLinkedList2023_sub_10_0_Test" time="0"/>
  <testcase name="test_4031" classname="net.mooctest.UnrolledLinkedList2023_sub_10_0_Test" time="0.001"/>
  <testcase name="test_4032" classname="net.mooctest.UnrolledLinkedList2023_sub_10_0_Test" time="0"/>
  <testcase name="test_4033" classname="net.mooctest.UnrolledLinkedList2023_sub_10_0_Test" time="0"/>
  <testcase name="test_4034" classname="net.mooctest.UnrolledLinkedList2023_sub_10_0_Test" time="0"/>
  <testcase name="test_4035" classname="net.mooctest.UnrolledLinkedList2023_sub_10_0_Test" time="0"/>
  <testcase name="test_4044" classname="net.mooctest.UnrolledLinkedList2023_sub_10_0_Test" time="0"/>
  <testcase name="test_4045" classname="net.mooctest.UnrolledLinkedList2023_sub_10_0_Test" time="0"/>
  <testcase name="test_4108" classname="net.mooctest.UnrolledLinkedList2023_sub_10_0_Test" time="0"/>
  <testcase name="test_4112" classname="net.mooctest.UnrolledLinkedList2023_sub_10_0_Test" time="0"/>
  <testcase name="test_4125" classname="net.mooctest.UnrolledLinkedList2023_sub_10_0_Test" time="0"/>
  <testcase name="test_4158" classname="net.mooctest.UnrolledLinkedList2023_sub_10_0_Test" time="0"/>
  <testcase name="test_4159" classname="net.mooctest.UnrolledLinkedList2023_sub_10_0_Test" time="0"/>
  <testcase name="test_4160" classname="net.mooctest.UnrolledLinkedList2023_sub_10_0_Test" time="0">
    <error type="java.lang.NullPointerException">java.lang.NullPointerException
	at net.mooctest.UnrolledLinkedList2023_sub_10_0_Test.test_4160(UnrolledLinkedList2023_sub_10_0_Test.java:4213)
</error>
  </testcase>
  <testcase name="test_4161" classname="net.mooctest.UnrolledLinkedList2023_sub_10_0_Test" time="0">
    <error message="-1" type="java.lang.ArrayIndexOutOfBoundsException">java.lang.ArrayIndexOutOfBoundsException: -1
	at net.mooctest.UnrolledLinkedList2023_sub_10_0_Test.test_4161(UnrolledLinkedList2023_sub_10_0_Test.java:1033)
</error>
  </testcase>
  <testcase name="test_4163" classname="net.mooctest.UnrolledLinkedList2023_sub_10_0_Test" time="0">
    <error type="java.lang.NullPointerException">java.lang.NullPointerException
	at net.mooctest.UnrolledLinkedList2023_sub_10_0_Test.test_4163(UnrolledLinkedList2023_sub_10_0_Test.java:1923)
</error>
  </testcase>
  <testcase name="test_4164" classname="net.mooctest.UnrolledLinkedList2023_sub_10_0_Test" time="0">
    <error message="-2147483647" type="java.lang.ArrayIndexOutOfBoundsException">java.lang.ArrayIndexOutOfBoundsException: -2147483647
	at net.mooctest.UnrolledLinkedList2023_sub_10_0_Test.test_4164(UnrolledLinkedList2023_sub_10_0_Test.java:5604)
</error>
  </testcase>
  <testcase name="test_4201" classname="net.mooctest.UnrolledLinkedList2023_sub_10_0_Test" time="0"/>
  <testcase name="test_4205" classname="net.mooctest.UnrolledLinkedList2023_sub_10_0_Test" time="0"/>
  <testcase name="test_4215" classname="net.mooctest.UnrolledLinkedList2023_sub_10_0_Test" time="0">
    <error message="nodeCapacity &lt; 8" type="java.lang.IllegalArgumentException"><![CDATA[java.lang.IllegalArgumentException: nodeCapacity < 8
	at net.mooctest.UnrolledLinkedList2023_sub_10_0_Test.test_4215(UnrolledLinkedList2023_sub_10_0_Test.java:4353)
]]></error>
  </testcase>
  <testcase name="test_4219" classname="net.mooctest.UnrolledLinkedList2023_sub_10_0_Test" time="0"/>
  <testcase name="test_4222" classname="net.mooctest.UnrolledLinkedList2023_sub_10_0_Test" time="0"/>
  <testcase name="test_4260" classname="net.mooctest.UnrolledLinkedList2023_sub_10_0_Test" time="0"/>
  <testcase name="test_4326" classname="net.mooctest.UnrolledLinkedList2023_sub_10_0_Test" time="0"/>
  <testcase name="test_4395" classname="net.mooctest.UnrolledLinkedList2023_sub_10_0_Test" time="0"/>
  <testcase name="test_4397" classname="net.mooctest.UnrolledLinkedList2023_sub_10_0_Test" time="0">
    <error type="java.util.NoSuchElementException">java.util.NoSuchElementException
	at net.mooctest.UnrolledLinkedList2023_sub_10_0_Test.test_4397(UnrolledLinkedList2023_sub_10_0_Test.java:1170)
</error>
  </testcase>
  <testcase name="test_4400" classname="net.mooctest.UnrolledLinkedList2023_sub_10_0_Test" time="0"/>
  <testcase name="test_4405" classname="net.mooctest.UnrolledLinkedList2023_sub_10_0_Test" time="0"/>
  <testcase name="test_4416" classname="net.mooctest.UnrolledLinkedList2023_sub_10_0_Test" time="0"/>
  <testcase name="test_4417" classname="net.mooctest.UnrolledLinkedList2023_sub_10_0_Test" time="0"/>
  <testcase name="test_4639" classname="net.mooctest.UnrolledLinkedList2023_sub_10_0_Test" time="0"/>
  <testcase name="test_4642" classname="net.mooctest.UnrolledLinkedList2023_sub_10_0_Test" time="0"/>
  <testcase name="test_4645" classname="net.mooctest.UnrolledLinkedList2023_sub_10_0_Test" time="0"/>
  <testcase name="test_4646" classname="net.mooctest.UnrolledLinkedList2023_sub_10_0_Test" time="0"/>
  <testcase name="test_4648" classname="net.mooctest.UnrolledLinkedList2023_sub_10_0_Test" time="0"/>
  <testcase name="test_4649" classname="net.mooctest.UnrolledLinkedList2023_sub_10_0_Test" time="0"/>
  <testcase name="test_4651" classname="net.mooctest.UnrolledLinkedList2023_sub_10_0_Test" time="0"/>
  <testcase name="test_4743" classname="net.mooctest.UnrolledLinkedList2023_sub_10_0_Test" time="0"/>
  <testcase name="test_4779" classname="net.mooctest.UnrolledLinkedList2023_sub_10_0_Test" time="0"/>
  <testcase name="test_4780" classname="net.mooctest.UnrolledLinkedList2023_sub_10_0_Test" time="0">
    <error type="java.lang.NullPointerException">java.lang.NullPointerException
	at net.mooctest.UnrolledLinkedList2023_sub_10_0_Test.test_4780(UnrolledLinkedList2023_sub_10_0_Test.java:2438)
</error>
  </testcase>
  <testcase name="test_4816" classname="net.mooctest.UnrolledLinkedList2023_sub_10_0_Test" time="0"/>
  <testcase name="test_4821" classname="net.mooctest.UnrolledLinkedList2023_sub_10_0_Test" time="0"/>
  <testcase name="test_4823" classname="net.mooctest.UnrolledLinkedList2023_sub_10_0_Test" time="0"/>
  <testcase name="test_4842" classname="net.mooctest.UnrolledLinkedList2023_sub_10_0_Test" time="0"/>
  <testcase name="test_4848" classname="net.mooctest.UnrolledLinkedList2023_sub_10_0_Test" time="0"/>
  <testcase name="test_4943" classname="net.mooctest.UnrolledLinkedList2023_sub_10_0_Test" time="0"/>
  <testcase name="test_4960" classname="net.mooctest.UnrolledLinkedList2023_sub_10_0_Test" time="0.001"/>
  <testcase name="test_4961" classname="net.mooctest.UnrolledLinkedList2023_sub_10_0_Test" time="0"/>
  <testcase name="test_5019" classname="net.mooctest.UnrolledLinkedList2023_sub_10_0_Test" time="0"/>
  <testcase name="test_5095" classname="net.mooctest.UnrolledLinkedList2023_sub_10_0_Test" time="0"/>
  <testcase name="test_5098" classname="net.mooctest.UnrolledLinkedList2023_sub_10_0_Test" time="0"/>
  <testcase name="test_5112" classname="net.mooctest.UnrolledLinkedList2023_sub_10_0_Test" time="0"/>
  <testcase name="test_5119" classname="net.mooctest.UnrolledLinkedList2023_sub_10_0_Test" time="0"/>
  <testcase name="test_5120" classname="net.mooctest.UnrolledLinkedList2023_sub_10_0_Test" time="0"/>
  <testcase name="test_5121" classname="net.mooctest.UnrolledLinkedList2023_sub_10_0_Test" time="0"/>
  <testcase name="test_5124" classname="net.mooctest.UnrolledLinkedList2023_sub_10_0_Test" time="0"/>
  <testcase name="test_5127" classname="net.mooctest.UnrolledLinkedList2023_sub_10_0_Test" time="0"/>
  <testcase name="test_5199" classname="net.mooctest.UnrolledLinkedList2023_sub_10_0_Test" time="0">
    <error type="java.lang.NullPointerException">java.lang.NullPointerException
	at net.mooctest.UnrolledLinkedList2023_sub_10_0_Test.test_5199(UnrolledLinkedList2023_sub_10_0_Test.java:5620)
</error>
  </testcase>
  <testcase name="test_5208" classname="net.mooctest.UnrolledLinkedList2023_sub_10_0_Test" time="0"/>
  <testcase name="test_5209" classname="net.mooctest.UnrolledLinkedList2023_sub_10_0_Test" time="0"/>
  <testcase name="test_5210" classname="net.mooctest.UnrolledLinkedList2023_sub_10_0_Test" time="0"/>
  <testcase name="test_5211" classname="net.mooctest.UnrolledLinkedList2023_sub_10_0_Test" time="0"/>
  <testcase name="test_5212" classname="net.mooctest.UnrolledLinkedList2023_sub_10_0_Test" time="0"/>
  <testcase name="test_5213" classname="net.mooctest.UnrolledLinkedList2023_sub_10_0_Test" time="0"/>
  <testcase name="test_5214" classname="net.mooctest.UnrolledLinkedList2023_sub_10_0_Test" time="0"/>
  <testcase name="test_5301" classname="net.mooctest.UnrolledLinkedList2023_sub_10_0_Test" time="0"/>
  <testcase name="test_5326" classname="net.mooctest.UnrolledLinkedList2023_sub_10_0_Test" time="0"/>
  <testcase name="test_5361" classname="net.mooctest.UnrolledLinkedList2023_sub_10_0_Test" time="0"/>
  <testcase name="test_5364" classname="net.mooctest.UnrolledLinkedList2023_sub_10_0_Test" time="0"/>
  <testcase name="test_5366" classname="net.mooctest.UnrolledLinkedList2023_sub_10_0_Test" time="0"/>
  <testcase name="test_5388" classname="net.mooctest.UnrolledLinkedList2023_sub_10_0_Test" time="0"/>
  <testcase name="test_5389" classname="net.mooctest.UnrolledLinkedList2023_sub_10_0_Test" time="0"/>
  <testcase name="test_5415" classname="net.mooctest.UnrolledLinkedList2023_sub_10_0_Test" time="0"/>
  <testcase name="test_5416" classname="net.mooctest.UnrolledLinkedList2023_sub_10_0_Test" time="0"/>
  <testcase name="test_5417" classname="net.mooctest.UnrolledLinkedList2023_sub_10_0_Test" time="0"/>
  <testcase name="test_5421" classname="net.mooctest.UnrolledLinkedList2023_sub_10_0_Test" time="0"/>
  <testcase name="test_5495" classname="net.mooctest.UnrolledLinkedList2023_sub_10_0_Test" time="0"/>
  <testcase name="test_5526" classname="net.mooctest.UnrolledLinkedList2023_sub_10_0_Test" time="0"/>
  <testcase name="test_5531" classname="net.mooctest.UnrolledLinkedList2023_sub_10_0_Test" time="0"/>
  <testcase name="test_5546" classname="net.mooctest.UnrolledLinkedList2023_sub_10_0_Test" time="0"/>
  <testcase name="test_5555" classname="net.mooctest.UnrolledLinkedList2023_sub_10_0_Test" time="0"/>
  <testcase name="test_5614" classname="net.mooctest.UnrolledLinkedList2023_sub_10_0_Test" time="0"/>
  <testcase name="test_5667" classname="net.mooctest.UnrolledLinkedList2023_sub_10_0_Test" time="0"/>
  <testcase name="test_5683" classname="net.mooctest.UnrolledLinkedList2023_sub_10_0_Test" time="0"/>
  <testcase name="test_5685" classname="net.mooctest.UnrolledLinkedList2023_sub_10_0_Test" time="0"/>
  <testcase name="test_5697" classname="net.mooctest.UnrolledLinkedList2023_sub_10_0_Test" time="0">
    <error type="java.lang.NullPointerException">java.lang.NullPointerException
	at net.mooctest.UnrolledLinkedList2023_sub_10_0_Test.test_5697(UnrolledLinkedList2023_sub_10_0_Test.java:4801)
</error>
  </testcase>
  <testcase name="test_5771" classname="net.mooctest.UnrolledLinkedList2023_sub_10_0_Test" time="0"/>
  <testcase name="test_5773" classname="net.mooctest.UnrolledLinkedList2023_sub_10_0_Test" time="0"/>
  <testcase name="test_5799" classname="net.mooctest.UnrolledLinkedList2023_sub_10_0_Test" time="0"/>
  <testcase name="test_5963" classname="net.mooctest.UnrolledLinkedList2023_sub_10_0_Test" time="0"/>
  <testcase name="test_6053" classname="net.mooctest.UnrolledLinkedList2023_sub_10_0_Test" time="0"/>
  <testcase name="test_6054" classname="net.mooctest.UnrolledLinkedList2023_sub_10_0_Test" time="0"/>
  <testcase name="test_6064" classname="net.mooctest.UnrolledLinkedList2023_sub_10_0_Test" time="0"/>
  <testcase name="test_6079" classname="net.mooctest.UnrolledLinkedList2023_sub_10_0_Test" time="0"/>
  <testcase name="test_6090" classname="net.mooctest.UnrolledLinkedList2023_sub_10_0_Test" time="0"/>
  <testcase name="test_6101" classname="net.mooctest.UnrolledLinkedList2023_sub_10_0_Test" time="0"/>
  <testcase name="test_6110" classname="net.mooctest.UnrolledLinkedList2023_sub_10_0_Test" time="0"/>
  <testcase name="test_6129" classname="net.mooctest.UnrolledLinkedList2023_sub_10_0_Test" time="0"/>
  <testcase name="test_6132" classname="net.mooctest.UnrolledLinkedList2023_sub_10_0_Test" time="0"/>
  <testcase name="test_6133" classname="net.mooctest.UnrolledLinkedList2023_sub_10_0_Test" time="0"/>
  <testcase name="test_6134" classname="net.mooctest.UnrolledLinkedList2023_sub_10_0_Test" time="0"/>
  <testcase name="test_6135" classname="net.mooctest.UnrolledLinkedList2023_sub_10_0_Test" time="0.001"/>
  <testcase name="test_6331" classname="net.mooctest.UnrolledLinkedList2023_sub_10_0_Test" time="0"/>
  <testcase name="test_6348" classname="net.mooctest.UnrolledLinkedList2023_sub_10_0_Test" time="0"/>
  <testcase name="test_6363" classname="net.mooctest.UnrolledLinkedList2023_sub_10_0_Test" time="0"/>
  <testcase name="test_6364" classname="net.mooctest.UnrolledLinkedList2023_sub_10_0_Test" time="0"/>
  <testcase name="test_6370" classname="net.mooctest.UnrolledLinkedList2023_sub_10_0_Test" time="0"/>
  <testcase name="test_6380" classname="net.mooctest.UnrolledLinkedList2023_sub_10_0_Test" time="0"/>
  <testcase name="test_6381" classname="net.mooctest.UnrolledLinkedList2023_sub_10_0_Test" time="0"/>
  <testcase name="test_6384" classname="net.mooctest.UnrolledLinkedList2023_sub_10_0_Test" time="0"/>
  <testcase name="test_6395" classname="net.mooctest.UnrolledLinkedList2023_sub_10_0_Test" time="0"/>
  <testcase name="test_6399" classname="net.mooctest.UnrolledLinkedList2023_sub_10_0_Test" time="0"/>
  <testcase name="test_6400" classname="net.mooctest.UnrolledLinkedList2023_sub_10_0_Test" time="0"/>
  <testcase name="test_6479" classname="net.mooctest.UnrolledLinkedList2023_sub_10_0_Test" time="0"/>
  <testcase name="test_6730" classname="net.mooctest.UnrolledLinkedList2023_sub_10_0_Test" time="0"/>
  <testcase name="test_6836" classname="net.mooctest.UnrolledLinkedList2023_sub_10_0_Test" time="0"/>
  <testcase name="test_6845" classname="net.mooctest.UnrolledLinkedList2023_sub_10_0_Test" time="0"/>
  <testcase name="test_6848" classname="net.mooctest.UnrolledLinkedList2023_sub_10_0_Test" time="0"/>
  <testcase name="test_6877" classname="net.mooctest.UnrolledLinkedList2023_sub_10_0_Test" time="0"/>
  <testcase name="test_6878" classname="net.mooctest.UnrolledLinkedList2023_sub_10_0_Test" time="0"/>
  <testcase name="test_6900" classname="net.mooctest.UnrolledLinkedList2023_sub_10_0_Test" time="0"/>
  <testcase name="test_6904" classname="net.mooctest.UnrolledLinkedList2023_sub_10_0_Test" time="0"/>
  <testcase name="test_6905" classname="net.mooctest.UnrolledLinkedList2023_sub_10_0_Test" time="0">
    <error type="java.lang.IndexOutOfBoundsException">java.lang.IndexOutOfBoundsException
	at net.mooctest.UnrolledLinkedList2023_sub_10_0_Test.test_6905(UnrolledLinkedList2023_sub_10_0_Test.java:1848)
</error>
  </testcase>
  <testcase name="test_6913" classname="net.mooctest.UnrolledLinkedList2023_sub_10_0_Test" time="0"/>
  <testcase name="test_6916" classname="net.mooctest.UnrolledLinkedList2023_sub_10_0_Test" time="0"/>
  <testcase name="test_6921" classname="net.mooctest.UnrolledLinkedList2023_sub_10_0_Test" time="0"/>
  <testcase name="test_6931" classname="net.mooctest.UnrolledLinkedList2023_sub_10_0_Test" time="0.001"/>
  <testcase name="test_102" classname="net.mooctest.UnrolledLinkedList2023_sub_10_0_Test" time="0"/>
  <testcase name="test_105" classname="net.mooctest.UnrolledLinkedList2023_sub_10_0_Test" time="0"/>
  <testcase name="test_106" classname="net.mooctest.UnrolledLinkedList2023_sub_10_0_Test" time="0"/>
  <testcase name="test_109" classname="net.mooctest.UnrolledLinkedList2023_sub_10_0_Test" time="0"/>
  <testcase name="test_110" classname="net.mooctest.UnrolledLinkedList2023_sub_10_0_Test" time="0"/>
  <testcase name="test_115" classname="net.mooctest.UnrolledLinkedList2023_sub_10_0_Test" time="0"/>
  <testcase name="test_116" classname="net.mooctest.UnrolledLinkedList2023_sub_10_0_Test" time="0"/>
  <testcase name="test_117" classname="net.mooctest.UnrolledLinkedList2023_sub_10_0_Test" time="0"/>
  <testcase name="test_119" classname="net.mooctest.UnrolledLinkedList2023_sub_10_0_Test" time="0"/>
  <testcase name="test_120" classname="net.mooctest.UnrolledLinkedList2023_sub_10_0_Test" time="0"/>
  <testcase name="test_123" classname="net.mooctest.UnrolledLinkedList2023_sub_10_0_Test" time="0"/>
  <testcase name="test_124" classname="net.mooctest.UnrolledLinkedList2023_sub_10_0_Test" time="0"/>
  <testcase name="test_125" classname="net.mooctest.UnrolledLinkedList2023_sub_10_0_Test" time="0"/>
  <testcase name="test_126" classname="net.mooctest.UnrolledLinkedList2023_sub_10_0_Test" time="0"/>
  <testcase name="test_127" classname="net.mooctest.UnrolledLinkedList2023_sub_10_0_Test" time="0"/>
  <testcase name="test_128" classname="net.mooctest.UnrolledLinkedList2023_sub_10_0_Test" time="0"/>
  <testcase name="test_129" classname="net.mooctest.UnrolledLinkedList2023_sub_10_0_Test" time="0"/>
  <testcase name="test_130" classname="net.mooctest.UnrolledLinkedList2023_sub_10_0_Test" time="0"/>
  <testcase name="test_132" classname="net.mooctest.UnrolledLinkedList2023_sub_10_0_Test" time="0"/>
  <testcase name="test_142" classname="net.mooctest.UnrolledLinkedList2023_sub_10_0_Test" time="0"/>
  <testcase name="test_144" classname="net.mooctest.UnrolledLinkedList2023_sub_10_0_Test" time="0"/>
  <testcase name="test_150" classname="net.mooctest.UnrolledLinkedList2023_sub_10_0_Test" time="0"/>
  <testcase name="test_153" classname="net.mooctest.UnrolledLinkedList2023_sub_10_0_Test" time="0"/>
  <testcase name="test_160" classname="net.mooctest.UnrolledLinkedList2023_sub_10_0_Test" time="0"/>
  <testcase name="test_161" classname="net.mooctest.UnrolledLinkedList2023_sub_10_0_Test" time="0"/>
  <testcase name="test_165" classname="net.mooctest.UnrolledLinkedList2023_sub_10_0_Test" time="0"/>
  <testcase name="test_171" classname="net.mooctest.UnrolledLinkedList2023_sub_10_0_Test" time="0"/>
  <testcase name="test_172" classname="net.mooctest.UnrolledLinkedList2023_sub_10_0_Test" time="0"/>
  <testcase name="test_174" classname="net.mooctest.UnrolledLinkedList2023_sub_10_0_Test" time="0"/>
  <testcase name="test_180" classname="net.mooctest.UnrolledLinkedList2023_sub_10_0_Test" time="0"/>
  <testcase name="test_182" classname="net.mooctest.UnrolledLinkedList2023_sub_10_0_Test" time="0"/>
  <testcase name="test_192" classname="net.mooctest.UnrolledLinkedList2023_sub_10_0_Test" time="0"/>
  <testcase name="test_197" classname="net.mooctest.UnrolledLinkedList2023_sub_10_0_Test" time="0"/>
  <testcase name="test_199" classname="net.mooctest.UnrolledLinkedList2023_sub_10_0_Test" time="0"/>
  <testcase name="test_201" classname="net.mooctest.UnrolledLinkedList2023_sub_10_0_Test" time="0"/>
  <testcase name="test_224" classname="net.mooctest.UnrolledLinkedList2023_sub_10_0_Test" time="0"/>
  <testcase name="test_233" classname="net.mooctest.UnrolledLinkedList2023_sub_10_0_Test" time="0"/>
  <testcase name="test_236" classname="net.mooctest.UnrolledLinkedList2023_sub_10_0_Test" time="0"/>
  <testcase name="test_255" classname="net.mooctest.UnrolledLinkedList2023_sub_10_0_Test" time="0"/>
  <testcase name="test_256" classname="net.mooctest.UnrolledLinkedList2023_sub_10_0_Test" time="0"/>
  <testcase name="test_264" classname="net.mooctest.UnrolledLinkedList2023_sub_10_0_Test" time="0"/>
  <testcase name="test_286" classname="net.mooctest.UnrolledLinkedList2023_sub_10_0_Test" time="0"/>
  <testcase name="test_404" classname="net.mooctest.UnrolledLinkedList2023_sub_10_0_Test" time="0"/>
  <testcase name="test_406" classname="net.mooctest.UnrolledLinkedList2023_sub_10_0_Test" time="0"/>
  <testcase name="test_410" classname="net.mooctest.UnrolledLinkedList2023_sub_10_0_Test" time="0"/>
  <testcase name="test_412" classname="net.mooctest.UnrolledLinkedList2023_sub_10_0_Test" time="0"/>
  <testcase name="test_416" classname="net.mooctest.UnrolledLinkedList2023_sub_10_0_Test" time="0"/>
  <testcase name="test_422" classname="net.mooctest.UnrolledLinkedList2023_sub_10_0_Test" time="0"/>
  <testcase name="test_471" classname="net.mooctest.UnrolledLinkedList2023_sub_10_0_Test" time="0"/>
  <testcase name="test_582" classname="net.mooctest.UnrolledLinkedList2023_sub_10_0_Test" time="0"/>
  <testcase name="test_600" classname="net.mooctest.UnrolledLinkedList2023_sub_10_0_Test" time="0"/>
  <testcase name="test_699" classname="net.mooctest.UnrolledLinkedList2023_sub_10_0_Test" time="0"/>
  <testcase name="test_851" classname="net.mooctest.UnrolledLinkedList2023_sub_10_0_Test" time="0"/>
  <testcase name="test_853" classname="net.mooctest.UnrolledLinkedList2023_sub_10_0_Test" time="0"/>
  <testcase name="test_857" classname="net.mooctest.UnrolledLinkedList2023_sub_10_0_Test" time="0"/>
  <testcase name="test_858" classname="net.mooctest.UnrolledLinkedList2023_sub_10_0_Test" time="0"/>
  <testcase name="test_864" classname="net.mooctest.UnrolledLinkedList2023_sub_10_0_Test" time="0"/>
  <testcase name="test_878" classname="net.mooctest.UnrolledLinkedList2023_sub_10_0_Test" time="0"/>
  <testcase name="test_880" classname="net.mooctest.UnrolledLinkedList2023_sub_10_0_Test" time="0"/>
  <testcase name="test_895" classname="net.mooctest.UnrolledLinkedList2023_sub_10_0_Test" time="0"/>
  <testcase name="test_897" classname="net.mooctest.UnrolledLinkedList2023_sub_10_0_Test" time="0"/>
  <testcase name="test_898" classname="net.mooctest.UnrolledLinkedList2023_sub_10_0_Test" time="0"/>
  <testcase name="test_899" classname="net.mooctest.UnrolledLinkedList2023_sub_10_0_Test" time="0"/>
  <testcase name="test_911" classname="net.mooctest.UnrolledLinkedList2023_sub_10_0_Test" time="0.001"/>
  <testcase name="test_0" classname="net.mooctest.UnrolledLinkedList2023_sub_10_0_Test" time="0"/>
  <testcase name="test_1" classname="net.mooctest.UnrolledLinkedList2023_sub_10_0_Test" time="0"/>
  <testcase name="test_2" classname="net.mooctest.UnrolledLinkedList2023_sub_10_0_Test" time="0"/>
  <testcase name="test_3" classname="net.mooctest.UnrolledLinkedList2023_sub_10_0_Test" time="0"/>
  <testcase name="test_4" classname="net.mooctest.UnrolledLinkedList2023_sub_10_0_Test" time="0"/>
  <testcase name="test_5" classname="net.mooctest.UnrolledLinkedList2023_sub_10_0_Test" time="0"/>
  <testcase name="test_9" classname="net.mooctest.UnrolledLinkedList2023_sub_10_0_Test" time="0"/>
</testsuite>