-------------------------------------------------------------------------------
Test set: net.mooctest.PalindromicPartitioning_Test
-------------------------------------------------------------------------------
Tests run: 1, Failures: 1, Errors: 0, Skipped: 0, Time elapsed: 0 s <<< FAILURE! - in net.mooctest.PalindromicPartitioning_Test
testMinimalPartitions  Time elapsed: 0 s  <<< FAILURE!
org.opentest4j.AssertionFailedError: expected: <1> but was: <0>
	at net.mooctest.PalindromicPartitioning_Test.testMinimalPartitions(PalindromicPartitioning_Test.java:13)

