-------------------------------------------------------------------------------
Test set: net.mooctest.OptimalJobScheduling_Test
-------------------------------------------------------------------------------
Tests run: 2, Failures: 1, Errors: 0, Skipped: 0, Time elapsed: 0.002 s <<< FAILURE! - in net.mooctest.OptimalJobScheduling_Test
testLargerCase  Time elapsed: 0.001 s  <<< FAILURE!
org.opentest4j.AssertionFailedError: expected: <6> but was: <5>
	at net.mooctest.OptimalJobScheduling_Test.testLargerCase(OptimalJobScheduling_Test.java:44)

