-------------------------------------------------------------------------------
Test set: net.mooctest.InverseOfMatrix_Test
-------------------------------------------------------------------------------
Tests run: 1, Failures: 1, Errors: 0, Skipped: 0, Time elapsed: 0.041 s <<< FAILURE! - in net.mooctest.InverseOfMatrix_Test
testInvert  Time elapsed: 0.034 s  <<< FAILURE!
org.opentest4j.AssertionFailedError: expected: <-5.0> but was: <5.0000000000000195>
	at net.mooctest.InverseOfMatrix_Test.testInvert(InverseOfMatrix_Test.java:28)

