-------------------------------------------------------------------------------
Test set: net.mooctest.MedianOfRunningArray_Test
-------------------------------------------------------------------------------
Tests run: 2, Failures: 0, Errors: 1, Skipped: 0, Time elapsed: 0 s <<< FAILURE! - in net.mooctest.MedianOfRunningArray_Test
testMedianEmpty  Time elapsed: 0 s  <<< ERROR!
java.lang.IllegalArgumentException: Enter at least 1 element, Median of empty list is not defined!
	at net.mooctest.MedianOfRunningArray_Test.testMedianEmpty(MedianOfRunningArray_Test.java:57)

