-------------------------------------------------------------------------------
Test set: net.mooctest.PartitionProblem_Test
-------------------------------------------------------------------------------
Tests run: 1, Failures: 1, Errors: 0, Skipped: 0, Time elapsed: 0.001 s <<< FAILURE! - in net.mooctest.PartitionProblem_Test
testPartition  Time elapsed: 0 s  <<< FAILURE!
org.opentest4j.AssertionFailedError: expected: <false> but was: <true>
	at net.mooctest.PartitionProblem_Test.testPartition(PartitionProblem_Test.java:19)

