-------------------------------------------------------------------------------
Test set: net.mooctest.SubsetCount_Test
-------------------------------------------------------------------------------
Tests run: 2, Failures: 1, Errors: 0, Skipped: 0, Time elapsed: 0 s <<< FAILURE! - in net.mooctest.SubsetCount_Test
testGetCount  Time elapsed: 0 s  <<< FAILURE!
org.opentest4j.AssertionFailedError: expected: <3> but was: <5>
	at net.mooctest.SubsetCount_Test.testGetCount(SubsetCount_Test.java:16)

