-------------------------------------------------------------------------------
Test set: net.mooctest.HorspoolSearch_Test
-------------------------------------------------------------------------------
Tests run: 5, Failures: 1, Errors: 0, Skipped: 0, Time elapsed: 0.003 s <<< FAILURE! - in net.mooctest.HorspoolSearch_Test
testFindFirstInsensitive  Time elapsed: 0 s  <<< FAILURE!
org.opentest4j.AssertionFailedError: expected: <6> but was: <-1>
	at net.mooctest.HorspoolSearch_Test.testFindFirstInsensitive(HorspoolSearch_Test.java:49)

