-------------------------------------------------------------------------------
Test set: net.mooctest.MirrorOfMatrix_Test
-------------------------------------------------------------------------------
Tests run: 5, Failures: 0, Errors: 2, Skipped: 0, Time elapsed: 0.003 s <<< FAILURE! - in net.mooctest.MirrorOfMatrix_Test
testEmptyMatrix  Time elapsed: 0.001 s  <<< ERROR!
java.lang.ArrayIndexOutOfBoundsException: Index 0 out of bounds for length 0
	at net.mooctest.MirrorOfMatrix_Test.testEmptyMatrix(MirrorOfMatrix_Test.java:23)

testInvalidMatrixInput  Time elapsed: 0 s  <<< ERROR!
java.lang.IllegalArgumentException: The input is not a matrix.
	at net.mooctest.MirrorOfMatrix_Test.testInvalidMatrixInput(MirrorOfMatrix_Test.java:58)

