<?xml version="1.0" encoding="UTF-8"?>
<testsuite xmlns:xsi="http://www.w3.org/2001/XMLSchema-instance" xsi:noNamespaceSchemaLocation="https://maven.apache.org/surefire/maven-surefire-plugin/xsd/surefire-test-report.xsd" name="net.mooctest.HammingDistance_Test" time="0.003" tests="5" errors="0" skipped="0" failures="1">
  <properties>
[...]
</properties>
  <testcase name="testEqualStrings" classname="net.mooctest.HammingDistance_Test" time="0"/>
  <testcase name="testEmptyStrings" classname="net.mooctest.HammingDistance_Test" time="0"/>
  <testcase name="testNullStrings" classname="net.mooctest.HammingDistance_Test" time="0"/>
  <testcase name="testDifferentLengthStrings" classname="net.mooctest.HammingDistance_Test" time="0"/>
  <testcase name="testDifferentStrings" classname="net.mooctest.HammingDistance_Test" time="0.001">
    <failure message="expected: &lt;2&gt; but was: &lt;1&gt;" type="org.opentest4j.AssertionFailedError"><![CDATA[org.opentest4j.AssertionFailedError: expected: <2> but was: <1>
	at net.mooctest.HammingDistance_Test.testDifferentStrings(HammingDistance_Test.java:25)
]]></failure>
  </testcase>
</testsuite>