-------------------------------------------------------------------------------
Test set: net.mooctest.Othello_sub_10_28_Test
-------------------------------------------------------------------------------
Tests run: 1, Failures: 1, Errors: 0, Skipped: 0, Time elapsed: 0 s <<< FAILURE! - in net.mooctest.Othello_sub_10_28_Test
test_8170(net.mooctest.Othello_sub_10_28_Test)  Time elapsed: 0 s  <<< FAILURE!
java.lang.AssertionError: Expecting exception: ArrayIndexOutOfBoundsException
	at net.mooctest.Othello_sub_10_28_Test.test_8170(Othello_sub_10_28_Test.java:99)

