<?xml version="1.0" encoding="UTF-8"?>
<testsuite xmlns:xsi="http://www.w3.org/2001/XMLSchema-instance" xsi:noNamespaceSchemaLocation="https://maven.apache.org/surefire/maven-surefire-plugin/xsd/surefire-test-report.xsd" name="net.mooctest.Othello_sub_10_0_Test" time="0.051" tests="147" errors="0" skipped="0" failures="1">
  <properties>
[...]
</properties>
  <testcase name="test_21" classname="net.mooctest.Othello_sub_10_0_Test" time="0"/>
  <testcase name="test_23" classname="net.mooctest.Othello_sub_10_0_Test" time="0"/>
  <testcase name="test_36" classname="net.mooctest.Othello_sub_10_0_Test" time="0"/>
  <testcase name="test_37" classname="net.mooctest.Othello_sub_10_0_Test" time="0.001"/>
  <testcase name="test_42" classname="net.mooctest.Othello_sub_10_0_Test" time="0.003"/>
  <testcase name="test_47" classname="net.mooctest.Othello_sub_10_0_Test" time="0"/>
  <testcase name="test_89" classname="net.mooctest.Othello_sub_10_0_Test" time="0"/>
  <testcase name="test_1007" classname="net.mooctest.Othello_sub_10_0_Test" time="0"/>
  <testcase name="test_1008" classname="net.mooctest.Othello_sub_10_0_Test" time="0"/>
  <testcase name="test_1009" classname="net.mooctest.Othello_sub_10_0_Test" time="0.001"/>
  <testcase name="test_1011" classname="net.mooctest.Othello_sub_10_0_Test" time="0"/>
  <testcase name="test_1160" classname="net.mooctest.Othello_sub_10_0_Test" time="0"/>
  <testcase name="test_1162" classname="net.mooctest.Othello_sub_10_0_Test" time="0"/>
  <testcase name="test_1353" classname="net.mooctest.Othello_sub_10_0_Test" time="0"/>
  <testcase name="test_1472" classname="net.mooctest.Othello_sub_10_0_Test" time="0"/>
  <testcase name="test_1473" classname="net.mooctest.Othello_sub_10_0_Test" time="0"/>
  <testcase name="test_1628" classname="net.mooctest.Othello_sub_10_0_Test" time="0"/>
  <testcase name="test_1686" classname="net.mooctest.Othello_sub_10_0_Test" time="0"/>
  <testcase name="test_1689" classname="net.mooctest.Othello_sub_10_0_Test" time="0"/>
  <testcase name="test_1779" classname="net.mooctest.Othello_sub_10_0_Test" time="0"/>
  <testcase name="test_1780" classname="net.mooctest.Othello_sub_10_0_Test" time="0"/>
  <testcase name="test_1801" classname="net.mooctest.Othello_sub_10_0_Test" time="0"/>
  <testcase name="test_1892" classname="net.mooctest.Othello_sub_10_0_Test" time="0"/>
  <testcase name="test_1893" classname="net.mooctest.Othello_sub_10_0_Test" time="0.001"/>
  <testcase name="test_2014" classname="net.mooctest.Othello_sub_10_0_Test" time="0"/>
  <testcase name="test_2040" classname="net.mooctest.Othello_sub_10_0_Test" time="0"/>
  <testcase name="test_2041" classname="net.mooctest.Othello_sub_10_0_Test" time="0"/>
  <testcase name="test_2128" classname="net.mooctest.Othello_sub_10_0_Test" time="0"/>
  <testcase name="test_2641" classname="net.mooctest.Othello_sub_10_0_Test" time="0"/>
  <testcase name="test_2881" classname="net.mooctest.Othello_sub_10_0_Test" time="0"/>
  <testcase name="test_2917" classname="net.mooctest.Othello_sub_10_0_Test" time="0"/>
  <testcase name="test_2924" classname="net.mooctest.Othello_sub_10_0_Test" time="0"/>
  <testcase name="test_2930" classname="net.mooctest.Othello_sub_10_0_Test" time="0"/>
  <testcase name="test_3195" classname="net.mooctest.Othello_sub_10_0_Test" time="0"/>
  <testcase name="test_3233" classname="net.mooctest.Othello_sub_10_0_Test" time="0"/>
  <testcase name="test_3418" classname="net.mooctest.Othello_sub_10_0_Test" time="0"/>
  <testcase name="test_3568" classname="net.mooctest.Othello_sub_10_0_Test" time="0"/>
  <testcase name="test_3587" classname="net.mooctest.Othello_sub_10_0_Test" time="0.001"/>
  <testcase name="test_3601" classname="net.mooctest.Othello_sub_10_0_Test" time="0"/>
  <testcase name="test_3603" classname="net.mooctest.Othello_sub_10_0_Test" time="0"/>
  <testcase name="test_3608" classname="net.mooctest.Othello_sub_10_0_Test" time="0"/>
  <testcase name="test_3609" classname="net.mooctest.Othello_sub_10_0_Test" time="0"/>
  <testcase name="test_3610" classname="net.mooctest.Othello_sub_10_0_Test" time="0"/>
  <testcase name="test_3611" classname="net.mooctest.Othello_sub_10_0_Test" time="0"/>
  <testcase name="test_7554" classname="net.mooctest.Othello_sub_10_0_Test" time="0"/>
  <testcase name="test_7606" classname="net.mooctest.Othello_sub_10_0_Test" time="0.01"/>
  <testcase name="test_7608" classname="net.mooctest.Othello_sub_10_0_Test" time="0"/>
  <testcase name="test_7609" classname="net.mooctest.Othello_sub_10_0_Test" time="0.01"/>
  <testcase name="test_7610" classname="net.mooctest.Othello_sub_10_0_Test" time="0.004"/>
  <testcase name="test_7613" classname="net.mooctest.Othello_sub_10_0_Test" time="0"/>
  <testcase name="test_7836" classname="net.mooctest.Othello_sub_10_0_Test" time="0"/>
  <testcase name="test_7924" classname="net.mooctest.Othello_sub_10_0_Test" time="0"/>
  <testcase name="test_7981" classname="net.mooctest.Othello_sub_10_0_Test" time="0"/>
  <testcase name="test_7982" classname="net.mooctest.Othello_sub_10_0_Test" time="0.001"/>
  <testcase name="test_7983" classname="net.mooctest.Othello_sub_10_0_Test" time="0"/>
  <testcase name="test_8012" classname="net.mooctest.Othello_sub_10_0_Test" time="0"/>
  <testcase name="test_8020" classname="net.mooctest.Othello_sub_10_0_Test" time="0"/>
  <testcase name="test_8039" classname="net.mooctest.Othello_sub_10_0_Test" time="0"/>
  <testcase name="test_8326" classname="net.mooctest.Othello_sub_10_0_Test" time="0"/>
  <testcase name="test_8389" classname="net.mooctest.Othello_sub_10_0_Test" time="0"/>
  <testcase name="test_8390" classname="net.mooctest.Othello_sub_10_0_Test" time="0"/>
  <testcase name="test_8391" classname="net.mooctest.Othello_sub_10_0_Test" time="0"/>
  <testcase name="test_8396" classname="net.mooctest.Othello_sub_10_0_Test" time="0"/>
  <testcase name="test_8563" classname="net.mooctest.Othello_sub_10_0_Test" time="0"/>
  <testcase name="test_8578" classname="net.mooctest.Othello_sub_10_0_Test" time="0"/>
  <testcase name="test_8580" classname="net.mooctest.Othello_sub_10_0_Test" time="0"/>
  <testcase name="test_8585" classname="net.mooctest.Othello_sub_10_0_Test" time="0"/>
  <testcase name="test_8601" classname="net.mooctest.Othello_sub_10_0_Test" time="0.001"/>
  <testcase name="test_8605" classname="net.mooctest.Othello_sub_10_0_Test" time="0"/>
  <testcase name="test_8726" classname="net.mooctest.Othello_sub_10_0_Test" time="0"/>
  <testcase name="test_8742" classname="net.mooctest.Othello_sub_10_0_Test" time="0.001"/>
  <testcase name="test_8743" classname="net.mooctest.Othello_sub_10_0_Test" time="0"/>
  <testcase name="test_8744" classname="net.mooctest.Othello_sub_10_0_Test" time="0"/>
  <testcase name="test_8753" classname="net.mooctest.Othello_sub_10_0_Test" time="0"/>
  <testcase name="test_8756" classname="net.mooctest.Othello_sub_10_0_Test" time="0"/>
  <testcase name="test_8824" classname="net.mooctest.Othello_sub_10_0_Test" time="0"/>
  <testcase name="test_9063" classname="net.mooctest.Othello_sub_10_0_Test" time="0"/>
  <testcase name="test_9072" classname="net.mooctest.Othello_sub_10_0_Test" time="0"/>
  <testcase name="test_9107" classname="net.mooctest.Othello_sub_10_0_Test" time="0"/>
  <testcase name="test_9109" classname="net.mooctest.Othello_sub_10_0_Test" time="0"/>
  <testcase name="test_9110" classname="net.mooctest.Othello_sub_10_0_Test" time="0"/>
  <testcase name="test_9247" classname="net.mooctest.Othello_sub_10_0_Test" time="0.001">
    <failure message="expected:&lt;0&gt; but was:&lt;7&gt;" type="java.lang.AssertionError"><![CDATA[java.lang.AssertionError: expected:<0> but was:<7>
	at net.mooctest.Othello_sub_10_0_Test.test_9247(Othello_sub_10_0_Test.java:2100)
]]></failure>
  </testcase>
  <testcase name="test_9249" classname="net.mooctest.Othello_sub_10_0_Test" time="0"/>
  <testcase name="test_9250" classname="net.mooctest.Othello_sub_10_0_Test" time="0.001"/>
  <testcase name="test_9251" classname="net.mooctest.Othello_sub_10_0_Test" time="0"/>
  <testcase name="test_9253" classname="net.mooctest.Othello_sub_10_0_Test" time="0"/>
  <testcase name="test_9254" classname="net.mooctest.Othello_sub_10_0_Test" time="0.001"/>
  <testcase name="test_9385" classname="net.mooctest.Othello_sub_10_0_Test" time="0"/>
  <testcase name="test_9386" classname="net.mooctest.Othello_sub_10_0_Test" time="0"/>
  <testcase name="test_9387" classname="net.mooctest.Othello_sub_10_0_Test" time="0"/>
  <testcase name="test_9388" classname="net.mooctest.Othello_sub_10_0_Test" time="0"/>
  <testcase name="test_9395" classname="net.mooctest.Othello_sub_10_0_Test" time="0"/>
  <testcase name="test_9397" classname="net.mooctest.Othello_sub_10_0_Test" time="0"/>
  <testcase name="test_9616" classname="net.mooctest.Othello_sub_10_0_Test" time="0.001"/>
  <testcase name="test_9808" classname="net.mooctest.Othello_sub_10_0_Test" time="0"/>
  <testcase name="test_9817" classname="net.mooctest.Othello_sub_10_0_Test" time="0"/>
  <testcase name="test_9829" classname="net.mooctest.Othello_sub_10_0_Test" time="0"/>
  <testcase name="test_9940" classname="net.mooctest.Othello_sub_10_0_Test" time="0"/>
  <testcase name="test_119" classname="net.mooctest.Othello_sub_10_0_Test" time="0"/>
  <testcase name="test_120" classname="net.mooctest.Othello_sub_10_0_Test" time="0"/>
  <testcase name="test_126" classname="net.mooctest.Othello_sub_10_0_Test" time="0.001"/>
  <testcase name="test_134" classname="net.mooctest.Othello_sub_10_0_Test" time="0"/>
  <testcase name="test_142" classname="net.mooctest.Othello_sub_10_0_Test" time="0"/>
  <testcase name="test_144" classname="net.mooctest.Othello_sub_10_0_Test" time="0"/>
  <testcase name="test_147" classname="net.mooctest.Othello_sub_10_0_Test" time="0"/>
  <testcase name="test_149" classname="net.mooctest.Othello_sub_10_0_Test" time="0.001"/>
  <testcase name="test_159" classname="net.mooctest.Othello_sub_10_0_Test" time="0"/>
  <testcase name="test_160" classname="net.mooctest.Othello_sub_10_0_Test" time="0"/>
  <testcase name="test_207" classname="net.mooctest.Othello_sub_10_0_Test" time="0"/>
  <testcase name="test_401" classname="net.mooctest.Othello_sub_10_0_Test" time="0"/>
  <testcase name="test_403" classname="net.mooctest.Othello_sub_10_0_Test" time="0"/>
  <testcase name="test_404" classname="net.mooctest.Othello_sub_10_0_Test" time="0.001"/>
  <testcase name="test_407" classname="net.mooctest.Othello_sub_10_0_Test" time="0"/>
  <testcase name="test_412" classname="net.mooctest.Othello_sub_10_0_Test" time="0"/>
  <testcase name="test_501" classname="net.mooctest.Othello_sub_10_0_Test" time="0"/>
  <testcase name="test_509" classname="net.mooctest.Othello_sub_10_0_Test" time="0"/>
  <testcase name="test_632" classname="net.mooctest.Othello_sub_10_0_Test" time="0"/>
  <testcase name="test_633" classname="net.mooctest.Othello_sub_10_0_Test" time="0"/>
  <testcase name="test_643" classname="net.mooctest.Othello_sub_10_0_Test" time="0"/>
  <testcase name="test_880" classname="net.mooctest.Othello_sub_10_0_Test" time="0.001"/>
  <testcase name="test_881" classname="net.mooctest.Othello_sub_10_0_Test" time="0"/>
  <testcase name="test_883" classname="net.mooctest.Othello_sub_10_0_Test" time="0.001"/>
  <testcase name="test_0" classname="net.mooctest.Othello_sub_10_0_Test" time="0.001"/>
  <testcase name="test_10110" classname="net.mooctest.Othello_sub_10_0_Test" time="0"/>
  <testcase name="test_10111" classname="net.mooctest.Othello_sub_10_0_Test" time="0.001"/>
  <testcase name="test_10218" classname="net.mooctest.Othello_sub_10_0_Test" time="0"/>
  <testcase name="test_10270" classname="net.mooctest.Othello_sub_10_0_Test" time="0"/>
  <testcase name="test_10285" classname="net.mooctest.Othello_sub_10_0_Test" time="0"/>
  <testcase name="test_10301" classname="net.mooctest.Othello_sub_10_0_Test" time="0"/>
  <testcase name="test_10306" classname="net.mooctest.Othello_sub_10_0_Test" time="0"/>
  <testcase name="test_10375" classname="net.mooctest.Othello_sub_10_0_Test" time="0"/>
  <testcase name="test_10400" classname="net.mooctest.Othello_sub_10_0_Test" time="0"/>
  <testcase name="test_10597" classname="net.mooctest.Othello_sub_10_0_Test" time="0"/>
  <testcase name="test_10623" classname="net.mooctest.Othello_sub_10_0_Test" time="0"/>
  <testcase name="test_10638" classname="net.mooctest.Othello_sub_10_0_Test" time="0"/>
  <testcase name="test_10648" classname="net.mooctest.Othello_sub_10_0_Test" time="0"/>
  <testcase name="test_10650" classname="net.mooctest.Othello_sub_10_0_Test" time="0"/>
  <testcase name="test_10716" classname="net.mooctest.Othello_sub_10_0_Test" time="0.001"/>
  <testcase name="test_10728" classname="net.mooctest.Othello_sub_10_0_Test" time="0"/>
  <testcase name="test_10737" classname="net.mooctest.Othello_sub_10_0_Test" time="0"/>
  <testcase name="test_10743" classname="net.mooctest.Othello_sub_10_0_Test" time="0"/>
  <testcase name="test_10747" classname="net.mooctest.Othello_sub_10_0_Test" time="0"/>
  <testcase name="test_10868" classname="net.mooctest.Othello_sub_10_0_Test" time="0"/>
  <testcase name="test_10949" classname="net.mooctest.Othello_sub_10_0_Test" time="0"/>
  <testcase name="test_10950" classname="net.mooctest.Othello_sub_10_0_Test" time="0.001"/>
  <testcase name="test_11580" classname="net.mooctest.Othello_sub_10_0_Test" time="0"/>
  <testcase name="test_11582" classname="net.mooctest.Othello_sub_10_0_Test" time="0"/>
</testsuite>